[0.138s] DEBUG:colcon:Command line arguments: ['/usr/bin/colcon', 'build']
[0.138s] DEBUG:colcon:Parsed command line arguments: Namespace(allow_overriding=[], ament_cmake_args=None, base_paths=['.'], build_base='build', catkin_cmake_args=None, catkin_skip_building_tests=False, cmake_args=None, cmake_clean_cache=False, cmake_clean_first=False, cmake_force_configure=False, cmake_target=None, cmake_target_skip_unavailable=False, continue_on_error=False, event_handlers=None, executor='parallel', ignore_user_meta=False, install_base='install', log_base=None, log_level=None, main=<bound method BuildVerb.main of <colcon_core.verb.build.BuildVerb object at 0x7f612e1acc10>>, merge_install=False, metas=['./colcon.meta'], packages_above=None, packages_above_and_dependencies=None, packages_above_depth=None, packages_end=None, packages_ignore=None, packages_ignore_regex=None, packages_select=None, packages_select_build_failed=False, packages_select_by_dep=None, packages_select_regex=None, packages_select_test_failures=False, packages_skip=None, packages_skip_build_finished=False, packages_skip_by_dep=None, packages_skip_regex=None, packages_skip_test_passed=False, packages_skip_up_to=None, packages_start=None, packages_up_to=None, packages_up_to_regex=None, parallel_workers=12, paths=None, symlink_install=False, test_result_base=None, verb_extension=<colcon_core.verb.build.BuildVerb object at 0x7f612e1acc10>, verb_name='build', verb_parser=<colcon_defaults.argument_parser.defaults.DefaultArgumentsDecorator object at 0x7f612e1b51c0>)
[0.143s] Level 1:colcon.colcon_core.package_discovery:discover_packages(colcon_meta) check parameters
[0.143s] Level 1:colcon.colcon_core.package_discovery:discover_packages(recursive) check parameters
[0.143s] Level 1:colcon.colcon_core.package_discovery:discover_packages(ignore) check parameters
[0.143s] Level 1:colcon.colcon_core.package_discovery:discover_packages(path) check parameters
[0.143s] Level 1:colcon.colcon_core.package_discovery:discover_packages(colcon_meta) discover
[0.143s] Level 1:colcon.colcon_core.package_discovery:discover_packages(recursive) discover
[0.143s] INFO:colcon.colcon_core.package_discovery:Crawling recursively for packages in '/home/arvid/Documents/ros2/ws'
[0.143s] Level 1:colcon.colcon_core.package_identification:_identify(.) by extensions ['ignore', 'ignore_ament_install']
[0.144s] Level 1:colcon.colcon_core.package_identification:_identify(.) by extension 'ignore'
[0.144s] Level 1:colcon.colcon_core.package_identification:_identify(.) by extension 'ignore_ament_install'
[0.144s] Level 1:colcon.colcon_core.package_identification:_identify(.) by extensions ['colcon_pkg']
[0.144s] Level 1:colcon.colcon_core.package_identification:_identify(.) by extension 'colcon_pkg'
[0.144s] Level 1:colcon.colcon_core.package_identification:_identify(.) by extensions ['colcon_meta']
[0.144s] Level 1:colcon.colcon_core.package_identification:_identify(.) by extension 'colcon_meta'
[0.145s] Level 1:colcon.colcon_core.package_identification:_identify(.) by extensions ['ros']
[0.145s] Level 1:colcon.colcon_core.package_identification:_identify(.) by extension 'ros'
[0.155s] Level 1:colcon.colcon_core.package_identification:_identify(.) by extensions ['cmake', 'python']
[0.155s] Level 1:colcon.colcon_core.package_identification:_identify(.) by extension 'cmake'
[0.156s] Level 1:colcon.colcon_core.package_identification:_identify(.) by extension 'python'
[0.156s] Level 1:colcon.colcon_core.package_identification:_identify(.) by extensions ['python_setup_py']
[0.156s] Level 1:colcon.colcon_core.package_identification:_identify(.) by extension 'python_setup_py'
[0.156s] Level 1:colcon.colcon_core.package_identification:_identify(build) by extensions ['ignore', 'ignore_ament_install']
[0.156s] Level 1:colcon.colcon_core.package_identification:_identify(build) by extension 'ignore'
[0.156s] Level 1:colcon.colcon_core.package_identification:_identify(build) ignored
[0.156s] Level 1:colcon.colcon_core.package_identification:_identify(install) by extensions ['ignore', 'ignore_ament_install']
[0.156s] Level 1:colcon.colcon_core.package_identification:_identify(install) by extension 'ignore'
[0.156s] Level 1:colcon.colcon_core.package_identification:_identify(install) ignored
[0.156s] Level 1:colcon.colcon_core.package_identification:_identify(log) by extensions ['ignore', 'ignore_ament_install']
[0.156s] Level 1:colcon.colcon_core.package_identification:_identify(log) by extension 'ignore'
[0.157s] Level 1:colcon.colcon_core.package_identification:_identify(log) ignored
[0.157s] Level 1:colcon.colcon_core.package_identification:_identify(src) by extensions ['ignore', 'ignore_ament_install']
[0.157s] Level 1:colcon.colcon_core.package_identification:_identify(src) by extension 'ignore'
[0.157s] Level 1:colcon.colcon_core.package_identification:_identify(src) by extension 'ignore_ament_install'
[0.157s] Level 1:colcon.colcon_core.package_identification:_identify(src) by extensions ['colcon_pkg']
[0.157s] Level 1:colcon.colcon_core.package_identification:_identify(src) by extension 'colcon_pkg'
[0.157s] Level 1:colcon.colcon_core.package_identification:_identify(src) by extensions ['colcon_meta']
[0.157s] Level 1:colcon.colcon_core.package_identification:_identify(src) by extension 'colcon_meta'
[0.157s] Level 1:colcon.colcon_core.package_identification:_identify(src) by extensions ['ros']
[0.157s] Level 1:colcon.colcon_core.package_identification:_identify(src) by extension 'ros'
[0.157s] Level 1:colcon.colcon_core.package_identification:_identify(src) by extensions ['cmake', 'python']
[0.157s] Level 1:colcon.colcon_core.package_identification:_identify(src) by extension 'cmake'
[0.157s] Level 1:colcon.colcon_core.package_identification:_identify(src) by extension 'python'
[0.157s] Level 1:colcon.colcon_core.package_identification:_identify(src) by extensions ['python_setup_py']
[0.157s] Level 1:colcon.colcon_core.package_identification:_identify(src) by extension 'python_setup_py'
[0.157s] Level 1:colcon.colcon_core.package_identification:_identify(src/cpp_srvcli) by extensions ['ignore', 'ignore_ament_install']
[0.158s] Level 1:colcon.colcon_core.package_identification:_identify(src/cpp_srvcli) by extension 'ignore'
[0.158s] Level 1:colcon.colcon_core.package_identification:_identify(src/cpp_srvcli) by extension 'ignore_ament_install'
[0.158s] Level 1:colcon.colcon_core.package_identification:_identify(src/cpp_srvcli) by extensions ['colcon_pkg']
[0.158s] Level 1:colcon.colcon_core.package_identification:_identify(src/cpp_srvcli) by extension 'colcon_pkg'
[0.158s] Level 1:colcon.colcon_core.package_identification:_identify(src/cpp_srvcli) by extensions ['colcon_meta']
[0.158s] Level 1:colcon.colcon_core.package_identification:_identify(src/cpp_srvcli) by extension 'colcon_meta'
[0.158s] Level 1:colcon.colcon_core.package_identification:_identify(src/cpp_srvcli) by extensions ['ros']
[0.158s] Level 1:colcon.colcon_core.package_identification:_identify(src/cpp_srvcli) by extension 'ros'
[0.160s] DEBUG:colcon.colcon_core.package_identification:Package 'src/cpp_srvcli' with type 'ros.ament_cmake' and name 'cpp_srvcli'
[0.160s] Level 1:colcon.colcon_core.package_identification:_identify(src/lidar_cpp) by extensions ['ignore', 'ignore_ament_install']
[0.161s] Level 1:colcon.colcon_core.package_identification:_identify(src/lidar_cpp) by extension 'ignore'
[0.161s] Level 1:colcon.colcon_core.package_identification:_identify(src/lidar_cpp) by extension 'ignore_ament_install'
[0.161s] Level 1:colcon.colcon_core.package_identification:_identify(src/lidar_cpp) by extensions ['colcon_pkg']
[0.161s] Level 1:colcon.colcon_core.package_identification:_identify(src/lidar_cpp) by extension 'colcon_pkg'
[0.161s] Level 1:colcon.colcon_core.package_identification:_identify(src/lidar_cpp) by extensions ['colcon_meta']
[0.161s] Level 1:colcon.colcon_core.package_identification:_identify(src/lidar_cpp) by extension 'colcon_meta'
[0.161s] Level 1:colcon.colcon_core.package_identification:_identify(src/lidar_cpp) by extensions ['ros']
[0.161s] Level 1:colcon.colcon_core.package_identification:_identify(src/lidar_cpp) by extension 'ros'
[0.162s] DEBUG:colcon.colcon_core.package_identification:Package 'src/lidar_cpp' with type 'ros.ament_cmake' and name 'lidar_cpp'
[0.162s] Level 1:colcon.colcon_core.package_discovery:discover_packages(recursive) using defaults
[0.162s] Level 1:colcon.colcon_core.package_discovery:discover_packages(ignore) discover
[0.162s] Level 1:colcon.colcon_core.package_discovery:discover_packages(ignore) using defaults
[0.162s] Level 1:colcon.colcon_core.package_discovery:discover_packages(path) discover
[0.162s] Level 1:colcon.colcon_core.package_discovery:discover_packages(path) using defaults
[0.182s] Level 5:colcon.colcon_core.verb:set package 'cpp_srvcli' build argument 'cmake_args' from command line to 'None'
[0.182s] Level 5:colcon.colcon_core.verb:set package 'cpp_srvcli' build argument 'cmake_target' from command line to 'None'
[0.182s] Level 5:colcon.colcon_core.verb:set package 'cpp_srvcli' build argument 'cmake_target_skip_unavailable' from command line to 'False'
[0.182s] Level 5:colcon.colcon_core.verb:set package 'cpp_srvcli' build argument 'cmake_clean_cache' from command line to 'False'
[0.182s] Level 5:colcon.colcon_core.verb:set package 'cpp_srvcli' build argument 'cmake_clean_first' from command line to 'False'
[0.182s] Level 5:colcon.colcon_core.verb:set package 'cpp_srvcli' build argument 'cmake_force_configure' from command line to 'False'
[0.183s] Level 5:colcon.colcon_core.verb:set package 'cpp_srvcli' build argument 'ament_cmake_args' from command line to 'None'
[0.183s] Level 5:colcon.colcon_core.verb:set package 'cpp_srvcli' build argument 'catkin_cmake_args' from command line to 'None'
[0.183s] Level 5:colcon.colcon_core.verb:set package 'cpp_srvcli' build argument 'catkin_skip_building_tests' from command line to 'False'
[0.183s] DEBUG:colcon.colcon_core.verb:Building package 'cpp_srvcli' with the following arguments: {'ament_cmake_args': None, 'build_base': '/home/arvid/Documents/ros2/ws/build/cpp_srvcli', 'catkin_cmake_args': None, 'catkin_skip_building_tests': False, 'cmake_args': None, 'cmake_clean_cache': False, 'cmake_clean_first': False, 'cmake_force_configure': False, 'cmake_target': None, 'cmake_target_skip_unavailable': False, 'install_base': '/home/arvid/Documents/ros2/ws/install/cpp_srvcli', 'merge_install': False, 'path': '/home/arvid/Documents/ros2/ws/src/cpp_srvcli', 'symlink_install': False, 'test_result_base': None}
[0.184s] Level 5:colcon.colcon_core.verb:set package 'lidar_cpp' build argument 'cmake_args' from command line to 'None'
[0.184s] Level 5:colcon.colcon_core.verb:set package 'lidar_cpp' build argument 'cmake_target' from command line to 'None'
[0.184s] Level 5:colcon.colcon_core.verb:set package 'lidar_cpp' build argument 'cmake_target_skip_unavailable' from command line to 'False'
[0.184s] Level 5:colcon.colcon_core.verb:set package 'lidar_cpp' build argument 'cmake_clean_cache' from command line to 'False'
[0.184s] Level 5:colcon.colcon_core.verb:set package 'lidar_cpp' build argument 'cmake_clean_first' from command line to 'False'
[0.184s] Level 5:colcon.colcon_core.verb:set package 'lidar_cpp' build argument 'cmake_force_configure' from command line to 'False'
[0.184s] Level 5:colcon.colcon_core.verb:set package 'lidar_cpp' build argument 'ament_cmake_args' from command line to 'None'
[0.184s] Level 5:colcon.colcon_core.verb:set package 'lidar_cpp' build argument 'catkin_cmake_args' from command line to 'None'
[0.184s] Level 5:colcon.colcon_core.verb:set package 'lidar_cpp' build argument 'catkin_skip_building_tests' from command line to 'False'
[0.184s] DEBUG:colcon.colcon_core.verb:Building package 'lidar_cpp' with the following arguments: {'ament_cmake_args': None, 'build_base': '/home/arvid/Documents/ros2/ws/build/lidar_cpp', 'catkin_cmake_args': None, 'catkin_skip_building_tests': False, 'cmake_args': None, 'cmake_clean_cache': False, 'cmake_clean_first': False, 'cmake_force_configure': False, 'cmake_target': None, 'cmake_target_skip_unavailable': False, 'install_base': '/home/arvid/Documents/ros2/ws/install/lidar_cpp', 'merge_install': False, 'path': '/home/arvid/Documents/ros2/ws/src/lidar_cpp', 'symlink_install': False, 'test_result_base': None}
[0.187s] INFO:colcon.colcon_core.executor:Executing jobs using 'parallel' executor
[0.189s] DEBUG:colcon.colcon_parallel_executor.executor.parallel:run_until_complete
[0.190s] INFO:colcon.colcon_ros.task.ament_cmake.build:Building ROS package in '/home/arvid/Documents/ros2/ws/src/cpp_srvcli' with build type 'ament_cmake'
[0.190s] INFO:colcon.colcon_cmake.task.cmake.build:Building CMake package in '/home/arvid/Documents/ros2/ws/src/cpp_srvcli'
[0.193s] INFO:colcon.colcon_core.plugin_system:Skipping extension 'colcon_core.shell.bat': Not used on non-Windows systems
[0.194s] INFO:colcon.colcon_core.shell:Skip shell extension 'powershell' for command environment: Not usable outside of PowerShell
[0.194s] DEBUG:colcon.colcon_core.shell:Skip shell extension 'dsv' for command environment
[0.199s] INFO:colcon.colcon_ros.task.ament_cmake.build:Building ROS package in '/home/arvid/Documents/ros2/ws/src/lidar_cpp' with build type 'ament_cmake'
[0.199s] INFO:colcon.colcon_cmake.task.cmake.build:Building CMake package in '/home/arvid/Documents/ros2/ws/src/lidar_cpp'
[0.200s] INFO:colcon.colcon_core.shell:Skip shell extension 'powershell' for command environment: Not usable outside of PowerShell
[0.200s] DEBUG:colcon.colcon_core.shell:Skip shell extension 'dsv' for command environment
[0.215s] DEBUG:colcon.colcon_core.event_handler.log_command:Invoking command in '/home/arvid/Documents/ros2/ws/build/cpp_srvcli': CMAKE_PREFIX_PATH=/opt/ros/galactic /usr/bin/cmake --build /home/arvid/Documents/ros2/ws/build/cpp_srvcli -- -j12 -l12
[0.222s] DEBUG:colcon.colcon_core.event_handler.log_command:Invoking command in '/home/arvid/Documents/ros2/ws/build/lidar_cpp': CMAKE_PREFIX_PATH=/opt/ros/galactic /usr/bin/cmake --build /home/arvid/Documents/ros2/ws/build/lidar_cpp -- -j12 -l12
[0.309s] DEBUG:colcon.colcon_core.event_handler.log_command:Invoked command in '/home/arvid/Documents/ros2/ws/build/cpp_srvcli' returned '0': CMAKE_PREFIX_PATH=/opt/ros/galactic /usr/bin/cmake --build /home/arvid/Documents/ros2/ws/build/cpp_srvcli -- -j12 -l12
[0.367s] DEBUG:colcon.colcon_core.event_handler.log_command:Invoking command in '/home/arvid/Documents/ros2/ws/build/cpp_srvcli': CMAKE_PREFIX_PATH=/opt/ros/galactic /usr/bin/cmake --install /home/arvid/Documents/ros2/ws/build/cpp_srvcli
[0.380s] Level 1:colcon.colcon_core.environment:create_environment_scripts_only(cpp_srvcli)
[0.381s] DEBUG:colcon.colcon_core.event_handler.log_command:Invoked command in '/home/arvid/Documents/ros2/ws/build/cpp_srvcli' returned '0': CMAKE_PREFIX_PATH=/opt/ros/galactic /usr/bin/cmake --install /home/arvid/Documents/ros2/ws/build/cpp_srvcli
[0.386s] Level 1:colcon.colcon_core.environment:checking '/home/arvid/Documents/ros2/ws/install/cpp_srvcli' for CMake module files
[0.387s] Level 1:colcon.colcon_core.environment:checking '/home/arvid/Documents/ros2/ws/install/cpp_srvcli' for CMake config files
[0.387s] Level 1:colcon.colcon_core.shell:create_environment_hook('cpp_srvcli', 'cmake_prefix_path')
[0.388s] INFO:colcon.colcon_core.shell:Creating environment hook '/home/arvid/Documents/ros2/ws/install/cpp_srvcli/share/cpp_srvcli/hook/cmake_prefix_path.ps1'
[0.389s] INFO:colcon.colcon_core.shell:Creating environment descriptor '/home/arvid/Documents/ros2/ws/install/cpp_srvcli/share/cpp_srvcli/hook/cmake_prefix_path.dsv'
[0.389s] INFO:colcon.colcon_core.shell:Creating environment hook '/home/arvid/Documents/ros2/ws/install/cpp_srvcli/share/cpp_srvcli/hook/cmake_prefix_path.sh'
[0.390s] Level 1:colcon.colcon_core.environment:checking '/home/arvid/Documents/ros2/ws/install/cpp_srvcli/lib'
[0.390s] Level 1:colcon.colcon_core.environment:checking '/home/arvid/Documents/ros2/ws/install/cpp_srvcli/bin'
[0.391s] Level 1:colcon.colcon_core.environment:checking '/home/arvid/Documents/ros2/ws/install/cpp_srvcli/lib/pkgconfig/cpp_srvcli.pc'
[0.391s] Level 1:colcon.colcon_core.environment:checking '/home/arvid/Documents/ros2/ws/install/cpp_srvcli/lib/python3.8/site-packages'
[0.391s] INFO:colcon.colcon_core.shell:Creating package script '/home/arvid/Documents/ros2/ws/install/cpp_srvcli/share/cpp_srvcli/package.ps1'
[0.392s] INFO:colcon.colcon_core.shell:Creating package descriptor '/home/arvid/Documents/ros2/ws/install/cpp_srvcli/share/cpp_srvcli/package.dsv'
[0.393s] INFO:colcon.colcon_core.shell:Creating package script '/home/arvid/Documents/ros2/ws/install/cpp_srvcli/share/cpp_srvcli/package.sh'
[0.394s] INFO:colcon.colcon_core.shell:Creating package script '/home/arvid/Documents/ros2/ws/install/cpp_srvcli/share/cpp_srvcli/package.bash'
[0.395s] INFO:colcon.colcon_core.shell:Creating package script '/home/arvid/Documents/ros2/ws/install/cpp_srvcli/share/cpp_srvcli/package.zsh'
[0.396s] Level 1:colcon.colcon_core.environment:create_file_with_runtime_dependencies(/home/arvid/Documents/ros2/ws/install/cpp_srvcli/share/colcon-core/packages/cpp_srvcli)
[0.425s] Level 1:colcon.colcon_core.environment:create_environment_scripts_only(cpp_srvcli)
[0.426s] Level 1:colcon.colcon_core.environment:checking '/home/arvid/Documents/ros2/ws/install/cpp_srvcli' for CMake module files
[0.427s] Level 1:colcon.colcon_core.environment:checking '/home/arvid/Documents/ros2/ws/install/cpp_srvcli' for CMake config files
[0.427s] Level 1:colcon.colcon_core.shell:create_environment_hook('cpp_srvcli', 'cmake_prefix_path')
[0.428s] INFO:colcon.colcon_core.shell:Creating environment hook '/home/arvid/Documents/ros2/ws/install/cpp_srvcli/share/cpp_srvcli/hook/cmake_prefix_path.ps1'
[0.428s] INFO:colcon.colcon_core.shell:Creating environment descriptor '/home/arvid/Documents/ros2/ws/install/cpp_srvcli/share/cpp_srvcli/hook/cmake_prefix_path.dsv'
[0.429s] INFO:colcon.colcon_core.shell:Creating environment hook '/home/arvid/Documents/ros2/ws/install/cpp_srvcli/share/cpp_srvcli/hook/cmake_prefix_path.sh'
[0.429s] Level 1:colcon.colcon_core.environment:checking '/home/arvid/Documents/ros2/ws/install/cpp_srvcli/lib'
[0.429s] Level 1:colcon.colcon_core.environment:checking '/home/arvid/Documents/ros2/ws/install/cpp_srvcli/bin'
[0.429s] Level 1:colcon.colcon_core.environment:checking '/home/arvid/Documents/ros2/ws/install/cpp_srvcli/lib/pkgconfig/cpp_srvcli.pc'
[0.430s] Level 1:colcon.colcon_core.environment:checking '/home/arvid/Documents/ros2/ws/install/cpp_srvcli/lib/python3.8/site-packages'
[0.430s] INFO:colcon.colcon_core.shell:Creating package script '/home/arvid/Documents/ros2/ws/install/cpp_srvcli/share/cpp_srvcli/package.ps1'
[0.431s] INFO:colcon.colcon_core.shell:Creating package descriptor '/home/arvid/Documents/ros2/ws/install/cpp_srvcli/share/cpp_srvcli/package.dsv'
[0.431s] INFO:colcon.colcon_core.shell:Creating package script '/home/arvid/Documents/ros2/ws/install/cpp_srvcli/share/cpp_srvcli/package.sh'
[0.432s] INFO:colcon.colcon_core.shell:Creating package script '/home/arvid/Documents/ros2/ws/install/cpp_srvcli/share/cpp_srvcli/package.bash'
[0.432s] INFO:colcon.colcon_core.shell:Creating package script '/home/arvid/Documents/ros2/ws/install/cpp_srvcli/share/cpp_srvcli/package.zsh'
[0.433s] Level 1:colcon.colcon_core.environment:create_file_with_runtime_dependencies(/home/arvid/Documents/ros2/ws/install/cpp_srvcli/share/colcon-core/packages/cpp_srvcli)
[1.044s] DEBUG:colcon.colcon_core.event_handler.log_command:Invoked command in '/home/arvid/Documents/ros2/ws/build/lidar_cpp' returned '0': CMAKE_PREFIX_PATH=/opt/ros/galactic /usr/bin/cmake --build /home/arvid/Documents/ros2/ws/build/lidar_cpp -- -j12 -l12
[1.077s] DEBUG:colcon.colcon_core.event_handler.log_command:Invoking command in '/home/arvid/Documents/ros2/ws/build/lidar_cpp': CMAKE_PREFIX_PATH=/opt/ros/galactic /usr/bin/cmake --install /home/arvid/Documents/ros2/ws/build/lidar_cpp
[1.095s] Level 1:colcon.colcon_core.environment:create_environment_scripts_only(lidar_cpp)
[1.097s] Level 1:colcon.colcon_core.environment:checking '/home/arvid/Documents/ros2/ws/install/lidar_cpp' for CMake module files
[1.099s] Level 1:colcon.colcon_core.environment:checking '/home/arvid/Documents/ros2/ws/install/lidar_cpp' for CMake config files
[1.100s] Level 1:colcon.colcon_core.shell:create_environment_hook('lidar_cpp', 'cmake_prefix_path')
[1.101s] INFO:colcon.colcon_core.shell:Creating environment hook '/home/arvid/Documents/ros2/ws/install/lidar_cpp/share/lidar_cpp/hook/cmake_prefix_path.ps1'
[1.102s] INFO:colcon.colcon_core.shell:Creating environment descriptor '/home/arvid/Documents/ros2/ws/install/lidar_cpp/share/lidar_cpp/hook/cmake_prefix_path.dsv'
[1.103s] INFO:colcon.colcon_core.shell:Creating environment hook '/home/arvid/Documents/ros2/ws/install/lidar_cpp/share/lidar_cpp/hook/cmake_prefix_path.sh'
[1.104s] DEBUG:colcon.colcon_core.event_handler.log_command:Invoked command in '/home/arvid/Documents/ros2/ws/build/lidar_cpp' returned '0': CMAKE_PREFIX_PATH=/opt/ros/galactic /usr/bin/cmake --install /home/arvid/Documents/ros2/ws/build/lidar_cpp
[1.105s] Level 1:colcon.colcon_core.environment:checking '/home/arvid/Documents/ros2/ws/install/lidar_cpp/bin'
[1.105s] Level 1:colcon.colcon_core.environment:checking '/home/arvid/Documents/ros2/ws/install/lidar_cpp/lib/pkgconfig/lidar_cpp.pc'
[1.105s] Level 1:colcon.colcon_core.environment:checking '/home/arvid/Documents/ros2/ws/install/lidar_cpp/lib/python3.8/site-packages'
[1.106s] INFO:colcon.colcon_core.shell:Creating package script '/home/arvid/Documents/ros2/ws/install/lidar_cpp/share/lidar_cpp/package.ps1'
[1.106s] INFO:colcon.colcon_core.shell:Creating package descriptor '/home/arvid/Documents/ros2/ws/install/lidar_cpp/share/lidar_cpp/package.dsv'
[1.107s] INFO:colcon.colcon_core.shell:Creating package script '/home/arvid/Documents/ros2/ws/install/lidar_cpp/share/lidar_cpp/package.sh'
[1.107s] INFO:colcon.colcon_core.shell:Creating package script '/home/arvid/Documents/ros2/ws/install/lidar_cpp/share/lidar_cpp/package.bash'
[1.108s] INFO:colcon.colcon_core.shell:Creating package script '/home/arvid/Documents/ros2/ws/install/lidar_cpp/share/lidar_cpp/package.zsh'
[1.108s] Level 1:colcon.colcon_core.environment:create_file_with_runtime_dependencies(/home/arvid/Documents/ros2/ws/install/lidar_cpp/share/colcon-core/packages/lidar_cpp)
[1.135s] Level 1:colcon.colcon_core.environment:create_environment_scripts_only(lidar_cpp)
[1.137s] Level 1:colcon.colcon_core.environment:checking '/home/arvid/Documents/ros2/ws/install/lidar_cpp' for CMake module files
[1.139s] Level 1:colcon.colcon_core.environment:checking '/home/arvid/Documents/ros2/ws/install/lidar_cpp' for CMake config files
[1.139s] Level 1:colcon.colcon_core.shell:create_environment_hook('lidar_cpp', 'cmake_prefix_path')
[1.140s] INFO:colcon.colcon_core.shell:Creating environment hook '/home/arvid/Documents/ros2/ws/install/lidar_cpp/share/lidar_cpp/hook/cmake_prefix_path.ps1'
[1.141s] INFO:colcon.colcon_core.shell:Creating environment descriptor '/home/arvid/Documents/ros2/ws/install/lidar_cpp/share/lidar_cpp/hook/cmake_prefix_path.dsv'
[1.142s] INFO:colcon.colcon_core.shell:Creating environment hook '/home/arvid/Documents/ros2/ws/install/lidar_cpp/share/lidar_cpp/hook/cmake_prefix_path.sh'
[1.143s] Level 1:colcon.colcon_core.environment:checking '/home/arvid/Documents/ros2/ws/install/lidar_cpp/bin'
[1.143s] Level 1:colcon.colcon_core.environment:checking '/home/arvid/Documents/ros2/ws/install/lidar_cpp/lib/pkgconfig/lidar_cpp.pc'
[1.144s] Level 1:colcon.colcon_core.environment:checking '/home/arvid/Documents/ros2/ws/install/lidar_cpp/lib/python3.8/site-packages'
[1.144s] INFO:colcon.colcon_core.shell:Creating package script '/home/arvid/Documents/ros2/ws/install/lidar_cpp/share/lidar_cpp/package.ps1'
[1.145s] INFO:colcon.colcon_core.shell:Creating package descriptor '/home/arvid/Documents/ros2/ws/install/lidar_cpp/share/lidar_cpp/package.dsv'
[1.145s] INFO:colcon.colcon_core.shell:Creating package script '/home/arvid/Documents/ros2/ws/install/lidar_cpp/share/lidar_cpp/package.sh'
[1.146s] INFO:colcon.colcon_core.shell:Creating package script '/home/arvid/Documents/ros2/ws/install/lidar_cpp/share/lidar_cpp/package.bash'
[1.146s] INFO:colcon.colcon_core.shell:Creating package script '/home/arvid/Documents/ros2/ws/install/lidar_cpp/share/lidar_cpp/package.zsh'
[1.147s] Level 1:colcon.colcon_core.environment:create_file_with_runtime_dependencies(/home/arvid/Documents/ros2/ws/install/lidar_cpp/share/colcon-core/packages/lidar_cpp)
[1.147s] DEBUG:colcon.colcon_parallel_executor.executor.parallel:closing loop
[1.148s] DEBUG:colcon.colcon_parallel_executor.executor.parallel:loop closed
[1.148s] DEBUG:colcon.colcon_parallel_executor.executor.parallel:run_until_complete finished with '0'
[1.148s] DEBUG:colcon.colcon_core.event_reactor:joining thread
[1.160s] INFO:colcon.colcon_core.plugin_system:Skipping extension 'colcon_notification.desktop_notification.terminal_notifier': Not used on non-Darwin systems
[1.161s] INFO:colcon.colcon_core.plugin_system:Skipping extension 'colcon_notification.desktop_notification.win32': Not used on non-Windows systems
[1.161s] INFO:colcon.colcon_notification.desktop_notification:Sending desktop notification using 'notify2'
[1.178s] DEBUG:colcon.colcon_core.event_reactor:joined thread
[1.179s] INFO:colcon.colcon_core.shell:Creating prefix script '/home/arvid/Documents/ros2/ws/install/local_setup.ps1'
[1.182s] INFO:colcon.colcon_core.shell:Creating prefix util module '/home/arvid/Documents/ros2/ws/install/_local_setup_util_ps1.py'
[1.184s] INFO:colcon.colcon_core.shell:Creating prefix chain script '/home/arvid/Documents/ros2/ws/install/setup.ps1'
[1.186s] INFO:colcon.colcon_core.shell:Creating prefix script '/home/arvid/Documents/ros2/ws/install/local_setup.sh'
[1.187s] INFO:colcon.colcon_core.shell:Creating prefix util module '/home/arvid/Documents/ros2/ws/install/_local_setup_util_sh.py'
[1.187s] INFO:colcon.colcon_core.shell:Creating prefix chain script '/home/arvid/Documents/ros2/ws/install/setup.sh'
[1.188s] INFO:colcon.colcon_core.shell:Creating prefix script '/home/arvid/Documents/ros2/ws/install/local_setup.bash'
[1.189s] INFO:colcon.colcon_core.shell:Creating prefix chain script '/home/arvid/Documents/ros2/ws/install/setup.bash'
[1.191s] INFO:colcon.colcon_core.shell:Creating prefix script '/home/arvid/Documents/ros2/ws/install/local_setup.zsh'
[1.191s] INFO:colcon.colcon_core.shell:Creating prefix chain script '/home/arvid/Documents/ros2/ws/install/setup.zsh'
