[0.027s] Invoking command in '/home/arvid/Documents/ros2/ws/build/lidar_cpp': CMAKE_PREFIX_PATH=/opt/ros/galactic /usr/bin/cmake --build /home/arvid/Documents/ros2/ws/build/lidar_cpp -- -j12 -l12
[0.065s] -- Found ament_cmake: 1.1.5 (/opt/ros/galactic/share/ament_cmake/cmake)
[0.092s] -- Using PYTHON_EXECUTABLE: /usr/bin/python3
[0.169s] -- Found rclcpp: 9.2.0 (/opt/ros/galactic/share/rclcpp/cmake)
[0.212s] -- Using all available rosidl_typesupport_c: rosidl_typesupport_fastrtps_c;rosidl_typesupport_introspection_c
[0.216s] -- Found rosidl_adapter: 2.2.1 (/opt/ros/galactic/share/rosidl_adapter/cmake)
[0.365s] -- Using all available rosidl_typesupport_cpp: rosidl_typesupport_fastrtps_cpp;rosidl_typesupport_introspection_cpp
[0.423s] -- Found rmw_implementation_cmake: 3.3.1 (/opt/ros/galactic/share/rmw_implementation_cmake/cmake)
[0.425s] -- Found rmw_cyclonedds_cpp: 0.22.4 (/opt/ros/galactic/share/rmw_cyclonedds_cpp/cmake)
[0.445s] -- Using RMW implementation 'rmw_cyclonedds_cpp' as default
[0.603s] -- Found sensor_msgs: 2.2.4 (/opt/ros/galactic/share/sensor_msgs/cmake)
[0.737s] -- Found ament_lint_auto: 0.10.6 (/opt/ros/galactic/share/ament_lint_auto/cmake)
[0.815s] -- Added test 'copyright' to check source files copyright and LICENSE
[0.816s] -- Added test 'cppcheck' to perform static code analysis on C / C++ code
[0.817s] -- Configured cppcheck include dirs: 
[0.817s] -- Configured cppcheck exclude dirs and/or files: 
[0.817s] -- Added test 'cpplint' to check C / C++ code against the Google style
[0.817s] -- Configured cpplint exclude dirs and/or files: 
[0.818s] -- Added test 'lint_cmake' to check CMake code style
[0.819s] -- Added test 'uncrustify' to check C / C++ code style
[0.819s] -- Configured uncrustify additional arguments: 
[0.819s] -- Added test 'xmllint' to check XML markup files
[0.822s] -- Configuring done
[0.830s] -- Generating done
[0.832s] -- Build files have been written to: /home/arvid/Documents/ros2/ws/build/lidar_cpp
[0.861s] [35m[1mScanning dependencies of target lidar[0m
[0.903s] [ 50%] [32mBuilding CXX object CMakeFiles/lidar.dir/src/lidar_publisher.cpp.o[0m
[1.063s] [01m[K/home/arvid/Documents/ros2/ws/src/lidar_cpp/src/lidar_publisher.cpp:8:10:[m[K [01;31m[Kfatal error: [m[Kpcl/point_cloud.h: No such file or directory
[1.063s]     8 | #include [01;31m[K"pcl/point_cloud.h"[m[K
[1.063s]       |          [01;31m[K^~~~~~~~~~~~~~~~~~~[m[K
[1.063s] compilation terminated.
[1.065s] make[2]: *** [CMakeFiles/lidar.dir/build.make:63: CMakeFiles/lidar.dir/src/lidar_publisher.cpp.o] Error 1
[1.065s] make[1]: *** [CMakeFiles/Makefile2:78: CMakeFiles/lidar.dir/all] Error 2
[1.066s] make: *** [Makefile:141: all] Error 2
[1.069s] Invoked command in '/home/arvid/Documents/ros2/ws/build/lidar_cpp' returned '2': CMAKE_PREFIX_PATH=/opt/ros/galactic /usr/bin/cmake --build /home/arvid/Documents/ros2/ws/build/lidar_cpp -- -j12 -l12
