[0.023s] Invoking command in '/home/arvid/Documents/ros2/ws/build/cpp_srvcli': CMAKE_PREFIX_PATH=/opt/ros/galactic /usr/bin/cmake /home/arvid/Documents/ros2/ws/src/cpp_srvcli -DCMAKE_INSTALL_PREFIX=/home/arvid/Documents/ros2/ws/install/cpp_srvcli
[0.117s] -- The C compiler identification is GNU 9.3.0
[0.183s] -- The CXX compiler identification is GNU 9.3.0
[0.190s] -- Check for working C compiler: /usr/bin/cc
[0.278s] -- Check for working C compiler: /usr/bin/cc -- works
[0.281s] -- Detecting C compiler ABI info
[0.370s] -- Detecting C compiler ABI info - done
[0.391s] -- Detecting C compile features
[0.391s] -- Detecting C compile features - done
[0.394s] -- Check for working CXX compiler: /usr/bin/c++
[0.504s] -- Check for working CXX compiler: /usr/bin/c++ -- works
[0.505s] -- Detecting CXX compiler ABI info
[0.604s] -- Detecting CXX compiler ABI info - done
[0.624s] -- Detecting CXX compile features
[0.625s] -- Detecting CXX compile features - done
[0.627s] -- Found ament_cmake: 1.1.5 (/opt/ros/galactic/share/ament_cmake/cmake)
[0.656s] -- Found PythonInterp: /usr/bin/python3 (found suitable version "3.8.10", minimum required is "3") 
[0.656s] -- Using PYTHON_EXECUTABLE: /usr/bin/python3
[0.747s] -- Found rclcpp: 9.2.0 (/opt/ros/galactic/share/rclcpp/cmake)
[0.795s] -- Using all available rosidl_typesupport_c: rosidl_typesupport_fastrtps_c;rosidl_typesupport_introspection_c
[0.801s] -- Found rosidl_adapter: 2.2.1 (/opt/ros/galactic/share/rosidl_adapter/cmake)
[0.911s] -- Found OpenSSL: /usr/lib/x86_64-linux-gnu/libcrypto.so (found version "1.1.1f")  
[0.945s] -- Found FastRTPS: /opt/ros/galactic/include  
[1.032s] -- Using all available rosidl_typesupport_cpp: rosidl_typesupport_fastrtps_cpp;rosidl_typesupport_introspection_cpp
[1.100s] -- Found rmw_implementation_cmake: 3.3.1 (/opt/ros/galactic/share/rmw_implementation_cmake/cmake)
[1.103s] -- Found rmw_cyclonedds_cpp: 0.22.4 (/opt/ros/galactic/share/rmw_cyclonedds_cpp/cmake)
[1.125s] -- Using RMW implementation 'rmw_cyclonedds_cpp' as default
[1.128s] -- Looking for pthread.h
[1.219s] -- Looking for pthread.h - found
[1.220s] -- Performing Test CMAKE_HAVE_LIBC_PTHREAD
[1.321s] -- Performing Test CMAKE_HAVE_LIBC_PTHREAD - Failed
[1.322s] -- Looking for pthread_create in pthreads
[1.411s] -- Looking for pthread_create in pthreads - not found
[1.411s] -- Looking for pthread_create in pthread
[1.516s] -- Looking for pthread_create in pthread - found
[1.520s] -- Found Threads: TRUE  
[1.696s] -- Found example_interfaces: 0.9.2 (/opt/ros/galactic/share/example_interfaces/cmake)
[1.840s] -- Found ament_lint_auto: 0.10.6 (/opt/ros/galactic/share/ament_lint_auto/cmake)
[1.918s] -- Added test 'copyright' to check source files copyright and LICENSE
[1.919s] -- Added test 'cppcheck' to perform static code analysis on C / C++ code
[1.919s] -- Configured cppcheck include dirs: 
[1.919s] -- Configured cppcheck exclude dirs and/or files: 
[1.920s] -- Added test 'cpplint' to check C / C++ code against the Google style
[1.920s] -- Configured cpplint exclude dirs and/or files: 
[1.921s] -- Added test 'lint_cmake' to check CMake code style
[1.922s] -- Added test 'uncrustify' to check C / C++ code style
[1.922s] -- Configured uncrustify additional arguments: 
[1.922s] -- Added test 'xmllint' to check XML markup files
[1.925s] -- Configuring done
[1.938s] -- Generating done
[1.940s] -- Build files have been written to: /home/arvid/Documents/ros2/ws/build/cpp_srvcli
[1.947s] Invoked command in '/home/arvid/Documents/ros2/ws/build/cpp_srvcli' returned '0': CMAKE_PREFIX_PATH=/opt/ros/galactic /usr/bin/cmake /home/arvid/Documents/ros2/ws/src/cpp_srvcli -DCMAKE_INSTALL_PREFIX=/home/arvid/Documents/ros2/ws/install/cpp_srvcli
[1.953s] Invoking command in '/home/arvid/Documents/ros2/ws/build/cpp_srvcli': CMAKE_PREFIX_PATH=/opt/ros/galactic /usr/bin/cmake --build /home/arvid/Documents/ros2/ws/build/cpp_srvcli -- -j12 -l12
[2.007s] [35m[1mScanning dependencies of target server[0m
[2.009s] [35m[1mScanning dependencies of target client[0m
[2.049s] [ 25%] [32mBuilding CXX object CMakeFiles/client.dir/src/add_two_ints_client.cpp.o[0m
[2.052s] [ 50%] [32mBuilding CXX object CMakeFiles/server.dir/src/add_two_ints_server.cpp.o[0m
[4.985s] [ 75%] [32m[1mLinking CXX executable server[0m
[5.151s] [ 75%] Built target server
[5.292s] [100%] [32m[1mLinking CXX executable client[0m
[5.450s] [100%] Built target client
[5.462s] Invoked command in '/home/arvid/Documents/ros2/ws/build/cpp_srvcli' returned '0': CMAKE_PREFIX_PATH=/opt/ros/galactic /usr/bin/cmake --build /home/arvid/Documents/ros2/ws/build/cpp_srvcli -- -j12 -l12
[5.513s] Invoking command in '/home/arvid/Documents/ros2/ws/build/cpp_srvcli': CMAKE_PREFIX_PATH=/opt/ros/galactic /usr/bin/cmake --install /home/arvid/Documents/ros2/ws/build/cpp_srvcli
[5.521s] -- Install configuration: ""
[5.522s] -- Installing: /home/arvid/Documents/ros2/ws/install/cpp_srvcli/lib/cpp_srvcli/server
[5.522s] -- Set runtime path of "/home/arvid/Documents/ros2/ws/install/cpp_srvcli/lib/cpp_srvcli/server" to ""
[5.523s] -- Installing: /home/arvid/Documents/ros2/ws/install/cpp_srvcli/lib/cpp_srvcli/client
[5.523s] -- Set runtime path of "/home/arvid/Documents/ros2/ws/install/cpp_srvcli/lib/cpp_srvcli/client" to ""
[5.523s] -- Installing: /home/arvid/Documents/ros2/ws/install/cpp_srvcli/share/ament_index/resource_index/package_run_dependencies/cpp_srvcli
[5.524s] -- Installing: /home/arvid/Documents/ros2/ws/install/cpp_srvcli/share/ament_index/resource_index/parent_prefix_path/cpp_srvcli
[5.524s] -- Installing: /home/arvid/Documents/ros2/ws/install/cpp_srvcli/share/cpp_srvcli/environment/ament_prefix_path.sh
[5.524s] -- Installing: /home/arvid/Documents/ros2/ws/install/cpp_srvcli/share/cpp_srvcli/environment/ament_prefix_path.dsv
[5.525s] -- Installing: /home/arvid/Documents/ros2/ws/install/cpp_srvcli/share/cpp_srvcli/environment/path.sh
[5.525s] -- Installing: /home/arvid/Documents/ros2/ws/install/cpp_srvcli/share/cpp_srvcli/environment/path.dsv
[5.525s] -- Installing: /home/arvid/Documents/ros2/ws/install/cpp_srvcli/share/cpp_srvcli/local_setup.bash
[5.525s] -- Installing: /home/arvid/Documents/ros2/ws/install/cpp_srvcli/share/cpp_srvcli/local_setup.sh
[5.525s] -- Installing: /home/arvid/Documents/ros2/ws/install/cpp_srvcli/share/cpp_srvcli/local_setup.zsh
[5.525s] -- Installing: /home/arvid/Documents/ros2/ws/install/cpp_srvcli/share/cpp_srvcli/local_setup.dsv
[5.526s] -- Installing: /home/arvid/Documents/ros2/ws/install/cpp_srvcli/share/cpp_srvcli/package.dsv
[5.526s] -- Installing: /home/arvid/Documents/ros2/ws/install/cpp_srvcli/share/ament_index/resource_index/packages/cpp_srvcli
[5.526s] -- Installing: /home/arvid/Documents/ros2/ws/install/cpp_srvcli/share/cpp_srvcli/cmake/cpp_srvcliConfig.cmake
[5.526s] -- Installing: /home/arvid/Documents/ros2/ws/install/cpp_srvcli/share/cpp_srvcli/cmake/cpp_srvcliConfig-version.cmake
[5.526s] -- Installing: /home/arvid/Documents/ros2/ws/install/cpp_srvcli/share/cpp_srvcli/package.xml
[5.530s] Invoked command in '/home/arvid/Documents/ros2/ws/build/cpp_srvcli' returned '0': CMAKE_PREFIX_PATH=/opt/ros/galactic /usr/bin/cmake --install /home/arvid/Documents/ros2/ws/build/cpp_srvcli
