[0.030s] Invoking command in '/home/arvid/Documents/ros2/ws/build/lidar_cpp': CMAKE_PREFIX_PATH=/opt/ros/galactic /usr/bin/cmake --build /home/arvid/Documents/ros2/ws/build/lidar_cpp -- -j12 -l12
[0.059s] -- Found ament_cmake: 1.1.5 (/opt/ros/galactic/share/ament_cmake/cmake)
[0.085s] -- Using PYTHON_EXECUTABLE: /usr/bin/python3
[0.157s] -- Found rclcpp: 9.2.0 (/opt/ros/galactic/share/rclcpp/cmake)
[0.197s] -- Using all available rosidl_typesupport_c: rosidl_typesupport_fastrtps_c;rosidl_typesupport_introspection_c
[0.200s] -- Found rosidl_adapter: 2.2.1 (/opt/ros/galactic/share/rosidl_adapter/cmake)
[0.347s] -- Using all available rosidl_typesupport_cpp: rosidl_typesupport_fastrtps_cpp;rosidl_typesupport_introspection_cpp
[0.409s] -- Found rmw_implementation_cmake: 3.3.1 (/opt/ros/galactic/share/rmw_implementation_cmake/cmake)
[0.410s] -- Found rmw_cyclonedds_cpp: 0.22.4 (/opt/ros/galactic/share/rmw_cyclonedds_cpp/cmake)
[0.431s] -- Using RMW implementation 'rmw_cyclonedds_cpp' as default
[0.591s] -- Found sensor_msgs: 2.2.4 (/opt/ros/galactic/share/sensor_msgs/cmake)
[0.743s] -- Eigen found (include: /usr/include/eigen3, version: 3.3.7)
[0.851s] -- The imported target "vtkParseOGLExt" references the file
[0.851s]    "/usr/bin/vtkParseOGLExt-7.1"
[0.851s] but this file does not exist.  Possible reasons include:
[0.852s] * The file was deleted, renamed, or moved to another location.
[0.852s] * An install or uninstall procedure did not complete successfully.
[0.852s] * The installation package was faulty and contained
[0.853s]    "/usr/lib/cmake/vtk-7.1/VTKTargets.cmake"
[0.853s] but not all the files it references.
[0.853s] 
[0.853s] -- The imported target "vtkRenderingPythonTkWidgets" references the file
[0.854s]    "/usr/lib/x86_64-linux-gnu/libvtkRenderingPythonTkWidgets.so"
[0.854s] but this file does not exist.  Possible reasons include:
[0.854s] * The file was deleted, renamed, or moved to another location.
[0.854s] * An install or uninstall procedure did not complete successfully.
[0.854s] * The installation package was faulty and contained
[0.855s]    "/usr/lib/cmake/vtk-7.1/VTKTargets.cmake"
[0.855s] but not all the files it references.
[0.855s] 
[0.855s] -- The imported target "vtk" references the file
[0.855s]    "/usr/bin/vtk"
[0.856s] but this file does not exist.  Possible reasons include:
[0.856s] * The file was deleted, renamed, or moved to another location.
[0.856s] * An install or uninstall procedure did not complete successfully.
[0.856s] * The installation package was faulty and contained
[0.856s]    "/usr/lib/cmake/vtk-7.1/VTKTargets.cmake"
[0.857s] but not all the files it references.
[0.857s] 
[0.857s] -- The imported target "pvtk" references the file
[0.857s]    "/usr/bin/pvtk"
[0.857s] but this file does not exist.  Possible reasons include:
[0.858s] * The file was deleted, renamed, or moved to another location.
[0.858s] * An install or uninstall procedure did not complete successfully.
[0.858s] * The installation package was faulty and contained
[0.858s]    "/usr/lib/cmake/vtk-7.1/VTKTargets.cmake"
[0.858s] but not all the files it references.
[0.859s] 
[0.879s] -- Checking for module 'libusb-1.0'
[0.884s] --   No package 'libusb-1.0' found
[0.889s] -- Could NOT find USB_10 (missing: USB_10_LIBRARY USB_10_INCLUDE_DIR) 
[0.890s] -- OpenNI disabled because libusb-1.0 not found.
[0.890s] ** WARNING ** io features related to openni will be disabled
[0.896s] -- Checking for module 'libusb-1.0'
[0.901s] --   No package 'libusb-1.0' found
[0.904s] -- Could NOT find USB_10 (missing: USB_10_LIBRARY USB_10_INCLUDE_DIR) 
[0.905s] -- OpenNI 2 disabled because libusb-1.0 not found.
[0.905s] ** WARNING ** io features related to openni2 will be disabled
[0.905s] ** WARNING ** io features related to pcap will be disabled
[0.906s] ** WARNING ** io features related to png will be disabled
[0.926s] -- LIBUSB_1_LIBRARY (missing: LIBUSB_1_INCLUDE_DIR) 
[0.926s] ** WARNING ** io features related to libusb-1.0 will be disabled
[0.935s] -- Checking for module 'libusb-1.0'
[0.942s] --   No package 'libusb-1.0' found
[0.950s] -- Could NOT find USB_10 (missing: USB_10_LIBRARY USB_10_INCLUDE_DIR) 
[0.950s] -- OpenNI disabled because libusb-1.0 not found.
[0.951s] ** WARNING ** visualization features related to openni will be disabled
[0.960s] -- Checking for module 'libusb-1.0'
[0.967s] --   No package 'libusb-1.0' found
[0.974s] -- Could NOT find USB_10 (missing: USB_10_LIBRARY USB_10_INCLUDE_DIR) 
[0.974s] -- OpenNI 2 disabled because libusb-1.0 not found.
[0.975s] ** WARNING ** visualization features related to openni2 will be disabled
[0.993s] -- QHULL found (include: /usr/include, lib: optimized;/usr/lib/x86_64-linux-gnu/libqhull.so;debug;/usr/lib/x86_64-linux-gnu/libqhull.so)
[1.001s] -- Checking for module 'libusb-1.0'
[1.006s] --   No package 'libusb-1.0' found
[1.013s] -- Could NOT find USB_10 (missing: USB_10_LIBRARY USB_10_INCLUDE_DIR) 
[1.013s] -- OpenNI disabled because libusb-1.0 not found.
[1.014s] ** WARNING ** apps features related to openni will be disabled
[1.031s] -- looking for PCL_COMMON
[1.032s] -- looking for PCL_KDTREE
[1.032s] -- looking for PCL_OCTREE
[1.033s] -- looking for PCL_SEARCH
[1.033s] -- looking for PCL_SAMPLE_CONSENSUS
[1.034s] -- looking for PCL_FILTERS
[1.035s] -- looking for PCL_2D
[1.035s] -- looking for PCL_GEOMETRY
[1.036s] -- looking for PCL_IO
[1.036s] -- looking for PCL_FEATURES
[1.037s] -- looking for PCL_ML
[1.037s] -- looking for PCL_SEGMENTATION
[1.038s] -- looking for PCL_VISUALIZATION
[1.039s] -- looking for PCL_SURFACE
[1.040s] -- looking for PCL_REGISTRATION
[1.040s] -- looking for PCL_KEYPOINTS
[1.041s] -- looking for PCL_TRACKING
[1.042s] -- looking for PCL_RECOGNITION
[1.042s] -- looking for PCL_STEREO
[1.043s] -- looking for PCL_APPS
[1.044s] -- looking for PCL_IN_HAND_SCANNER
[1.045s] -- looking for PCL_POINT_CLOUD_EDITOR
[1.045s] -- looking for PCL_OUTOFCORE
[1.046s] -- looking for PCL_PEOPLE
[1.056s] CMake Error at CMakeLists.txt:37 (target_link_libraries):
[1.056s]   The plain signature for target_link_libraries has already been used with
[1.056s]   the target "lidar".  All uses of target_link_libraries with a target must
[1.056s]   be either all-keyword or all-plain.
[1.056s] 
[1.057s]   The uses of the plain signature are here:
[1.057s] 
[1.057s]    * /opt/ros/galactic/share/ament_cmake_target_dependencies/cmake/ament_target_dependencies.cmake:145 (target_link_libraries)
[1.057s]    * /opt/ros/galactic/share/ament_cmake_target_dependencies/cmake/ament_target_dependencies.cmake:151 (target_link_libraries)
[1.057s] 
[1.058s] 
[1.058s] 
[1.058s] -- Found ament_lint_auto: 0.10.6 (/opt/ros/galactic/share/ament_lint_auto/cmake)
[1.134s] -- Added test 'copyright' to check source files copyright and LICENSE
[1.135s] -- Added test 'cppcheck' to perform static code analysis on C / C++ code
[1.135s] -- Configured cppcheck include dirs: 
[1.135s] -- Configured cppcheck exclude dirs and/or files: 
[1.136s] -- Added test 'cpplint' to check C / C++ code against the Google style
[1.136s] -- Configured cpplint exclude dirs and/or files: 
[1.137s] -- Added test 'lint_cmake' to check CMake code style
[1.137s] -- Added test 'uncrustify' to check C / C++ code style
[1.138s] -- Configured uncrustify additional arguments: 
[1.138s] -- Added test 'xmllint' to check XML markup files
[1.141s] -- Configuring incomplete, errors occurred!
[1.141s] See also "/home/arvid/Documents/ros2/ws/build/lidar_cpp/CMakeFiles/CMakeOutput.log".
[1.142s] See also "/home/arvid/Documents/ros2/ws/build/lidar_cpp/CMakeFiles/CMakeError.log".
[1.150s] make: *** [Makefile:266: cmake_check_build_system] Error 1
[1.152s] Invoked command in '/home/arvid/Documents/ros2/ws/build/lidar_cpp' returned '2': CMAKE_PREFIX_PATH=/opt/ros/galactic /usr/bin/cmake --build /home/arvid/Documents/ros2/ws/build/lidar_cpp -- -j12 -l12
