CMake Warning at CMakeLists.txt:12 (find_package):
  By not providing "Findlibrealsense2.cmake" in CMAKE_MODULE_PATH this
  project has asked CMake to find a package configuration file provided by
  "librealsense2", but CMake did not find one.

  Could not find a package configuration file provided by "librealsense2"
  with any of the following names:

    librealsense2Config.cmake
    librealsense2-config.cmake

  Add the installation prefix of "librealsense2" to CMAKE_PREFIX_PATH or set
  "librealsense2_DIR" to a directory containing one of the above files.  If
  "librealsense2" provides a separate development package or SDK, be sure it
  has been installed.


** WARNING ** io features related to openni will be disabled
** WARNING ** io features related to openni2 will be disabled
** WARNING ** io features related to pcap will be disabled
** WARNING ** io features related to png will be disabled
** WARNING ** io features related to libusb-1.0 will be disabled
** WARNING ** visualization features related to openni will be disabled
** WARNING ** visualization features related to openni2 will be disabled
** WARNING ** apps features related to openni will be disabled
[01m[K/home/arvid/Documents/ros2/ws/src/lidar_cpp/src/lidar_publisher.cpp:9:10:[m[K [01;31m[Kfatal error: [m[Kpcl/point_cloud.h: No such file or directory
    9 | #include [01;31m[K"pcl/point_cloud.h"[m[K
      |          [01;31m[K^~~~~~~~~~~~~~~~~~~[m[K
compilation terminated.
make[2]: *** [CMakeFiles/lidar.dir/build.make:63: CMakeFiles/lidar.dir/src/lidar_publisher.cpp.o] Error 1
make[1]: *** [CMakeFiles/Makefile2:78: CMakeFiles/lidar.dir/all] Error 2
make: *** [Makefile:141: all] Error 2
