[0.020s] Invoking command in '/home/arvid/Documents/ros2/ws/build/cpp_srvcli': CMAKE_PREFIX_PATH=/opt/ros/galactic /usr/bin/cmake /home/arvid/Documents/ros2/ws/src/cpp_srvcli -DCMAKE_INSTALL_PREFIX=/home/arvid/Documents/ros2/ws/install/cpp_srvcli
[0.133s] -- The C compiler identification is GNU 9.3.0
[0.238s] -- The CXX compiler identification is GNU 9.3.0
[0.246s] -- Check for working C compiler: /usr/bin/cc
[0.349s] -- Check for working C compiler: /usr/bin/cc -- works
[0.353s] -- Detecting C compiler ABI info
[0.445s] -- Detecting C compiler ABI info - done
[0.467s] -- Detecting C compile features
[0.467s] -- Detecting C compile features - done
[0.470s] -- Check for working CXX compiler: /usr/bin/c++
[0.570s] -- Check for working CXX compiler: /usr/bin/c++ -- works
[0.573s] -- Detecting CXX compiler ABI info
[0.675s] -- Detecting CXX compiler ABI info - done
[0.698s] -- Detecting CXX compile features
[0.699s] -- Detecting CXX compile features - done
[0.709s] -- Found ament_cmake: 1.1.5 (/opt/ros/galactic/share/ament_cmake/cmake)
[0.747s] -- Found PythonInterp: /usr/bin/python3 (found suitable version "3.8.10", minimum required is "3") 
[0.747s] -- Using PYTHON_EXECUTABLE: /usr/bin/python3
[0.859s] -- Found rclcpp: 9.2.0 (/opt/ros/galactic/share/rclcpp/cmake)
[0.929s] -- Using all available rosidl_typesupport_c: rosidl_typesupport_fastrtps_c;rosidl_typesupport_introspection_c
[0.938s] -- Found rosidl_adapter: 2.2.1 (/opt/ros/galactic/share/rosidl_adapter/cmake)
[1.070s] -- Found OpenSSL: /usr/lib/x86_64-linux-gnu/libcrypto.so (found version "1.1.1f")  
[1.102s] -- Found FastRTPS: /opt/ros/galactic/include  
[1.222s] -- Using all available rosidl_typesupport_cpp: rosidl_typesupport_fastrtps_cpp;rosidl_typesupport_introspection_cpp
[1.310s] -- Found rmw_implementation_cmake: 3.3.1 (/opt/ros/galactic/share/rmw_implementation_cmake/cmake)
[1.314s] -- Found rmw_cyclonedds_cpp: 0.22.4 (/opt/ros/galactic/share/rmw_cyclonedds_cpp/cmake)
[1.343s] -- Using RMW implementation 'rmw_cyclonedds_cpp' as default
[1.345s] -- Looking for pthread.h
[1.436s] -- Looking for pthread.h - found
[1.436s] -- Performing Test CMAKE_HAVE_LIBC_PTHREAD
[1.541s] -- Performing Test CMAKE_HAVE_LIBC_PTHREAD - Failed
[1.542s] -- Looking for pthread_create in pthreads
[1.620s] -- Looking for pthread_create in pthreads - not found
[1.621s] -- Looking for pthread_create in pthread
[1.726s] -- Looking for pthread_create in pthread - found
[1.729s] -- Found Threads: TRUE  
[1.916s] -- Found example_interfaces: 0.9.2 (/opt/ros/galactic/share/example_interfaces/cmake)
[2.055s] -- Found ament_lint_auto: 0.10.6 (/opt/ros/galactic/share/ament_lint_auto/cmake)
[2.146s] -- Added test 'copyright' to check source files copyright and LICENSE
[2.149s] -- Added test 'lint_cmake' to check CMake code style
[2.151s] -- Added test 'xmllint' to check XML markup files
[2.155s] -- Configuring done
[2.157s] -- Generating done
[2.159s] -- Build files have been written to: /home/arvid/Documents/ros2/ws/build/cpp_srvcli
[2.167s] Invoked command in '/home/arvid/Documents/ros2/ws/build/cpp_srvcli' returned '0': CMAKE_PREFIX_PATH=/opt/ros/galactic /usr/bin/cmake /home/arvid/Documents/ros2/ws/src/cpp_srvcli -DCMAKE_INSTALL_PREFIX=/home/arvid/Documents/ros2/ws/install/cpp_srvcli
[2.171s] Invoking command in '/home/arvid/Documents/ros2/ws/build/cpp_srvcli': CMAKE_PREFIX_PATH=/opt/ros/galactic /usr/bin/cmake --build /home/arvid/Documents/ros2/ws/build/cpp_srvcli -- -j12 -l12
[2.231s] Invoked command in '/home/arvid/Documents/ros2/ws/build/cpp_srvcli' returned '0': CMAKE_PREFIX_PATH=/opt/ros/galactic /usr/bin/cmake --build /home/arvid/Documents/ros2/ws/build/cpp_srvcli -- -j12 -l12
[2.285s] Invoking command in '/home/arvid/Documents/ros2/ws/build/cpp_srvcli': CMAKE_PREFIX_PATH=/opt/ros/galactic /usr/bin/cmake --install /home/arvid/Documents/ros2/ws/build/cpp_srvcli
[2.293s] -- Install configuration: ""
[2.293s] -- Installing: /home/arvid/Documents/ros2/ws/install/cpp_srvcli/share/ament_index/resource_index/package_run_dependencies/cpp_srvcli
[2.294s] -- Installing: /home/arvid/Documents/ros2/ws/install/cpp_srvcli/share/ament_index/resource_index/parent_prefix_path/cpp_srvcli
[2.294s] -- Installing: /home/arvid/Documents/ros2/ws/install/cpp_srvcli/share/cpp_srvcli/environment/ament_prefix_path.sh
[2.294s] -- Installing: /home/arvid/Documents/ros2/ws/install/cpp_srvcli/share/cpp_srvcli/environment/ament_prefix_path.dsv
[2.294s] -- Installing: /home/arvid/Documents/ros2/ws/install/cpp_srvcli/share/cpp_srvcli/environment/path.sh
[2.294s] -- Installing: /home/arvid/Documents/ros2/ws/install/cpp_srvcli/share/cpp_srvcli/environment/path.dsv
[2.295s] -- Installing: /home/arvid/Documents/ros2/ws/install/cpp_srvcli/share/cpp_srvcli/local_setup.bash
[2.295s] -- Installing: /home/arvid/Documents/ros2/ws/install/cpp_srvcli/share/cpp_srvcli/local_setup.sh
[2.295s] -- Installing: /home/arvid/Documents/ros2/ws/install/cpp_srvcli/share/cpp_srvcli/local_setup.zsh
[2.295s] -- Installing: /home/arvid/Documents/ros2/ws/install/cpp_srvcli/share/cpp_srvcli/local_setup.dsv
[2.295s] -- Installing: /home/arvid/Documents/ros2/ws/install/cpp_srvcli/share/cpp_srvcli/package.dsv
[2.296s] -- Installing: /home/arvid/Documents/ros2/ws/install/cpp_srvcli/share/ament_index/resource_index/packages/cpp_srvcli
[2.296s] -- Installing: /home/arvid/Documents/ros2/ws/install/cpp_srvcli/share/cpp_srvcli/cmake/cpp_srvcliConfig.cmake
[2.296s] -- Installing: /home/arvid/Documents/ros2/ws/install/cpp_srvcli/share/cpp_srvcli/cmake/cpp_srvcliConfig-version.cmake
[2.296s] -- Installing: /home/arvid/Documents/ros2/ws/install/cpp_srvcli/share/cpp_srvcli/package.xml
[2.299s] Invoked command in '/home/arvid/Documents/ros2/ws/build/cpp_srvcli' returned '0': CMAKE_PREFIX_PATH=/opt/ros/galactic /usr/bin/cmake --install /home/arvid/Documents/ros2/ws/build/cpp_srvcli
