CMake Warning at CMakeLists.txt:12 (find_package):
  By not providing "Findlibrealsense2.cmake" in CMAKE_MODULE_PATH this
  project has asked CMake to find a package configuration file provided by
  "librealsense2", but CMake did not find one.

  Could not find a package configuration file provided by "librealsense2"
  with any of the following names:

    librealsense2Config.cmake
    librealsense2-config.cmake

  Add the installation prefix of "librealsense2" to CMAKE_PREFIX_PATH or set
  "librealsense2_DIR" to a directory containing one of the above files.  If
  "librealsense2" provides a separate development package or SDK, be sure it
  has been installed.


** WARNING ** io features related to openni will be disabled
** WARNING ** io features related to openni2 will be disabled
** WARNING ** io features related to pcap will be disabled
** WARNING ** io features related to png will be disabled
** WARNING ** io features related to libusb-1.0 will be disabled
** WARNING ** visualization features related to openni will be disabled
** WARNING ** visualization features related to openni2 will be disabled
** WARNING ** apps features related to openni will be disabled
CMake Error at /opt/ros/galactic/share/ament_cmake_target_dependencies/cmake/ament_target_dependencies.cmake:77 (message):
  ament_target_dependencies() the passed package name 'pcl' was not found
  before
Call Stack (most recent call first):
  CMakeLists.txt:19 (ament_target_dependencies)


make: *** [Makefile:266: cmake_check_build_system] Error 1
