[0.024s] Invoking command in '/home/arvid/Documents/ros2/ws/build/lidar_cpp': CMAKE_PREFIX_PATH=/opt/ros/galactic /usr/bin/cmake --build /home/arvid/Documents/ros2/ws/build/lidar_cpp -- -j12 -l12
[0.061s] -- Found ament_cmake: 1.1.5 (/opt/ros/galactic/share/ament_cmake/cmake)
[0.092s] -- Using PYTHON_EXECUTABLE: /usr/bin/python3
[0.177s] -- Found rclcpp: 9.2.0 (/opt/ros/galactic/share/rclcpp/cmake)
[0.235s] -- Using all available rosidl_typesupport_c: rosidl_typesupport_fastrtps_c;rosidl_typesupport_introspection_c
[0.243s] -- Found rosidl_adapter: 2.2.1 (/opt/ros/galactic/share/rosidl_adapter/cmake)
[0.405s] -- Using all available rosidl_typesupport_cpp: rosidl_typesupport_fastrtps_cpp;rosidl_typesupport_introspection_cpp
[0.480s] -- Found rmw_implementation_cmake: 3.3.1 (/opt/ros/galactic/share/rmw_implementation_cmake/cmake)
[0.482s] -- Found rmw_cyclonedds_cpp: 0.22.4 (/opt/ros/galactic/share/rmw_cyclonedds_cpp/cmake)
[0.510s] -- Using RMW implementation 'rmw_cyclonedds_cpp' as default
[0.690s] -- Found sensor_msgs: 2.2.4 (/opt/ros/galactic/share/sensor_msgs/cmake)
[0.827s] CMake Error at CMakeLists.txt:17 (install):
[0.828s]   install TARGETS given target "server" which does not exist.
[0.828s] 
[0.828s] 
[0.828s] -- Found ament_lint_auto: 0.10.6 (/opt/ros/galactic/share/ament_lint_auto/cmake)
[0.915s] -- Added test 'copyright' to check source files copyright and LICENSE
[0.916s] -- Added test 'cppcheck' to perform static code analysis on C / C++ code
[0.916s] -- Configured cppcheck include dirs: 
[0.916s] -- Configured cppcheck exclude dirs and/or files: 
[0.917s] -- Added test 'cpplint' to check C / C++ code against the Google style
[0.917s] -- Configured cpplint exclude dirs and/or files: 
[0.918s] -- Added test 'lint_cmake' to check CMake code style
[0.919s] -- Added test 'uncrustify' to check C / C++ code style
[0.919s] -- Configured uncrustify additional arguments: 
[0.919s] -- Added test 'xmllint' to check XML markup files
[0.923s] -- Configuring incomplete, errors occurred!
[0.923s] See also "/home/arvid/Documents/ros2/ws/build/lidar_cpp/CMakeFiles/CMakeOutput.log".
[0.923s] See also "/home/arvid/Documents/ros2/ws/build/lidar_cpp/CMakeFiles/CMakeError.log".
[0.929s] make: *** [Makefile:222: cmake_check_build_system] Error 1
[0.932s] Invoked command in '/home/arvid/Documents/ros2/ws/build/lidar_cpp' returned '2': CMAKE_PREFIX_PATH=/opt/ros/galactic /usr/bin/cmake --build /home/arvid/Documents/ros2/ws/build/lidar_cpp -- -j12 -l12
