[0.027s] Invoking command in '/home/arvid/Documents/ros2/ws/build/cpp_srvcli': CMAKE_PREFIX_PATH=/opt/ros/galactic /usr/bin/cmake --build /home/arvid/Documents/ros2/ws/build/cpp_srvcli -- -j12 -l12
[0.101s] [ 50%] Built target server
[0.107s] [100%] Built target client
[0.119s] Invoked command in '/home/arvid/Documents/ros2/ws/build/cpp_srvcli' returned '0': CMAKE_PREFIX_PATH=/opt/ros/galactic /usr/bin/cmake --build /home/arvid/Documents/ros2/ws/build/cpp_srvcli -- -j12 -l12
[0.173s] Invoking command in '/home/arvid/Documents/ros2/ws/build/cpp_srvcli': CMAKE_PREFIX_PATH=/opt/ros/galactic /usr/bin/cmake --install /home/arvid/Documents/ros2/ws/build/cpp_srvcli
[0.184s] -- Install configuration: ""
[0.185s] -- Up-to-date: /home/arvid/Documents/ros2/ws/install/cpp_srvcli/lib/cpp_srvcli/server
[0.185s] -- Up-to-date: /home/arvid/Documents/ros2/ws/install/cpp_srvcli/lib/cpp_srvcli/client
[0.185s] -- Up-to-date: /home/arvid/Documents/ros2/ws/install/cpp_srvcli/share/ament_index/resource_index/package_run_dependencies/cpp_srvcli
[0.186s] -- Up-to-date: /home/arvid/Documents/ros2/ws/install/cpp_srvcli/share/ament_index/resource_index/parent_prefix_path/cpp_srvcli
[0.186s] -- Up-to-date: /home/arvid/Documents/ros2/ws/install/cpp_srvcli/share/cpp_srvcli/environment/ament_prefix_path.sh
[0.186s] -- Up-to-date: /home/arvid/Documents/ros2/ws/install/cpp_srvcli/share/cpp_srvcli/environment/ament_prefix_path.dsv
[0.187s] -- Up-to-date: /home/arvid/Documents/ros2/ws/install/cpp_srvcli/share/cpp_srvcli/environment/path.sh
[0.187s] -- Up-to-date: /home/arvid/Documents/ros2/ws/install/cpp_srvcli/share/cpp_srvcli/environment/path.dsv
[0.188s] -- Up-to-date: /home/arvid/Documents/ros2/ws/install/cpp_srvcli/share/cpp_srvcli/local_setup.bash
[0.191s] -- Up-to-date: /home/arvid/Documents/ros2/ws/install/cpp_srvcli/share/cpp_srvcli/local_setup.sh
[0.192s] -- Up-to-date: /home/arvid/Documents/ros2/ws/install/cpp_srvcli/share/cpp_srvcli/local_setup.zsh
[0.193s] -- Up-to-date: /home/arvid/Documents/ros2/ws/install/cpp_srvcli/share/cpp_srvcli/local_setup.dsv
[0.193s] -- Installing: /home/arvid/Documents/ros2/ws/install/cpp_srvcli/share/cpp_srvcli/package.dsv
[0.194s] -- Up-to-date: /home/arvid/Documents/ros2/ws/install/cpp_srvcli/share/ament_index/resource_index/packages/cpp_srvcli
[0.195s] -- Up-to-date: /home/arvid/Documents/ros2/ws/install/cpp_srvcli/share/cpp_srvcli/cmake/cpp_srvcliConfig.cmake
[0.195s] -- Up-to-date: /home/arvid/Documents/ros2/ws/install/cpp_srvcli/share/cpp_srvcli/cmake/cpp_srvcliConfig-version.cmake
[0.195s] -- Up-to-date: /home/arvid/Documents/ros2/ws/install/cpp_srvcli/share/cpp_srvcli/package.xml
[0.195s] Invoked command in '/home/arvid/Documents/ros2/ws/build/cpp_srvcli' returned '0': CMAKE_PREFIX_PATH=/opt/ros/galactic /usr/bin/cmake --install /home/arvid/Documents/ros2/ws/build/cpp_srvcli
