[0.032s] Invoking command in '/home/arvid/Documents/ros2/ws/build/cpp_srvcli': CMAKE_PREFIX_PATH=/opt/ros/galactic /usr/bin/cmake --build /home/arvid/Documents/ros2/ws/build/cpp_srvcli -- -j12 -l12
[0.139s] [ 50%] Built target server
[0.140s] [100%] Built target client
[0.163s] Invoked command in '/home/arvid/Documents/ros2/ws/build/cpp_srvcli' returned '0': CMAKE_PREFIX_PATH=/opt/ros/galactic /usr/bin/cmake --build /home/arvid/Documents/ros2/ws/build/cpp_srvcli -- -j12 -l12
[0.210s] Invoking command in '/home/arvid/Documents/ros2/ws/build/cpp_srvcli': CMAKE_PREFIX_PATH=/opt/ros/galactic /usr/bin/cmake --install /home/arvid/Documents/ros2/ws/build/cpp_srvcli
[0.224s] -- Install configuration: ""
[0.224s] -- Up-to-date: /home/arvid/Documents/ros2/ws/install/cpp_srvcli/lib/cpp_srvcli/server
[0.224s] -- Up-to-date: /home/arvid/Documents/ros2/ws/install/cpp_srvcli/lib/cpp_srvcli/client
[0.225s] -- Up-to-date: /home/arvid/Documents/ros2/ws/install/cpp_srvcli/share/ament_index/resource_index/package_run_dependencies/cpp_srvcli
[0.226s] -- Up-to-date: /home/arvid/Documents/ros2/ws/install/cpp_srvcli/share/ament_index/resource_index/parent_prefix_path/cpp_srvcli
[0.226s] -- Up-to-date: /home/arvid/Documents/ros2/ws/install/cpp_srvcli/share/cpp_srvcli/environment/ament_prefix_path.sh
[0.226s] -- Up-to-date: /home/arvid/Documents/ros2/ws/install/cpp_srvcli/share/cpp_srvcli/environment/ament_prefix_path.dsv
[0.227s] -- Up-to-date: /home/arvid/Documents/ros2/ws/install/cpp_srvcli/share/cpp_srvcli/environment/path.sh
[0.231s] -- Up-to-date: /home/arvid/Documents/ros2/ws/install/cpp_srvcli/share/cpp_srvcli/environment/path.dsv
[0.231s] -- Up-to-date: /home/arvid/Documents/ros2/ws/install/cpp_srvcli/share/cpp_srvcli/local_setup.bash
[0.232s] -- Up-to-date: /home/arvid/Documents/ros2/ws/install/cpp_srvcli/share/cpp_srvcli/local_setup.sh
[0.232s] -- Up-to-date: /home/arvid/Documents/ros2/ws/install/cpp_srvcli/share/cpp_srvcli/local_setup.zsh
[0.232s] -- Up-to-date: /home/arvid/Documents/ros2/ws/install/cpp_srvcli/share/cpp_srvcli/local_setup.dsv
[0.233s] -- Installing: /home/arvid/Documents/ros2/ws/install/cpp_srvcli/share/cpp_srvcli/package.dsv
[0.233s] -- Up-to-date: /home/arvid/Documents/ros2/ws/install/cpp_srvcli/share/ament_index/resource_index/packages/cpp_srvcli
[0.233s] -- Up-to-date: /home/arvid/Documents/ros2/ws/install/cpp_srvcli/share/cpp_srvcli/cmake/cpp_srvcliConfig.cmake
[0.233s] -- Up-to-date: /home/arvid/Documents/ros2/ws/install/cpp_srvcli/share/cpp_srvcli/cmake/cpp_srvcliConfig-version.cmake
[0.234s] -- Up-to-date: /home/arvid/Documents/ros2/ws/install/cpp_srvcli/share/cpp_srvcli/package.xml
[0.234s] Invoked command in '/home/arvid/Documents/ros2/ws/build/cpp_srvcli' returned '0': CMAKE_PREFIX_PATH=/opt/ros/galactic /usr/bin/cmake --install /home/arvid/Documents/ros2/ws/build/cpp_srvcli
