[0.032s] Invoking command in '/home/arvid/Documents/ros2/ws/build/cpp_srvcli': CMAKE_PREFIX_PATH=/opt/ros/galactic /usr/bin/cmake --build /home/arvid/Documents/ros2/ws/build/cpp_srvcli -- -j12 -l12
[0.107s] [ 50%] Built target server
[0.113s] [100%] Built target client
[0.133s] Invoked command in '/home/arvid/Documents/ros2/ws/build/cpp_srvcli' returned '0': CMAKE_PREFIX_PATH=/opt/ros/galactic /usr/bin/cmake --build /home/arvid/Documents/ros2/ws/build/cpp_srvcli -- -j12 -l12
[0.191s] Invoking command in '/home/arvid/Documents/ros2/ws/build/cpp_srvcli': CMAKE_PREFIX_PATH=/opt/ros/galactic /usr/bin/cmake --install /home/arvid/Documents/ros2/ws/build/cpp_srvcli
[0.203s] -- Install configuration: ""
[0.203s] -- Up-to-date: /home/arvid/Documents/ros2/ws/install/cpp_srvcli/lib/cpp_srvcli/server
[0.204s] -- Up-to-date: /home/arvid/Documents/ros2/ws/install/cpp_srvcli/lib/cpp_srvcli/client
[0.204s] -- Up-to-date: /home/arvid/Documents/ros2/ws/install/cpp_srvcli/share/ament_index/resource_index/package_run_dependencies/cpp_srvcli
[0.205s] -- Up-to-date: /home/arvid/Documents/ros2/ws/install/cpp_srvcli/share/ament_index/resource_index/parent_prefix_path/cpp_srvcli
[0.205s] -- Up-to-date: /home/arvid/Documents/ros2/ws/install/cpp_srvcli/share/cpp_srvcli/environment/ament_prefix_path.sh
[0.205s] -- Up-to-date: /home/arvid/Documents/ros2/ws/install/cpp_srvcli/share/cpp_srvcli/environment/ament_prefix_path.dsv
[0.205s] -- Up-to-date: /home/arvid/Documents/ros2/ws/install/cpp_srvcli/share/cpp_srvcli/environment/path.sh
[0.206s] -- Up-to-date: /home/arvid/Documents/ros2/ws/install/cpp_srvcli/share/cpp_srvcli/environment/path.dsv
[0.208s] -- Up-to-date: /home/arvid/Documents/ros2/ws/install/cpp_srvcli/share/cpp_srvcli/local_setup.bash
[0.209s] -- Up-to-date: /home/arvid/Documents/ros2/ws/install/cpp_srvcli/share/cpp_srvcli/local_setup.sh
[0.209s] -- Up-to-date: /home/arvid/Documents/ros2/ws/install/cpp_srvcli/share/cpp_srvcli/local_setup.zsh
[0.210s] -- Up-to-date: /home/arvid/Documents/ros2/ws/install/cpp_srvcli/share/cpp_srvcli/local_setup.dsv
[0.211s] -- Installing: /home/arvid/Documents/ros2/ws/install/cpp_srvcli/share/cpp_srvcli/package.dsv
[0.211s] -- Up-to-date: /home/arvid/Documents/ros2/ws/install/cpp_srvcli/share/ament_index/resource_index/packages/cpp_srvcli
[0.211s] -- Up-to-date: /home/arvid/Documents/ros2/ws/install/cpp_srvcli/share/cpp_srvcli/cmake/cpp_srvcliConfig.cmake
[0.212s] -- Up-to-date: /home/arvid/Documents/ros2/ws/install/cpp_srvcli/share/cpp_srvcli/cmake/cpp_srvcliConfig-version.cmake
[0.212s] -- Up-to-date: /home/arvid/Documents/ros2/ws/install/cpp_srvcli/share/cpp_srvcli/package.xml
[0.213s] Invoked command in '/home/arvid/Documents/ros2/ws/build/cpp_srvcli' returned '0': CMAKE_PREFIX_PATH=/opt/ros/galactic /usr/bin/cmake --install /home/arvid/Documents/ros2/ws/build/cpp_srvcli
