[0.023s] Invoking command in '/home/arvid/Documents/ros2/ws/build/lidar_cpp': CMAKE_PREFIX_PATH=/opt/ros/galactic /usr/bin/cmake --build /home/arvid/Documents/ros2/ws/build/lidar_cpp -- -j12 -l12
[0.053s] -- Found ament_cmake: 1.1.5 (/opt/ros/galactic/share/ament_cmake/cmake)
[0.078s] -- Using PYTHON_EXECUTABLE: /usr/bin/python3
[0.144s] -- Found rclcpp: 9.2.0 (/opt/ros/galactic/share/rclcpp/cmake)
[0.190s] -- Using all available rosidl_typesupport_c: rosidl_typesupport_fastrtps_c;rosidl_typesupport_introspection_c
[0.194s] -- Found rosidl_adapter: 2.2.1 (/opt/ros/galactic/share/rosidl_adapter/cmake)
[0.347s] -- Using all available rosidl_typesupport_cpp: rosidl_typesupport_fastrtps_cpp;rosidl_typesupport_introspection_cpp
[0.406s] -- Found rmw_implementation_cmake: 3.3.1 (/opt/ros/galactic/share/rmw_implementation_cmake/cmake)
[0.408s] -- Found rmw_cyclonedds_cpp: 0.22.4 (/opt/ros/galactic/share/rmw_cyclonedds_cpp/cmake)
[0.431s] -- Using RMW implementation 'rmw_cyclonedds_cpp' as default
[0.591s] -- Found sensor_msgs: 2.2.4 (/opt/ros/galactic/share/sensor_msgs/cmake)
[0.725s] -- Found ament_lint_auto: 0.10.6 (/opt/ros/galactic/share/ament_lint_auto/cmake)
[0.805s] -- Added test 'copyright' to check source files copyright and LICENSE
[0.806s] -- Added test 'cppcheck' to perform static code analysis on C / C++ code
[0.806s] -- Configured cppcheck include dirs: 
[0.806s] -- Configured cppcheck exclude dirs and/or files: 
[0.807s] -- Added test 'cpplint' to check C / C++ code against the Google style
[0.807s] -- Configured cpplint exclude dirs and/or files: 
[0.808s] -- Added test 'lint_cmake' to check CMake code style
[0.809s] -- Added test 'uncrustify' to check C / C++ code style
[0.809s] -- Configured uncrustify additional arguments: 
[0.809s] -- Added test 'xmllint' to check XML markup files
[0.812s] -- Configuring done
[0.815s] -- Generating done
[0.817s] -- Build files have been written to: /home/arvid/Documents/ros2/ws/build/lidar_cpp
[0.845s] Invoked command in '/home/arvid/Documents/ros2/ws/build/lidar_cpp' returned '0': CMAKE_PREFIX_PATH=/opt/ros/galactic /usr/bin/cmake --build /home/arvid/Documents/ros2/ws/build/lidar_cpp -- -j12 -l12
[0.878s] Invoking command in '/home/arvid/Documents/ros2/ws/build/lidar_cpp': CMAKE_PREFIX_PATH=/opt/ros/galactic /usr/bin/cmake --install /home/arvid/Documents/ros2/ws/build/lidar_cpp
[0.892s] -- Install configuration: ""
[0.893s] -- Installing: /home/arvid/Documents/ros2/ws/install/lidar_cpp/share/ament_index/resource_index/package_run_dependencies/lidar_cpp
[0.894s] -- Up-to-date: /home/arvid/Documents/ros2/ws/install/lidar_cpp/share/ament_index/resource_index/parent_prefix_path/lidar_cpp
[0.894s] -- Up-to-date: /home/arvid/Documents/ros2/ws/install/lidar_cpp/share/lidar_cpp/environment/ament_prefix_path.sh
[0.894s] -- Installing: /home/arvid/Documents/ros2/ws/install/lidar_cpp/share/lidar_cpp/environment/ament_prefix_path.dsv
[0.895s] -- Up-to-date: /home/arvid/Documents/ros2/ws/install/lidar_cpp/share/lidar_cpp/environment/path.sh
[0.896s] -- Installing: /home/arvid/Documents/ros2/ws/install/lidar_cpp/share/lidar_cpp/environment/path.dsv
[0.899s] -- Up-to-date: /home/arvid/Documents/ros2/ws/install/lidar_cpp/share/lidar_cpp/local_setup.bash
[0.900s] -- Up-to-date: /home/arvid/Documents/ros2/ws/install/lidar_cpp/share/lidar_cpp/local_setup.sh
[0.900s] -- Up-to-date: /home/arvid/Documents/ros2/ws/install/lidar_cpp/share/lidar_cpp/local_setup.zsh
[0.901s] -- Installing: /home/arvid/Documents/ros2/ws/install/lidar_cpp/share/lidar_cpp/local_setup.dsv
[0.901s] -- Installing: /home/arvid/Documents/ros2/ws/install/lidar_cpp/share/lidar_cpp/package.dsv
[0.902s] -- Up-to-date: /home/arvid/Documents/ros2/ws/install/lidar_cpp/share/ament_index/resource_index/packages/lidar_cpp
[0.903s] -- Up-to-date: /home/arvid/Documents/ros2/ws/install/lidar_cpp/share/lidar_cpp/cmake/lidar_cppConfig.cmake
[0.903s] -- Up-to-date: /home/arvid/Documents/ros2/ws/install/lidar_cpp/share/lidar_cpp/cmake/lidar_cppConfig-version.cmake
[0.904s] -- Installing: /home/arvid/Documents/ros2/ws/install/lidar_cpp/share/lidar_cpp/package.xml
[0.905s] Invoked command in '/home/arvid/Documents/ros2/ws/build/lidar_cpp' returned '0': CMAKE_PREFIX_PATH=/opt/ros/galactic /usr/bin/cmake --install /home/arvid/Documents/ros2/ws/build/lidar_cpp
