[0.138s] DEBUG:colcon:Command line arguments: ['/usr/bin/colcon', 'build']
[0.139s] DEBUG:colcon:Parsed command line arguments: Namespace(allow_overriding=[], ament_cmake_args=None, base_paths=['.'], build_base='build', catkin_cmake_args=None, catkin_skip_building_tests=False, cmake_args=None, cmake_clean_cache=False, cmake_clean_first=False, cmake_force_configure=False, cmake_target=None, cmake_target_skip_unavailable=False, continue_on_error=False, event_handlers=None, executor='parallel', ignore_user_meta=False, install_base='install', log_base=None, log_level=None, main=<bound method BuildVerb.main of <colcon_core.verb.build.BuildVerb object at 0x7f4ad6c08d90>>, merge_install=False, metas=['./colcon.meta'], packages_above=None, packages_above_and_dependencies=None, packages_above_depth=None, packages_end=None, packages_ignore=None, packages_ignore_regex=None, packages_select=None, packages_select_build_failed=False, packages_select_by_dep=None, packages_select_regex=None, packages_select_test_failures=False, packages_skip=None, packages_skip_build_finished=False, packages_skip_by_dep=None, packages_skip_regex=None, packages_skip_test_passed=False, packages_skip_up_to=None, packages_start=None, packages_up_to=None, packages_up_to_regex=None, parallel_workers=12, paths=None, symlink_install=False, test_result_base=None, verb_extension=<colcon_core.verb.build.BuildVerb object at 0x7f4ad6c08d90>, verb_name='build', verb_parser=<colcon_defaults.argument_parser.defaults.DefaultArgumentsDecorator object at 0x7f4ad6c11340>)
[0.143s] Level 1:colcon.colcon_core.package_discovery:discover_packages(colcon_meta) check parameters
[0.143s] Level 1:colcon.colcon_core.package_discovery:discover_packages(recursive) check parameters
[0.143s] Level 1:colcon.colcon_core.package_discovery:discover_packages(ignore) check parameters
[0.143s] Level 1:colcon.colcon_core.package_discovery:discover_packages(path) check parameters
[0.143s] Level 1:colcon.colcon_core.package_discovery:discover_packages(colcon_meta) discover
[0.143s] Level 1:colcon.colcon_core.package_discovery:discover_packages(recursive) discover
[0.143s] INFO:colcon.colcon_core.package_discovery:Crawling recursively for packages in '/home/arvid/Documents/ros2/ws'
[0.143s] Level 1:colcon.colcon_core.package_identification:_identify(.) by extensions ['ignore', 'ignore_ament_install']
[0.144s] Level 1:colcon.colcon_core.package_identification:_identify(.) by extension 'ignore'
[0.144s] Level 1:colcon.colcon_core.package_identification:_identify(.) by extension 'ignore_ament_install'
[0.144s] Level 1:colcon.colcon_core.package_identification:_identify(.) by extensions ['colcon_pkg']
[0.144s] Level 1:colcon.colcon_core.package_identification:_identify(.) by extension 'colcon_pkg'
[0.144s] Level 1:colcon.colcon_core.package_identification:_identify(.) by extensions ['colcon_meta']
[0.144s] Level 1:colcon.colcon_core.package_identification:_identify(.) by extension 'colcon_meta'
[0.144s] Level 1:colcon.colcon_core.package_identification:_identify(.) by extensions ['ros']
[0.144s] Level 1:colcon.colcon_core.package_identification:_identify(.) by extension 'ros'
[0.155s] Level 1:colcon.colcon_core.package_identification:_identify(.) by extensions ['cmake', 'python']
[0.155s] Level 1:colcon.colcon_core.package_identification:_identify(.) by extension 'cmake'
[0.155s] Level 1:colcon.colcon_core.package_identification:_identify(.) by extension 'python'
[0.155s] Level 1:colcon.colcon_core.package_identification:_identify(.) by extensions ['python_setup_py']
[0.155s] Level 1:colcon.colcon_core.package_identification:_identify(.) by extension 'python_setup_py'
[0.156s] Level 1:colcon.colcon_core.package_identification:_identify(build) by extensions ['ignore', 'ignore_ament_install']
[0.156s] Level 1:colcon.colcon_core.package_identification:_identify(build) by extension 'ignore'
[0.156s] Level 1:colcon.colcon_core.package_identification:_identify(build) ignored
[0.156s] Level 1:colcon.colcon_core.package_identification:_identify(install) by extensions ['ignore', 'ignore_ament_install']
[0.156s] Level 1:colcon.colcon_core.package_identification:_identify(install) by extension 'ignore'
[0.156s] Level 1:colcon.colcon_core.package_identification:_identify(install) ignored
[0.156s] Level 1:colcon.colcon_core.package_identification:_identify(log) by extensions ['ignore', 'ignore_ament_install']
[0.156s] Level 1:colcon.colcon_core.package_identification:_identify(log) by extension 'ignore'
[0.156s] Level 1:colcon.colcon_core.package_identification:_identify(log) ignored
[0.156s] Level 1:colcon.colcon_core.package_identification:_identify(src) by extensions ['ignore', 'ignore_ament_install']
[0.156s] Level 1:colcon.colcon_core.package_identification:_identify(src) by extension 'ignore'
[0.156s] Level 1:colcon.colcon_core.package_identification:_identify(src) by extension 'ignore_ament_install'
[0.157s] Level 1:colcon.colcon_core.package_identification:_identify(src) by extensions ['colcon_pkg']
[0.157s] Level 1:colcon.colcon_core.package_identification:_identify(src) by extension 'colcon_pkg'
[0.157s] Level 1:colcon.colcon_core.package_identification:_identify(src) by extensions ['colcon_meta']
[0.157s] Level 1:colcon.colcon_core.package_identification:_identify(src) by extension 'colcon_meta'
[0.157s] Level 1:colcon.colcon_core.package_identification:_identify(src) by extensions ['ros']
[0.157s] Level 1:colcon.colcon_core.package_identification:_identify(src) by extension 'ros'
[0.157s] Level 1:colcon.colcon_core.package_identification:_identify(src) by extensions ['cmake', 'python']
[0.157s] Level 1:colcon.colcon_core.package_identification:_identify(src) by extension 'cmake'
[0.157s] Level 1:colcon.colcon_core.package_identification:_identify(src) by extension 'python'
[0.157s] Level 1:colcon.colcon_core.package_identification:_identify(src) by extensions ['python_setup_py']
[0.157s] Level 1:colcon.colcon_core.package_identification:_identify(src) by extension 'python_setup_py'
[0.157s] Level 1:colcon.colcon_core.package_identification:_identify(src/cpp_srvcli) by extensions ['ignore', 'ignore_ament_install']
[0.157s] Level 1:colcon.colcon_core.package_identification:_identify(src/cpp_srvcli) by extension 'ignore'
[0.157s] Level 1:colcon.colcon_core.package_identification:_identify(src/cpp_srvcli) by extension 'ignore_ament_install'
[0.157s] Level 1:colcon.colcon_core.package_identification:_identify(src/cpp_srvcli) by extensions ['colcon_pkg']
[0.157s] Level 1:colcon.colcon_core.package_identification:_identify(src/cpp_srvcli) by extension 'colcon_pkg'
[0.157s] Level 1:colcon.colcon_core.package_identification:_identify(src/cpp_srvcli) by extensions ['colcon_meta']
[0.158s] Level 1:colcon.colcon_core.package_identification:_identify(src/cpp_srvcli) by extension 'colcon_meta'
[0.158s] Level 1:colcon.colcon_core.package_identification:_identify(src/cpp_srvcli) by extensions ['ros']
[0.158s] Level 1:colcon.colcon_core.package_identification:_identify(src/cpp_srvcli) by extension 'ros'
[0.160s] DEBUG:colcon.colcon_core.package_identification:Package 'src/cpp_srvcli' with type 'ros.ament_cmake' and name 'cpp_srvcli'
[0.160s] Level 1:colcon.colcon_core.package_identification:_identify(src/lidar_cpp) by extensions ['ignore', 'ignore_ament_install']
[0.160s] Level 1:colcon.colcon_core.package_identification:_identify(src/lidar_cpp) by extension 'ignore'
[0.160s] Level 1:colcon.colcon_core.package_identification:_identify(src/lidar_cpp) by extension 'ignore_ament_install'
[0.160s] Level 1:colcon.colcon_core.package_identification:_identify(src/lidar_cpp) by extensions ['colcon_pkg']
[0.160s] Level 1:colcon.colcon_core.package_identification:_identify(src/lidar_cpp) by extension 'colcon_pkg'
[0.160s] Level 1:colcon.colcon_core.package_identification:_identify(src/lidar_cpp) by extensions ['colcon_meta']
[0.160s] Level 1:colcon.colcon_core.package_identification:_identify(src/lidar_cpp) by extension 'colcon_meta'
[0.160s] Level 1:colcon.colcon_core.package_identification:_identify(src/lidar_cpp) by extensions ['ros']
[0.161s] Level 1:colcon.colcon_core.package_identification:_identify(src/lidar_cpp) by extension 'ros'
[0.161s] DEBUG:colcon.colcon_core.package_identification:Package 'src/lidar_cpp' with type 'ros.ament_cmake' and name 'lidar_cpp'
[0.161s] Level 1:colcon.colcon_core.package_discovery:discover_packages(recursive) using defaults
[0.161s] Level 1:colcon.colcon_core.package_discovery:discover_packages(ignore) discover
[0.161s] Level 1:colcon.colcon_core.package_discovery:discover_packages(ignore) using defaults
[0.162s] Level 1:colcon.colcon_core.package_discovery:discover_packages(path) discover
[0.162s] Level 1:colcon.colcon_core.package_discovery:discover_packages(path) using defaults
[0.179s] Level 5:colcon.colcon_core.verb:set package 'cpp_srvcli' build argument 'cmake_args' from command line to 'None'
[0.179s] Level 5:colcon.colcon_core.verb:set package 'cpp_srvcli' build argument 'cmake_target' from command line to 'None'
[0.179s] Level 5:colcon.colcon_core.verb:set package 'cpp_srvcli' build argument 'cmake_target_skip_unavailable' from command line to 'False'
[0.179s] Level 5:colcon.colcon_core.verb:set package 'cpp_srvcli' build argument 'cmake_clean_cache' from command line to 'False'
[0.179s] Level 5:colcon.colcon_core.verb:set package 'cpp_srvcli' build argument 'cmake_clean_first' from command line to 'False'
[0.179s] Level 5:colcon.colcon_core.verb:set package 'cpp_srvcli' build argument 'cmake_force_configure' from command line to 'False'
[0.179s] Level 5:colcon.colcon_core.verb:set package 'cpp_srvcli' build argument 'ament_cmake_args' from command line to 'None'
[0.179s] Level 5:colcon.colcon_core.verb:set package 'cpp_srvcli' build argument 'catkin_cmake_args' from command line to 'None'
[0.180s] Level 5:colcon.colcon_core.verb:set package 'cpp_srvcli' build argument 'catkin_skip_building_tests' from command line to 'False'
[0.180s] DEBUG:colcon.colcon_core.verb:Building package 'cpp_srvcli' with the following arguments: {'ament_cmake_args': None, 'build_base': '/home/arvid/Documents/ros2/ws/build/cpp_srvcli', 'catkin_cmake_args': None, 'catkin_skip_building_tests': False, 'cmake_args': None, 'cmake_clean_cache': False, 'cmake_clean_first': False, 'cmake_force_configure': False, 'cmake_target': None, 'cmake_target_skip_unavailable': False, 'install_base': '/home/arvid/Documents/ros2/ws/install/cpp_srvcli', 'merge_install': False, 'path': '/home/arvid/Documents/ros2/ws/src/cpp_srvcli', 'symlink_install': False, 'test_result_base': None}
[0.180s] Level 5:colcon.colcon_core.verb:set package 'lidar_cpp' build argument 'cmake_args' from command line to 'None'
[0.180s] Level 5:colcon.colcon_core.verb:set package 'lidar_cpp' build argument 'cmake_target' from command line to 'None'
[0.180s] Level 5:colcon.colcon_core.verb:set package 'lidar_cpp' build argument 'cmake_target_skip_unavailable' from command line to 'False'
[0.180s] Level 5:colcon.colcon_core.verb:set package 'lidar_cpp' build argument 'cmake_clean_cache' from command line to 'False'
[0.180s] Level 5:colcon.colcon_core.verb:set package 'lidar_cpp' build argument 'cmake_clean_first' from command line to 'False'
[0.180s] Level 5:colcon.colcon_core.verb:set package 'lidar_cpp' build argument 'cmake_force_configure' from command line to 'False'
[0.180s] Level 5:colcon.colcon_core.verb:set package 'lidar_cpp' build argument 'ament_cmake_args' from command line to 'None'
[0.181s] Level 5:colcon.colcon_core.verb:set package 'lidar_cpp' build argument 'catkin_cmake_args' from command line to 'None'
[0.181s] Level 5:colcon.colcon_core.verb:set package 'lidar_cpp' build argument 'catkin_skip_building_tests' from command line to 'False'
[0.181s] DEBUG:colcon.colcon_core.verb:Building package 'lidar_cpp' with the following arguments: {'ament_cmake_args': None, 'build_base': '/home/arvid/Documents/ros2/ws/build/lidar_cpp', 'catkin_cmake_args': None, 'catkin_skip_building_tests': False, 'cmake_args': None, 'cmake_clean_cache': False, 'cmake_clean_first': False, 'cmake_force_configure': False, 'cmake_target': None, 'cmake_target_skip_unavailable': False, 'install_base': '/home/arvid/Documents/ros2/ws/install/lidar_cpp', 'merge_install': False, 'path': '/home/arvid/Documents/ros2/ws/src/lidar_cpp', 'symlink_install': False, 'test_result_base': None}
[0.184s] INFO:colcon.colcon_core.executor:Executing jobs using 'parallel' executor
[0.186s] DEBUG:colcon.colcon_parallel_executor.executor.parallel:run_until_complete
[0.186s] INFO:colcon.colcon_ros.task.ament_cmake.build:Building ROS package in '/home/arvid/Documents/ros2/ws/src/cpp_srvcli' with build type 'ament_cmake'
[0.186s] INFO:colcon.colcon_cmake.task.cmake.build:Building CMake package in '/home/arvid/Documents/ros2/ws/src/cpp_srvcli'
[0.190s] INFO:colcon.colcon_core.plugin_system:Skipping extension 'colcon_core.shell.bat': Not used on non-Windows systems
[0.190s] INFO:colcon.colcon_core.shell:Skip shell extension 'powershell' for command environment: Not usable outside of PowerShell
[0.190s] DEBUG:colcon.colcon_core.shell:Skip shell extension 'dsv' for command environment
[0.196s] INFO:colcon.colcon_ros.task.ament_cmake.build:Building ROS package in '/home/arvid/Documents/ros2/ws/src/lidar_cpp' with build type 'ament_cmake'
[0.197s] INFO:colcon.colcon_cmake.task.cmake.build:Building CMake package in '/home/arvid/Documents/ros2/ws/src/lidar_cpp'
[0.199s] INFO:colcon.colcon_core.shell:Skip shell extension 'powershell' for command environment: Not usable outside of PowerShell
[0.199s] DEBUG:colcon.colcon_core.shell:Skip shell extension 'dsv' for command environment
[0.217s] DEBUG:colcon.colcon_core.event_handler.log_command:Invoking command in '/home/arvid/Documents/ros2/ws/build/cpp_srvcli': CMAKE_PREFIX_PATH=/opt/ros/galactic /usr/bin/cmake --build /home/arvid/Documents/ros2/ws/build/cpp_srvcli -- -j12 -l12
[0.224s] DEBUG:colcon.colcon_core.event_handler.log_command:Invoking command in '/home/arvid/Documents/ros2/ws/build/lidar_cpp': CMAKE_PREFIX_PATH=/opt/ros/galactic /usr/bin/cmake --build /home/arvid/Documents/ros2/ws/build/lidar_cpp -- -j12 -l12
[0.279s] DEBUG:colcon.colcon_core.event_handler.log_command:Invoked command in '/home/arvid/Documents/ros2/ws/build/lidar_cpp' returned '0': CMAKE_PREFIX_PATH=/opt/ros/galactic /usr/bin/cmake --build /home/arvid/Documents/ros2/ws/build/lidar_cpp -- -j12 -l12
[0.327s] DEBUG:colcon.colcon_core.event_handler.log_command:Invoking command in '/home/arvid/Documents/ros2/ws/build/lidar_cpp': CMAKE_PREFIX_PATH=/opt/ros/galactic /usr/bin/cmake --install /home/arvid/Documents/ros2/ws/build/lidar_cpp
[0.331s] DEBUG:colcon.colcon_core.event_handler.log_command:Invoked command in '/home/arvid/Documents/ros2/ws/build/cpp_srvcli' returned '0': CMAKE_PREFIX_PATH=/opt/ros/galactic /usr/bin/cmake --build /home/arvid/Documents/ros2/ws/build/cpp_srvcli -- -j12 -l12
[0.341s] Level 1:colcon.colcon_core.environment:create_environment_scripts_only(lidar_cpp)
[0.342s] DEBUG:colcon.colcon_core.event_handler.log_command:Invoked command in '/home/arvid/Documents/ros2/ws/build/lidar_cpp' returned '0': CMAKE_PREFIX_PATH=/opt/ros/galactic /usr/bin/cmake --install /home/arvid/Documents/ros2/ws/build/lidar_cpp
[0.348s] Level 1:colcon.colcon_core.environment:checking '/home/arvid/Documents/ros2/ws/install/lidar_cpp' for CMake module files
[0.349s] Level 1:colcon.colcon_core.environment:checking '/home/arvid/Documents/ros2/ws/install/lidar_cpp' for CMake config files
[0.349s] Level 1:colcon.colcon_core.shell:create_environment_hook('lidar_cpp', 'cmake_prefix_path')
[0.350s] INFO:colcon.colcon_core.shell:Creating environment hook '/home/arvid/Documents/ros2/ws/install/lidar_cpp/share/lidar_cpp/hook/cmake_prefix_path.ps1'
[0.351s] INFO:colcon.colcon_core.shell:Creating environment descriptor '/home/arvid/Documents/ros2/ws/install/lidar_cpp/share/lidar_cpp/hook/cmake_prefix_path.dsv'
[0.351s] INFO:colcon.colcon_core.shell:Creating environment hook '/home/arvid/Documents/ros2/ws/install/lidar_cpp/share/lidar_cpp/hook/cmake_prefix_path.sh'
[0.352s] Level 1:colcon.colcon_core.environment:checking '/home/arvid/Documents/ros2/ws/install/lidar_cpp/bin'
[0.352s] Level 1:colcon.colcon_core.environment:checking '/home/arvid/Documents/ros2/ws/install/lidar_cpp/lib/pkgconfig/lidar_cpp.pc'
[0.353s] Level 1:colcon.colcon_core.environment:checking '/home/arvid/Documents/ros2/ws/install/lidar_cpp/lib/python3.8/site-packages'
[0.353s] INFO:colcon.colcon_core.shell:Creating package script '/home/arvid/Documents/ros2/ws/install/lidar_cpp/share/lidar_cpp/package.ps1'
[0.354s] INFO:colcon.colcon_core.shell:Creating package descriptor '/home/arvid/Documents/ros2/ws/install/lidar_cpp/share/lidar_cpp/package.dsv'
[0.355s] INFO:colcon.colcon_core.shell:Creating package script '/home/arvid/Documents/ros2/ws/install/lidar_cpp/share/lidar_cpp/package.sh'
[0.356s] INFO:colcon.colcon_core.shell:Creating package script '/home/arvid/Documents/ros2/ws/install/lidar_cpp/share/lidar_cpp/package.bash'
[0.357s] INFO:colcon.colcon_core.shell:Creating package script '/home/arvid/Documents/ros2/ws/install/lidar_cpp/share/lidar_cpp/package.zsh'
[0.357s] Level 1:colcon.colcon_core.environment:create_file_with_runtime_dependencies(/home/arvid/Documents/ros2/ws/install/lidar_cpp/share/colcon-core/packages/lidar_cpp)
[0.365s] DEBUG:colcon.colcon_core.event_handler.log_command:Invoking command in '/home/arvid/Documents/ros2/ws/build/cpp_srvcli': CMAKE_PREFIX_PATH=/opt/ros/galactic /usr/bin/cmake --install /home/arvid/Documents/ros2/ws/build/cpp_srvcli
[0.379s] Level 1:colcon.colcon_core.environment:create_environment_scripts_only(cpp_srvcli)
[0.381s] Level 1:colcon.colcon_core.environment:checking '/home/arvid/Documents/ros2/ws/install/cpp_srvcli' for CMake module files
[0.382s] Level 1:colcon.colcon_core.environment:checking '/home/arvid/Documents/ros2/ws/install/cpp_srvcli' for CMake config files
[0.384s] DEBUG:colcon.colcon_core.event_handler.log_command:Invoked command in '/home/arvid/Documents/ros2/ws/build/cpp_srvcli' returned '0': CMAKE_PREFIX_PATH=/opt/ros/galactic /usr/bin/cmake --install /home/arvid/Documents/ros2/ws/build/cpp_srvcli
[0.384s] Level 1:colcon.colcon_core.shell:create_environment_hook('cpp_srvcli', 'cmake_prefix_path')
[0.384s] INFO:colcon.colcon_core.shell:Creating environment hook '/home/arvid/Documents/ros2/ws/install/cpp_srvcli/share/cpp_srvcli/hook/cmake_prefix_path.ps1'
[0.385s] INFO:colcon.colcon_core.shell:Creating environment descriptor '/home/arvid/Documents/ros2/ws/install/cpp_srvcli/share/cpp_srvcli/hook/cmake_prefix_path.dsv'
[0.385s] INFO:colcon.colcon_core.shell:Creating environment hook '/home/arvid/Documents/ros2/ws/install/cpp_srvcli/share/cpp_srvcli/hook/cmake_prefix_path.sh'
[0.386s] Level 1:colcon.colcon_core.environment:checking '/home/arvid/Documents/ros2/ws/install/cpp_srvcli/lib'
[0.386s] Level 1:colcon.colcon_core.environment:checking '/home/arvid/Documents/ros2/ws/install/cpp_srvcli/bin'
[0.386s] Level 1:colcon.colcon_core.environment:checking '/home/arvid/Documents/ros2/ws/install/cpp_srvcli/lib/pkgconfig/cpp_srvcli.pc'
[0.387s] Level 1:colcon.colcon_core.environment:checking '/home/arvid/Documents/ros2/ws/install/cpp_srvcli/lib/python3.8/site-packages'
[0.387s] INFO:colcon.colcon_core.shell:Creating package script '/home/arvid/Documents/ros2/ws/install/cpp_srvcli/share/cpp_srvcli/package.ps1'
[0.388s] INFO:colcon.colcon_core.shell:Creating package descriptor '/home/arvid/Documents/ros2/ws/install/cpp_srvcli/share/cpp_srvcli/package.dsv'
[0.388s] INFO:colcon.colcon_core.shell:Creating package script '/home/arvid/Documents/ros2/ws/install/cpp_srvcli/share/cpp_srvcli/package.sh'
[0.389s] INFO:colcon.colcon_core.shell:Creating package script '/home/arvid/Documents/ros2/ws/install/cpp_srvcli/share/cpp_srvcli/package.bash'
[0.389s] INFO:colcon.colcon_core.shell:Creating package script '/home/arvid/Documents/ros2/ws/install/cpp_srvcli/share/cpp_srvcli/package.zsh'
[0.389s] Level 1:colcon.colcon_core.environment:create_file_with_runtime_dependencies(/home/arvid/Documents/ros2/ws/install/cpp_srvcli/share/colcon-core/packages/cpp_srvcli)
[0.393s] Level 1:colcon.colcon_core.environment:create_environment_scripts_only(lidar_cpp)
[0.394s] Level 1:colcon.colcon_core.environment:checking '/home/arvid/Documents/ros2/ws/install/lidar_cpp' for CMake module files
[0.395s] Level 1:colcon.colcon_core.environment:checking '/home/arvid/Documents/ros2/ws/install/lidar_cpp' for CMake config files
[0.395s] Level 1:colcon.colcon_core.shell:create_environment_hook('lidar_cpp', 'cmake_prefix_path')
[0.396s] INFO:colcon.colcon_core.shell:Creating environment hook '/home/arvid/Documents/ros2/ws/install/lidar_cpp/share/lidar_cpp/hook/cmake_prefix_path.ps1'
[0.396s] INFO:colcon.colcon_core.shell:Creating environment descriptor '/home/arvid/Documents/ros2/ws/install/lidar_cpp/share/lidar_cpp/hook/cmake_prefix_path.dsv'
[0.397s] INFO:colcon.colcon_core.shell:Creating environment hook '/home/arvid/Documents/ros2/ws/install/lidar_cpp/share/lidar_cpp/hook/cmake_prefix_path.sh'
[0.397s] Level 1:colcon.colcon_core.environment:checking '/home/arvid/Documents/ros2/ws/install/lidar_cpp/bin'
[0.397s] Level 1:colcon.colcon_core.environment:checking '/home/arvid/Documents/ros2/ws/install/lidar_cpp/lib/pkgconfig/lidar_cpp.pc'
[0.398s] Level 1:colcon.colcon_core.environment:checking '/home/arvid/Documents/ros2/ws/install/lidar_cpp/lib/python3.8/site-packages'
[0.398s] INFO:colcon.colcon_core.shell:Creating package script '/home/arvid/Documents/ros2/ws/install/lidar_cpp/share/lidar_cpp/package.ps1'
[0.399s] INFO:colcon.colcon_core.shell:Creating package descriptor '/home/arvid/Documents/ros2/ws/install/lidar_cpp/share/lidar_cpp/package.dsv'
[0.399s] INFO:colcon.colcon_core.shell:Creating package script '/home/arvid/Documents/ros2/ws/install/lidar_cpp/share/lidar_cpp/package.sh'
[0.400s] INFO:colcon.colcon_core.shell:Creating package script '/home/arvid/Documents/ros2/ws/install/lidar_cpp/share/lidar_cpp/package.bash'
[0.400s] INFO:colcon.colcon_core.shell:Creating package script '/home/arvid/Documents/ros2/ws/install/lidar_cpp/share/lidar_cpp/package.zsh'
[0.401s] Level 1:colcon.colcon_core.environment:create_file_with_runtime_dependencies(/home/arvid/Documents/ros2/ws/install/lidar_cpp/share/colcon-core/packages/lidar_cpp)
[0.424s] Level 1:colcon.colcon_core.environment:create_environment_scripts_only(cpp_srvcli)
[0.426s] Level 1:colcon.colcon_core.environment:checking '/home/arvid/Documents/ros2/ws/install/cpp_srvcli' for CMake module files
[0.428s] Level 1:colcon.colcon_core.environment:checking '/home/arvid/Documents/ros2/ws/install/cpp_srvcli' for CMake config files
[0.428s] Level 1:colcon.colcon_core.shell:create_environment_hook('cpp_srvcli', 'cmake_prefix_path')
[0.429s] INFO:colcon.colcon_core.shell:Creating environment hook '/home/arvid/Documents/ros2/ws/install/cpp_srvcli/share/cpp_srvcli/hook/cmake_prefix_path.ps1'
[0.429s] INFO:colcon.colcon_core.shell:Creating environment descriptor '/home/arvid/Documents/ros2/ws/install/cpp_srvcli/share/cpp_srvcli/hook/cmake_prefix_path.dsv'
[0.430s] INFO:colcon.colcon_core.shell:Creating environment hook '/home/arvid/Documents/ros2/ws/install/cpp_srvcli/share/cpp_srvcli/hook/cmake_prefix_path.sh'
[0.430s] Level 1:colcon.colcon_core.environment:checking '/home/arvid/Documents/ros2/ws/install/cpp_srvcli/lib'
[0.430s] Level 1:colcon.colcon_core.environment:checking '/home/arvid/Documents/ros2/ws/install/cpp_srvcli/bin'
[0.431s] Level 1:colcon.colcon_core.environment:checking '/home/arvid/Documents/ros2/ws/install/cpp_srvcli/lib/pkgconfig/cpp_srvcli.pc'
[0.431s] Level 1:colcon.colcon_core.environment:checking '/home/arvid/Documents/ros2/ws/install/cpp_srvcli/lib/python3.8/site-packages'
[0.431s] INFO:colcon.colcon_core.shell:Creating package script '/home/arvid/Documents/ros2/ws/install/cpp_srvcli/share/cpp_srvcli/package.ps1'
[0.432s] INFO:colcon.colcon_core.shell:Creating package descriptor '/home/arvid/Documents/ros2/ws/install/cpp_srvcli/share/cpp_srvcli/package.dsv'
[0.432s] INFO:colcon.colcon_core.shell:Creating package script '/home/arvid/Documents/ros2/ws/install/cpp_srvcli/share/cpp_srvcli/package.sh'
[0.433s] INFO:colcon.colcon_core.shell:Creating package script '/home/arvid/Documents/ros2/ws/install/cpp_srvcli/share/cpp_srvcli/package.bash'
[0.433s] INFO:colcon.colcon_core.shell:Creating package script '/home/arvid/Documents/ros2/ws/install/cpp_srvcli/share/cpp_srvcli/package.zsh'
[0.434s] Level 1:colcon.colcon_core.environment:create_file_with_runtime_dependencies(/home/arvid/Documents/ros2/ws/install/cpp_srvcli/share/colcon-core/packages/cpp_srvcli)
[0.434s] DEBUG:colcon.colcon_parallel_executor.executor.parallel:closing loop
[0.434s] DEBUG:colcon.colcon_parallel_executor.executor.parallel:loop closed
[0.435s] DEBUG:colcon.colcon_parallel_executor.executor.parallel:run_until_complete finished with '0'
[0.435s] DEBUG:colcon.colcon_core.event_reactor:joining thread
[0.446s] INFO:colcon.colcon_core.plugin_system:Skipping extension 'colcon_notification.desktop_notification.terminal_notifier': Not used on non-Darwin systems
[0.446s] INFO:colcon.colcon_core.plugin_system:Skipping extension 'colcon_notification.desktop_notification.win32': Not used on non-Windows systems
[0.446s] INFO:colcon.colcon_notification.desktop_notification:Sending desktop notification using 'notify2'
[0.466s] DEBUG:colcon.colcon_core.event_reactor:joined thread
[0.467s] INFO:colcon.colcon_core.shell:Creating prefix script '/home/arvid/Documents/ros2/ws/install/local_setup.ps1'
[0.470s] INFO:colcon.colcon_core.shell:Creating prefix util module '/home/arvid/Documents/ros2/ws/install/_local_setup_util_ps1.py'
[0.473s] INFO:colcon.colcon_core.shell:Creating prefix chain script '/home/arvid/Documents/ros2/ws/install/setup.ps1'
[0.475s] INFO:colcon.colcon_core.shell:Creating prefix script '/home/arvid/Documents/ros2/ws/install/local_setup.sh'
[0.477s] INFO:colcon.colcon_core.shell:Creating prefix util module '/home/arvid/Documents/ros2/ws/install/_local_setup_util_sh.py'
[0.477s] INFO:colcon.colcon_core.shell:Creating prefix chain script '/home/arvid/Documents/ros2/ws/install/setup.sh'
[0.478s] INFO:colcon.colcon_core.shell:Creating prefix script '/home/arvid/Documents/ros2/ws/install/local_setup.bash'
[0.479s] INFO:colcon.colcon_core.shell:Creating prefix chain script '/home/arvid/Documents/ros2/ws/install/setup.bash'
[0.480s] INFO:colcon.colcon_core.shell:Creating prefix script '/home/arvid/Documents/ros2/ws/install/local_setup.zsh'
[0.481s] INFO:colcon.colcon_core.shell:Creating prefix chain script '/home/arvid/Documents/ros2/ws/install/setup.zsh'
