[0.141s] DEBUG:colcon:Command line arguments: ['/usr/bin/colcon', 'build']
[0.141s] DEBUG:colcon:Parsed command line arguments: Namespace(allow_overriding=[], ament_cmake_args=None, base_paths=['.'], build_base='build', catkin_cmake_args=None, catkin_skip_building_tests=False, cmake_args=None, cmake_clean_cache=False, cmake_clean_first=False, cmake_force_configure=False, cmake_target=None, cmake_target_skip_unavailable=False, continue_on_error=False, event_handlers=None, executor='parallel', ignore_user_meta=False, install_base='install', log_base=None, log_level=None, main=<bound method BuildVerb.main of <colcon_core.verb.build.BuildVerb object at 0x7f56509020a0>>, merge_install=False, metas=['./colcon.meta'], packages_above=None, packages_above_and_dependencies=None, packages_above_depth=None, packages_end=None, packages_ignore=None, packages_ignore_regex=None, packages_select=None, packages_select_build_failed=False, packages_select_by_dep=None, packages_select_regex=None, packages_select_test_failures=False, packages_skip=None, packages_skip_build_finished=False, packages_skip_by_dep=None, packages_skip_regex=None, packages_skip_test_passed=False, packages_skip_up_to=None, packages_start=None, packages_up_to=None, packages_up_to_regex=None, parallel_workers=12, paths=None, symlink_install=False, test_result_base=None, verb_extension=<colcon_core.verb.build.BuildVerb object at 0x7f56509020a0>, verb_name='build', verb_parser=<colcon_defaults.argument_parser.defaults.DefaultArgumentsDecorator object at 0x7f56509025e0>)
[0.146s] Level 1:colcon.colcon_core.package_discovery:discover_packages(colcon_meta) check parameters
[0.146s] Level 1:colcon.colcon_core.package_discovery:discover_packages(recursive) check parameters
[0.146s] Level 1:colcon.colcon_core.package_discovery:discover_packages(ignore) check parameters
[0.146s] Level 1:colcon.colcon_core.package_discovery:discover_packages(path) check parameters
[0.146s] Level 1:colcon.colcon_core.package_discovery:discover_packages(colcon_meta) discover
[0.146s] Level 1:colcon.colcon_core.package_discovery:discover_packages(recursive) discover
[0.146s] INFO:colcon.colcon_core.package_discovery:Crawling recursively for packages in '/home/arvid/Documents/ros2/ws'
[0.146s] Level 1:colcon.colcon_core.package_identification:_identify(.) by extensions ['ignore', 'ignore_ament_install']
[0.147s] Level 1:colcon.colcon_core.package_identification:_identify(.) by extension 'ignore'
[0.147s] Level 1:colcon.colcon_core.package_identification:_identify(.) by extension 'ignore_ament_install'
[0.147s] Level 1:colcon.colcon_core.package_identification:_identify(.) by extensions ['colcon_pkg']
[0.147s] Level 1:colcon.colcon_core.package_identification:_identify(.) by extension 'colcon_pkg'
[0.147s] Level 1:colcon.colcon_core.package_identification:_identify(.) by extensions ['colcon_meta']
[0.147s] Level 1:colcon.colcon_core.package_identification:_identify(.) by extension 'colcon_meta'
[0.147s] Level 1:colcon.colcon_core.package_identification:_identify(.) by extensions ['ros']
[0.147s] Level 1:colcon.colcon_core.package_identification:_identify(.) by extension 'ros'
[0.158s] Level 1:colcon.colcon_core.package_identification:_identify(.) by extensions ['cmake', 'python']
[0.158s] Level 1:colcon.colcon_core.package_identification:_identify(.) by extension 'cmake'
[0.158s] Level 1:colcon.colcon_core.package_identification:_identify(.) by extension 'python'
[0.158s] Level 1:colcon.colcon_core.package_identification:_identify(.) by extensions ['python_setup_py']
[0.158s] Level 1:colcon.colcon_core.package_identification:_identify(.) by extension 'python_setup_py'
[0.158s] Level 1:colcon.colcon_core.package_identification:_identify(build) by extensions ['ignore', 'ignore_ament_install']
[0.158s] Level 1:colcon.colcon_core.package_identification:_identify(build) by extension 'ignore'
[0.159s] Level 1:colcon.colcon_core.package_identification:_identify(build) ignored
[0.159s] Level 1:colcon.colcon_core.package_identification:_identify(install) by extensions ['ignore', 'ignore_ament_install']
[0.159s] Level 1:colcon.colcon_core.package_identification:_identify(install) by extension 'ignore'
[0.159s] Level 1:colcon.colcon_core.package_identification:_identify(install) ignored
[0.159s] Level 1:colcon.colcon_core.package_identification:_identify(log) by extensions ['ignore', 'ignore_ament_install']
[0.159s] Level 1:colcon.colcon_core.package_identification:_identify(log) by extension 'ignore'
[0.159s] Level 1:colcon.colcon_core.package_identification:_identify(log) ignored
[0.159s] Level 1:colcon.colcon_core.package_identification:_identify(src) by extensions ['ignore', 'ignore_ament_install']
[0.159s] Level 1:colcon.colcon_core.package_identification:_identify(src) by extension 'ignore'
[0.159s] Level 1:colcon.colcon_core.package_identification:_identify(src) by extension 'ignore_ament_install'
[0.159s] Level 1:colcon.colcon_core.package_identification:_identify(src) by extensions ['colcon_pkg']
[0.159s] Level 1:colcon.colcon_core.package_identification:_identify(src) by extension 'colcon_pkg'
[0.160s] Level 1:colcon.colcon_core.package_identification:_identify(src) by extensions ['colcon_meta']
[0.160s] Level 1:colcon.colcon_core.package_identification:_identify(src) by extension 'colcon_meta'
[0.160s] Level 1:colcon.colcon_core.package_identification:_identify(src) by extensions ['ros']
[0.160s] Level 1:colcon.colcon_core.package_identification:_identify(src) by extension 'ros'
[0.160s] Level 1:colcon.colcon_core.package_identification:_identify(src) by extensions ['cmake', 'python']
[0.160s] Level 1:colcon.colcon_core.package_identification:_identify(src) by extension 'cmake'
[0.160s] Level 1:colcon.colcon_core.package_identification:_identify(src) by extension 'python'
[0.160s] Level 1:colcon.colcon_core.package_identification:_identify(src) by extensions ['python_setup_py']
[0.160s] Level 1:colcon.colcon_core.package_identification:_identify(src) by extension 'python_setup_py'
[0.160s] Level 1:colcon.colcon_core.package_identification:_identify(src/cpp_srvcli) by extensions ['ignore', 'ignore_ament_install']
[0.160s] Level 1:colcon.colcon_core.package_identification:_identify(src/cpp_srvcli) by extension 'ignore'
[0.160s] Level 1:colcon.colcon_core.package_identification:_identify(src/cpp_srvcli) by extension 'ignore_ament_install'
[0.160s] Level 1:colcon.colcon_core.package_identification:_identify(src/cpp_srvcli) by extensions ['colcon_pkg']
[0.160s] Level 1:colcon.colcon_core.package_identification:_identify(src/cpp_srvcli) by extension 'colcon_pkg'
[0.160s] Level 1:colcon.colcon_core.package_identification:_identify(src/cpp_srvcli) by extensions ['colcon_meta']
[0.161s] Level 1:colcon.colcon_core.package_identification:_identify(src/cpp_srvcli) by extension 'colcon_meta'
[0.161s] Level 1:colcon.colcon_core.package_identification:_identify(src/cpp_srvcli) by extensions ['ros']
[0.161s] Level 1:colcon.colcon_core.package_identification:_identify(src/cpp_srvcli) by extension 'ros'
[0.163s] DEBUG:colcon.colcon_core.package_identification:Package 'src/cpp_srvcli' with type 'ros.ament_cmake' and name 'cpp_srvcli'
[0.163s] Level 1:colcon.colcon_core.package_identification:_identify(src/lidar_cpp) by extensions ['ignore', 'ignore_ament_install']
[0.163s] Level 1:colcon.colcon_core.package_identification:_identify(src/lidar_cpp) by extension 'ignore'
[0.163s] Level 1:colcon.colcon_core.package_identification:_identify(src/lidar_cpp) by extension 'ignore_ament_install'
[0.163s] Level 1:colcon.colcon_core.package_identification:_identify(src/lidar_cpp) by extensions ['colcon_pkg']
[0.163s] Level 1:colcon.colcon_core.package_identification:_identify(src/lidar_cpp) by extension 'colcon_pkg'
[0.163s] Level 1:colcon.colcon_core.package_identification:_identify(src/lidar_cpp) by extensions ['colcon_meta']
[0.163s] Level 1:colcon.colcon_core.package_identification:_identify(src/lidar_cpp) by extension 'colcon_meta'
[0.163s] Level 1:colcon.colcon_core.package_identification:_identify(src/lidar_cpp) by extensions ['ros']
[0.164s] Level 1:colcon.colcon_core.package_identification:_identify(src/lidar_cpp) by extension 'ros'
[0.164s] DEBUG:colcon.colcon_core.package_identification:Package 'src/lidar_cpp' with type 'ros.ament_cmake' and name 'lidar_cpp'
[0.164s] Level 1:colcon.colcon_core.package_discovery:discover_packages(recursive) using defaults
[0.164s] Level 1:colcon.colcon_core.package_discovery:discover_packages(ignore) discover
[0.165s] Level 1:colcon.colcon_core.package_discovery:discover_packages(ignore) using defaults
[0.165s] Level 1:colcon.colcon_core.package_discovery:discover_packages(path) discover
[0.165s] Level 1:colcon.colcon_core.package_discovery:discover_packages(path) using defaults
[0.182s] Level 5:colcon.colcon_core.verb:set package 'cpp_srvcli' build argument 'cmake_args' from command line to 'None'
[0.182s] Level 5:colcon.colcon_core.verb:set package 'cpp_srvcli' build argument 'cmake_target' from command line to 'None'
[0.182s] Level 5:colcon.colcon_core.verb:set package 'cpp_srvcli' build argument 'cmake_target_skip_unavailable' from command line to 'False'
[0.182s] Level 5:colcon.colcon_core.verb:set package 'cpp_srvcli' build argument 'cmake_clean_cache' from command line to 'False'
[0.182s] Level 5:colcon.colcon_core.verb:set package 'cpp_srvcli' build argument 'cmake_clean_first' from command line to 'False'
[0.182s] Level 5:colcon.colcon_core.verb:set package 'cpp_srvcli' build argument 'cmake_force_configure' from command line to 'False'
[0.182s] Level 5:colcon.colcon_core.verb:set package 'cpp_srvcli' build argument 'ament_cmake_args' from command line to 'None'
[0.183s] Level 5:colcon.colcon_core.verb:set package 'cpp_srvcli' build argument 'catkin_cmake_args' from command line to 'None'
[0.183s] Level 5:colcon.colcon_core.verb:set package 'cpp_srvcli' build argument 'catkin_skip_building_tests' from command line to 'False'
[0.183s] DEBUG:colcon.colcon_core.verb:Building package 'cpp_srvcli' with the following arguments: {'ament_cmake_args': None, 'build_base': '/home/arvid/Documents/ros2/ws/build/cpp_srvcli', 'catkin_cmake_args': None, 'catkin_skip_building_tests': False, 'cmake_args': None, 'cmake_clean_cache': False, 'cmake_clean_first': False, 'cmake_force_configure': False, 'cmake_target': None, 'cmake_target_skip_unavailable': False, 'install_base': '/home/arvid/Documents/ros2/ws/install/cpp_srvcli', 'merge_install': False, 'path': '/home/arvid/Documents/ros2/ws/src/cpp_srvcli', 'symlink_install': False, 'test_result_base': None}
[0.183s] Level 5:colcon.colcon_core.verb:set package 'lidar_cpp' build argument 'cmake_args' from command line to 'None'
[0.183s] Level 5:colcon.colcon_core.verb:set package 'lidar_cpp' build argument 'cmake_target' from command line to 'None'
[0.183s] Level 5:colcon.colcon_core.verb:set package 'lidar_cpp' build argument 'cmake_target_skip_unavailable' from command line to 'False'
[0.183s] Level 5:colcon.colcon_core.verb:set package 'lidar_cpp' build argument 'cmake_clean_cache' from command line to 'False'
[0.183s] Level 5:colcon.colcon_core.verb:set package 'lidar_cpp' build argument 'cmake_clean_first' from command line to 'False'
[0.183s] Level 5:colcon.colcon_core.verb:set package 'lidar_cpp' build argument 'cmake_force_configure' from command line to 'False'
[0.183s] Level 5:colcon.colcon_core.verb:set package 'lidar_cpp' build argument 'ament_cmake_args' from command line to 'None'
[0.184s] Level 5:colcon.colcon_core.verb:set package 'lidar_cpp' build argument 'catkin_cmake_args' from command line to 'None'
[0.184s] Level 5:colcon.colcon_core.verb:set package 'lidar_cpp' build argument 'catkin_skip_building_tests' from command line to 'False'
[0.184s] DEBUG:colcon.colcon_core.verb:Building package 'lidar_cpp' with the following arguments: {'ament_cmake_args': None, 'build_base': '/home/arvid/Documents/ros2/ws/build/lidar_cpp', 'catkin_cmake_args': None, 'catkin_skip_building_tests': False, 'cmake_args': None, 'cmake_clean_cache': False, 'cmake_clean_first': False, 'cmake_force_configure': False, 'cmake_target': None, 'cmake_target_skip_unavailable': False, 'install_base': '/home/arvid/Documents/ros2/ws/install/lidar_cpp', 'merge_install': False, 'path': '/home/arvid/Documents/ros2/ws/src/lidar_cpp', 'symlink_install': False, 'test_result_base': None}
[0.187s] INFO:colcon.colcon_core.executor:Executing jobs using 'parallel' executor
[0.189s] DEBUG:colcon.colcon_parallel_executor.executor.parallel:run_until_complete
[0.189s] INFO:colcon.colcon_ros.task.ament_cmake.build:Building ROS package in '/home/arvid/Documents/ros2/ws/src/cpp_srvcli' with build type 'ament_cmake'
[0.189s] INFO:colcon.colcon_cmake.task.cmake.build:Building CMake package in '/home/arvid/Documents/ros2/ws/src/cpp_srvcli'
[0.193s] INFO:colcon.colcon_core.plugin_system:Skipping extension 'colcon_core.shell.bat': Not used on non-Windows systems
[0.193s] INFO:colcon.colcon_core.shell:Skip shell extension 'powershell' for command environment: Not usable outside of PowerShell
[0.193s] DEBUG:colcon.colcon_core.shell:Skip shell extension 'dsv' for command environment
[0.199s] INFO:colcon.colcon_ros.task.ament_cmake.build:Building ROS package in '/home/arvid/Documents/ros2/ws/src/lidar_cpp' with build type 'ament_cmake'
[0.200s] INFO:colcon.colcon_cmake.task.cmake.build:Building CMake package in '/home/arvid/Documents/ros2/ws/src/lidar_cpp'
[0.201s] INFO:colcon.colcon_core.shell:Skip shell extension 'powershell' for command environment: Not usable outside of PowerShell
[0.201s] DEBUG:colcon.colcon_core.shell:Skip shell extension 'dsv' for command environment
[0.220s] DEBUG:colcon.colcon_core.event_handler.log_command:Invoking command in '/home/arvid/Documents/ros2/ws/build/cpp_srvcli': CMAKE_PREFIX_PATH=/opt/ros/galactic /usr/bin/cmake --build /home/arvid/Documents/ros2/ws/build/cpp_srvcli -- -j12 -l12
[0.231s] DEBUG:colcon.colcon_core.event_handler.log_command:Invoking command in '/home/arvid/Documents/ros2/ws/build/lidar_cpp': CMAKE_PREFIX_PATH=/opt/ros/galactic /usr/bin/cmake --build /home/arvid/Documents/ros2/ws/build/lidar_cpp -- -j12 -l12
[0.305s] DEBUG:colcon.colcon_core.event_handler.log_command:Invoked command in '/home/arvid/Documents/ros2/ws/build/cpp_srvcli' returned '0': CMAKE_PREFIX_PATH=/opt/ros/galactic /usr/bin/cmake --build /home/arvid/Documents/ros2/ws/build/cpp_srvcli -- -j12 -l12
[0.366s] DEBUG:colcon.colcon_core.event_handler.log_command:Invoking command in '/home/arvid/Documents/ros2/ws/build/cpp_srvcli': CMAKE_PREFIX_PATH=/opt/ros/galactic /usr/bin/cmake --install /home/arvid/Documents/ros2/ws/build/cpp_srvcli
[0.382s] Level 1:colcon.colcon_core.environment:create_environment_scripts_only(cpp_srvcli)
[0.389s] DEBUG:colcon.colcon_core.event_handler.log_command:Invoked command in '/home/arvid/Documents/ros2/ws/build/cpp_srvcli' returned '0': CMAKE_PREFIX_PATH=/opt/ros/galactic /usr/bin/cmake --install /home/arvid/Documents/ros2/ws/build/cpp_srvcli
[0.396s] Level 1:colcon.colcon_core.environment:checking '/home/arvid/Documents/ros2/ws/install/cpp_srvcli' for CMake module files
[0.398s] Level 1:colcon.colcon_core.environment:checking '/home/arvid/Documents/ros2/ws/install/cpp_srvcli' for CMake config files
[0.398s] Level 1:colcon.colcon_core.shell:create_environment_hook('cpp_srvcli', 'cmake_prefix_path')
[0.399s] INFO:colcon.colcon_core.shell:Creating environment hook '/home/arvid/Documents/ros2/ws/install/cpp_srvcli/share/cpp_srvcli/hook/cmake_prefix_path.ps1'
[0.400s] INFO:colcon.colcon_core.shell:Creating environment descriptor '/home/arvid/Documents/ros2/ws/install/cpp_srvcli/share/cpp_srvcli/hook/cmake_prefix_path.dsv'
[0.401s] INFO:colcon.colcon_core.shell:Creating environment hook '/home/arvid/Documents/ros2/ws/install/cpp_srvcli/share/cpp_srvcli/hook/cmake_prefix_path.sh'
[0.402s] Level 1:colcon.colcon_core.environment:checking '/home/arvid/Documents/ros2/ws/install/cpp_srvcli/lib'
[0.402s] Level 1:colcon.colcon_core.environment:checking '/home/arvid/Documents/ros2/ws/install/cpp_srvcli/bin'
[0.402s] Level 1:colcon.colcon_core.environment:checking '/home/arvid/Documents/ros2/ws/install/cpp_srvcli/lib/pkgconfig/cpp_srvcli.pc'
[0.402s] Level 1:colcon.colcon_core.environment:checking '/home/arvid/Documents/ros2/ws/install/cpp_srvcli/lib/python3.8/site-packages'
[0.403s] INFO:colcon.colcon_core.shell:Creating package script '/home/arvid/Documents/ros2/ws/install/cpp_srvcli/share/cpp_srvcli/package.ps1'
[0.404s] INFO:colcon.colcon_core.shell:Creating package descriptor '/home/arvid/Documents/ros2/ws/install/cpp_srvcli/share/cpp_srvcli/package.dsv'
[0.404s] INFO:colcon.colcon_core.shell:Creating package script '/home/arvid/Documents/ros2/ws/install/cpp_srvcli/share/cpp_srvcli/package.sh'
[0.405s] INFO:colcon.colcon_core.shell:Creating package script '/home/arvid/Documents/ros2/ws/install/cpp_srvcli/share/cpp_srvcli/package.bash'
[0.406s] INFO:colcon.colcon_core.shell:Creating package script '/home/arvid/Documents/ros2/ws/install/cpp_srvcli/share/cpp_srvcli/package.zsh'
[0.406s] Level 1:colcon.colcon_core.environment:create_file_with_runtime_dependencies(/home/arvid/Documents/ros2/ws/install/cpp_srvcli/share/colcon-core/packages/cpp_srvcli)
[0.443s] Level 1:colcon.colcon_core.environment:create_environment_scripts_only(cpp_srvcli)
[0.444s] Level 1:colcon.colcon_core.environment:checking '/home/arvid/Documents/ros2/ws/install/cpp_srvcli' for CMake module files
[0.445s] Level 1:colcon.colcon_core.environment:checking '/home/arvid/Documents/ros2/ws/install/cpp_srvcli' for CMake config files
[0.445s] Level 1:colcon.colcon_core.shell:create_environment_hook('cpp_srvcli', 'cmake_prefix_path')
[0.446s] INFO:colcon.colcon_core.shell:Creating environment hook '/home/arvid/Documents/ros2/ws/install/cpp_srvcli/share/cpp_srvcli/hook/cmake_prefix_path.ps1'
[0.447s] INFO:colcon.colcon_core.shell:Creating environment descriptor '/home/arvid/Documents/ros2/ws/install/cpp_srvcli/share/cpp_srvcli/hook/cmake_prefix_path.dsv'
[0.447s] INFO:colcon.colcon_core.shell:Creating environment hook '/home/arvid/Documents/ros2/ws/install/cpp_srvcli/share/cpp_srvcli/hook/cmake_prefix_path.sh'
[0.448s] Level 1:colcon.colcon_core.environment:checking '/home/arvid/Documents/ros2/ws/install/cpp_srvcli/lib'
[0.448s] Level 1:colcon.colcon_core.environment:checking '/home/arvid/Documents/ros2/ws/install/cpp_srvcli/bin'
[0.448s] Level 1:colcon.colcon_core.environment:checking '/home/arvid/Documents/ros2/ws/install/cpp_srvcli/lib/pkgconfig/cpp_srvcli.pc'
[0.448s] Level 1:colcon.colcon_core.environment:checking '/home/arvid/Documents/ros2/ws/install/cpp_srvcli/lib/python3.8/site-packages'
[0.448s] INFO:colcon.colcon_core.shell:Creating package script '/home/arvid/Documents/ros2/ws/install/cpp_srvcli/share/cpp_srvcli/package.ps1'
[0.449s] INFO:colcon.colcon_core.shell:Creating package descriptor '/home/arvid/Documents/ros2/ws/install/cpp_srvcli/share/cpp_srvcli/package.dsv'
[0.449s] INFO:colcon.colcon_core.shell:Creating package script '/home/arvid/Documents/ros2/ws/install/cpp_srvcli/share/cpp_srvcli/package.sh'
[0.450s] INFO:colcon.colcon_core.shell:Creating package script '/home/arvid/Documents/ros2/ws/install/cpp_srvcli/share/cpp_srvcli/package.bash'
[0.450s] INFO:colcon.colcon_core.shell:Creating package script '/home/arvid/Documents/ros2/ws/install/cpp_srvcli/share/cpp_srvcli/package.zsh'
[0.451s] Level 1:colcon.colcon_core.environment:create_file_with_runtime_dependencies(/home/arvid/Documents/ros2/ws/install/cpp_srvcli/share/colcon-core/packages/cpp_srvcli)
[1.353s] DEBUG:colcon.colcon_core.event_handler.log_command:Invoked command in '/home/arvid/Documents/ros2/ws/build/lidar_cpp' returned '2': CMAKE_PREFIX_PATH=/opt/ros/galactic /usr/bin/cmake --build /home/arvid/Documents/ros2/ws/build/lidar_cpp -- -j12 -l12
[1.393s] Level 1:colcon.colcon_core.environment:create_environment_scripts_only(lidar_cpp)
[1.394s] Level 1:colcon.colcon_core.environment:checking '/home/arvid/Documents/ros2/ws/install/lidar_cpp' for CMake module files
[1.394s] Level 1:colcon.colcon_core.environment:checking '/home/arvid/Documents/ros2/ws/install/lidar_cpp' for CMake config files
[1.395s] Level 1:colcon.colcon_core.environment:checking '/home/arvid/Documents/ros2/ws/install/lidar_cpp/bin'
[1.395s] Level 1:colcon.colcon_core.environment:checking '/home/arvid/Documents/ros2/ws/install/lidar_cpp/lib/pkgconfig/lidar_cpp.pc'
[1.395s] Level 1:colcon.colcon_core.environment:checking '/home/arvid/Documents/ros2/ws/install/lidar_cpp/lib/python3.8/site-packages'
[1.395s] INFO:colcon.colcon_core.shell:Creating package script '/home/arvid/Documents/ros2/ws/install/lidar_cpp/share/lidar_cpp/package.ps1'
[1.396s] INFO:colcon.colcon_core.shell:Creating package descriptor '/home/arvid/Documents/ros2/ws/install/lidar_cpp/share/lidar_cpp/package.dsv'
[1.397s] INFO:colcon.colcon_core.shell:Creating package script '/home/arvid/Documents/ros2/ws/install/lidar_cpp/share/lidar_cpp/package.sh'
[1.397s] INFO:colcon.colcon_core.shell:Creating package script '/home/arvid/Documents/ros2/ws/install/lidar_cpp/share/lidar_cpp/package.bash'
[1.397s] INFO:colcon.colcon_core.shell:Creating package script '/home/arvid/Documents/ros2/ws/install/lidar_cpp/share/lidar_cpp/package.zsh'
[1.398s] Level 1:colcon.colcon_core.environment:create_file_with_runtime_dependencies(/home/arvid/Documents/ros2/ws/install/lidar_cpp/share/colcon-core/packages/lidar_cpp)
[1.408s] DEBUG:colcon.colcon_parallel_executor.executor.parallel:closing loop
[1.409s] DEBUG:colcon.colcon_parallel_executor.executor.parallel:loop closed
[1.409s] DEBUG:colcon.colcon_parallel_executor.executor.parallel:run_until_complete finished with '2'
[1.409s] DEBUG:colcon.colcon_core.event_reactor:joining thread
[1.416s] INFO:colcon.colcon_core.plugin_system:Skipping extension 'colcon_notification.desktop_notification.terminal_notifier': Not used on non-Darwin systems
[1.417s] INFO:colcon.colcon_core.plugin_system:Skipping extension 'colcon_notification.desktop_notification.win32': Not used on non-Windows systems
[1.417s] INFO:colcon.colcon_notification.desktop_notification:Sending desktop notification using 'notify2'
[1.439s] DEBUG:colcon.colcon_core.event_reactor:joined thread
[1.440s] INFO:colcon.colcon_core.shell:Creating prefix script '/home/arvid/Documents/ros2/ws/install/local_setup.ps1'
[1.442s] INFO:colcon.colcon_core.shell:Creating prefix util module '/home/arvid/Documents/ros2/ws/install/_local_setup_util_ps1.py'
[1.445s] INFO:colcon.colcon_core.shell:Creating prefix chain script '/home/arvid/Documents/ros2/ws/install/setup.ps1'
[1.446s] INFO:colcon.colcon_core.shell:Creating prefix script '/home/arvid/Documents/ros2/ws/install/local_setup.sh'
[1.447s] INFO:colcon.colcon_core.shell:Creating prefix util module '/home/arvid/Documents/ros2/ws/install/_local_setup_util_sh.py'
[1.447s] INFO:colcon.colcon_core.shell:Creating prefix chain script '/home/arvid/Documents/ros2/ws/install/setup.sh'
[1.449s] INFO:colcon.colcon_core.shell:Creating prefix script '/home/arvid/Documents/ros2/ws/install/local_setup.bash'
[1.449s] INFO:colcon.colcon_core.shell:Creating prefix chain script '/home/arvid/Documents/ros2/ws/install/setup.bash'
[1.450s] INFO:colcon.colcon_core.shell:Creating prefix script '/home/arvid/Documents/ros2/ws/install/local_setup.zsh'
[1.451s] INFO:colcon.colcon_core.shell:Creating prefix chain script '/home/arvid/Documents/ros2/ws/install/setup.zsh'
