[0.148s] DEBUG:colcon:Command line arguments: ['/usr/bin/colcon', 'build']
[0.148s] DEBUG:colcon:Parsed command line arguments: Namespace(allow_overriding=[], ament_cmake_args=None, base_paths=['.'], build_base='build', catkin_cmake_args=None, catkin_skip_building_tests=False, cmake_args=None, cmake_clean_cache=False, cmake_clean_first=False, cmake_force_configure=False, cmake_target=None, cmake_target_skip_unavailable=False, continue_on_error=False, event_handlers=None, executor='parallel', ignore_user_meta=False, install_base='install', log_base=None, log_level=None, main=<bound method BuildVerb.main of <colcon_core.verb.build.BuildVerb object at 0x7f2a69338fd0>>, merge_install=False, metas=['./colcon.meta'], packages_above=None, packages_above_and_dependencies=None, packages_above_depth=None, packages_end=None, packages_ignore=None, packages_ignore_regex=None, packages_select=None, packages_select_build_failed=False, packages_select_by_dep=None, packages_select_regex=None, packages_select_test_failures=False, packages_skip=None, packages_skip_build_finished=False, packages_skip_by_dep=None, packages_skip_regex=None, packages_skip_test_passed=False, packages_skip_up_to=None, packages_start=None, packages_up_to=None, packages_up_to_regex=None, parallel_workers=12, paths=None, symlink_install=False, test_result_base=None, verb_extension=<colcon_core.verb.build.BuildVerb object at 0x7f2a69338fd0>, verb_name='build', verb_parser=<colcon_defaults.argument_parser.defaults.DefaultArgumentsDecorator object at 0x7f2a69342490>)
[0.152s] Level 1:colcon.colcon_core.package_discovery:discover_packages(colcon_meta) check parameters
[0.152s] Level 1:colcon.colcon_core.package_discovery:discover_packages(recursive) check parameters
[0.153s] Level 1:colcon.colcon_core.package_discovery:discover_packages(ignore) check parameters
[0.153s] Level 1:colcon.colcon_core.package_discovery:discover_packages(path) check parameters
[0.153s] Level 1:colcon.colcon_core.package_discovery:discover_packages(colcon_meta) discover
[0.153s] Level 1:colcon.colcon_core.package_discovery:discover_packages(recursive) discover
[0.153s] INFO:colcon.colcon_core.package_discovery:Crawling recursively for packages in '/home/arvid/Documents/ros2/ws'
[0.153s] Level 1:colcon.colcon_core.package_identification:_identify(.) by extensions ['ignore', 'ignore_ament_install']
[0.154s] Level 1:colcon.colcon_core.package_identification:_identify(.) by extension 'ignore'
[0.154s] Level 1:colcon.colcon_core.package_identification:_identify(.) by extension 'ignore_ament_install'
[0.154s] Level 1:colcon.colcon_core.package_identification:_identify(.) by extensions ['colcon_pkg']
[0.154s] Level 1:colcon.colcon_core.package_identification:_identify(.) by extension 'colcon_pkg'
[0.154s] Level 1:colcon.colcon_core.package_identification:_identify(.) by extensions ['colcon_meta']
[0.154s] Level 1:colcon.colcon_core.package_identification:_identify(.) by extension 'colcon_meta'
[0.154s] Level 1:colcon.colcon_core.package_identification:_identify(.) by extensions ['ros']
[0.154s] Level 1:colcon.colcon_core.package_identification:_identify(.) by extension 'ros'
[0.165s] Level 1:colcon.colcon_core.package_identification:_identify(.) by extensions ['cmake', 'python']
[0.165s] Level 1:colcon.colcon_core.package_identification:_identify(.) by extension 'cmake'
[0.165s] Level 1:colcon.colcon_core.package_identification:_identify(.) by extension 'python'
[0.165s] Level 1:colcon.colcon_core.package_identification:_identify(.) by extensions ['python_setup_py']
[0.165s] Level 1:colcon.colcon_core.package_identification:_identify(.) by extension 'python_setup_py'
[0.165s] Level 1:colcon.colcon_core.package_identification:_identify(build) by extensions ['ignore', 'ignore_ament_install']
[0.166s] Level 1:colcon.colcon_core.package_identification:_identify(build) by extension 'ignore'
[0.166s] Level 1:colcon.colcon_core.package_identification:_identify(build) ignored
[0.166s] Level 1:colcon.colcon_core.package_identification:_identify(install) by extensions ['ignore', 'ignore_ament_install']
[0.166s] Level 1:colcon.colcon_core.package_identification:_identify(install) by extension 'ignore'
[0.166s] Level 1:colcon.colcon_core.package_identification:_identify(install) ignored
[0.166s] Level 1:colcon.colcon_core.package_identification:_identify(log) by extensions ['ignore', 'ignore_ament_install']
[0.166s] Level 1:colcon.colcon_core.package_identification:_identify(log) by extension 'ignore'
[0.166s] Level 1:colcon.colcon_core.package_identification:_identify(log) ignored
[0.166s] Level 1:colcon.colcon_core.package_identification:_identify(src) by extensions ['ignore', 'ignore_ament_install']
[0.166s] Level 1:colcon.colcon_core.package_identification:_identify(src) by extension 'ignore'
[0.166s] Level 1:colcon.colcon_core.package_identification:_identify(src) by extension 'ignore_ament_install'
[0.166s] Level 1:colcon.colcon_core.package_identification:_identify(src) by extensions ['colcon_pkg']
[0.166s] Level 1:colcon.colcon_core.package_identification:_identify(src) by extension 'colcon_pkg'
[0.166s] Level 1:colcon.colcon_core.package_identification:_identify(src) by extensions ['colcon_meta']
[0.167s] Level 1:colcon.colcon_core.package_identification:_identify(src) by extension 'colcon_meta'
[0.167s] Level 1:colcon.colcon_core.package_identification:_identify(src) by extensions ['ros']
[0.167s] Level 1:colcon.colcon_core.package_identification:_identify(src) by extension 'ros'
[0.167s] Level 1:colcon.colcon_core.package_identification:_identify(src) by extensions ['cmake', 'python']
[0.167s] Level 1:colcon.colcon_core.package_identification:_identify(src) by extension 'cmake'
[0.167s] Level 1:colcon.colcon_core.package_identification:_identify(src) by extension 'python'
[0.167s] Level 1:colcon.colcon_core.package_identification:_identify(src) by extensions ['python_setup_py']
[0.167s] Level 1:colcon.colcon_core.package_identification:_identify(src) by extension 'python_setup_py'
[0.167s] Level 1:colcon.colcon_core.package_identification:_identify(src/cpp_srvcli) by extensions ['ignore', 'ignore_ament_install']
[0.167s] Level 1:colcon.colcon_core.package_identification:_identify(src/cpp_srvcli) by extension 'ignore'
[0.167s] Level 1:colcon.colcon_core.package_identification:_identify(src/cpp_srvcli) by extension 'ignore_ament_install'
[0.167s] Level 1:colcon.colcon_core.package_identification:_identify(src/cpp_srvcli) by extensions ['colcon_pkg']
[0.167s] Level 1:colcon.colcon_core.package_identification:_identify(src/cpp_srvcli) by extension 'colcon_pkg'
[0.167s] Level 1:colcon.colcon_core.package_identification:_identify(src/cpp_srvcli) by extensions ['colcon_meta']
[0.167s] Level 1:colcon.colcon_core.package_identification:_identify(src/cpp_srvcli) by extension 'colcon_meta'
[0.167s] Level 1:colcon.colcon_core.package_identification:_identify(src/cpp_srvcli) by extensions ['ros']
[0.167s] Level 1:colcon.colcon_core.package_identification:_identify(src/cpp_srvcli) by extension 'ros'
[0.170s] DEBUG:colcon.colcon_core.package_identification:Package 'src/cpp_srvcli' with type 'ros.ament_cmake' and name 'cpp_srvcli'
[0.170s] Level 1:colcon.colcon_core.package_identification:_identify(src/lidar_cpp) by extensions ['ignore', 'ignore_ament_install']
[0.170s] Level 1:colcon.colcon_core.package_identification:_identify(src/lidar_cpp) by extension 'ignore'
[0.170s] Level 1:colcon.colcon_core.package_identification:_identify(src/lidar_cpp) by extension 'ignore_ament_install'
[0.170s] Level 1:colcon.colcon_core.package_identification:_identify(src/lidar_cpp) by extensions ['colcon_pkg']
[0.170s] Level 1:colcon.colcon_core.package_identification:_identify(src/lidar_cpp) by extension 'colcon_pkg'
[0.170s] Level 1:colcon.colcon_core.package_identification:_identify(src/lidar_cpp) by extensions ['colcon_meta']
[0.170s] Level 1:colcon.colcon_core.package_identification:_identify(src/lidar_cpp) by extension 'colcon_meta'
[0.170s] Level 1:colcon.colcon_core.package_identification:_identify(src/lidar_cpp) by extensions ['ros']
[0.170s] Level 1:colcon.colcon_core.package_identification:_identify(src/lidar_cpp) by extension 'ros'
[0.171s] DEBUG:colcon.colcon_core.package_identification:Package 'src/lidar_cpp' with type 'ros.ament_cmake' and name 'lidar_cpp'
[0.171s] Level 1:colcon.colcon_core.package_discovery:discover_packages(recursive) using defaults
[0.171s] Level 1:colcon.colcon_core.package_discovery:discover_packages(ignore) discover
[0.171s] Level 1:colcon.colcon_core.package_discovery:discover_packages(ignore) using defaults
[0.171s] Level 1:colcon.colcon_core.package_discovery:discover_packages(path) discover
[0.171s] Level 1:colcon.colcon_core.package_discovery:discover_packages(path) using defaults
[0.190s] Level 5:colcon.colcon_core.verb:set package 'cpp_srvcli' build argument 'cmake_args' from command line to 'None'
[0.190s] Level 5:colcon.colcon_core.verb:set package 'cpp_srvcli' build argument 'cmake_target' from command line to 'None'
[0.191s] Level 5:colcon.colcon_core.verb:set package 'cpp_srvcli' build argument 'cmake_target_skip_unavailable' from command line to 'False'
[0.191s] Level 5:colcon.colcon_core.verb:set package 'cpp_srvcli' build argument 'cmake_clean_cache' from command line to 'False'
[0.191s] Level 5:colcon.colcon_core.verb:set package 'cpp_srvcli' build argument 'cmake_clean_first' from command line to 'False'
[0.191s] Level 5:colcon.colcon_core.verb:set package 'cpp_srvcli' build argument 'cmake_force_configure' from command line to 'False'
[0.191s] Level 5:colcon.colcon_core.verb:set package 'cpp_srvcli' build argument 'ament_cmake_args' from command line to 'None'
[0.191s] Level 5:colcon.colcon_core.verb:set package 'cpp_srvcli' build argument 'catkin_cmake_args' from command line to 'None'
[0.191s] Level 5:colcon.colcon_core.verb:set package 'cpp_srvcli' build argument 'catkin_skip_building_tests' from command line to 'False'
[0.191s] DEBUG:colcon.colcon_core.verb:Building package 'cpp_srvcli' with the following arguments: {'ament_cmake_args': None, 'build_base': '/home/arvid/Documents/ros2/ws/build/cpp_srvcli', 'catkin_cmake_args': None, 'catkin_skip_building_tests': False, 'cmake_args': None, 'cmake_clean_cache': False, 'cmake_clean_first': False, 'cmake_force_configure': False, 'cmake_target': None, 'cmake_target_skip_unavailable': False, 'install_base': '/home/arvid/Documents/ros2/ws/install/cpp_srvcli', 'merge_install': False, 'path': '/home/arvid/Documents/ros2/ws/src/cpp_srvcli', 'symlink_install': False, 'test_result_base': None}
[0.192s] Level 5:colcon.colcon_core.verb:set package 'lidar_cpp' build argument 'cmake_args' from command line to 'None'
[0.192s] Level 5:colcon.colcon_core.verb:set package 'lidar_cpp' build argument 'cmake_target' from command line to 'None'
[0.192s] Level 5:colcon.colcon_core.verb:set package 'lidar_cpp' build argument 'cmake_target_skip_unavailable' from command line to 'False'
[0.192s] Level 5:colcon.colcon_core.verb:set package 'lidar_cpp' build argument 'cmake_clean_cache' from command line to 'False'
[0.192s] Level 5:colcon.colcon_core.verb:set package 'lidar_cpp' build argument 'cmake_clean_first' from command line to 'False'
[0.192s] Level 5:colcon.colcon_core.verb:set package 'lidar_cpp' build argument 'cmake_force_configure' from command line to 'False'
[0.192s] Level 5:colcon.colcon_core.verb:set package 'lidar_cpp' build argument 'ament_cmake_args' from command line to 'None'
[0.192s] Level 5:colcon.colcon_core.verb:set package 'lidar_cpp' build argument 'catkin_cmake_args' from command line to 'None'
[0.192s] Level 5:colcon.colcon_core.verb:set package 'lidar_cpp' build argument 'catkin_skip_building_tests' from command line to 'False'
[0.192s] DEBUG:colcon.colcon_core.verb:Building package 'lidar_cpp' with the following arguments: {'ament_cmake_args': None, 'build_base': '/home/arvid/Documents/ros2/ws/build/lidar_cpp', 'catkin_cmake_args': None, 'catkin_skip_building_tests': False, 'cmake_args': None, 'cmake_clean_cache': False, 'cmake_clean_first': False, 'cmake_force_configure': False, 'cmake_target': None, 'cmake_target_skip_unavailable': False, 'install_base': '/home/arvid/Documents/ros2/ws/install/lidar_cpp', 'merge_install': False, 'path': '/home/arvid/Documents/ros2/ws/src/lidar_cpp', 'symlink_install': False, 'test_result_base': None}
[0.195s] INFO:colcon.colcon_core.executor:Executing jobs using 'parallel' executor
[0.197s] DEBUG:colcon.colcon_parallel_executor.executor.parallel:run_until_complete
[0.197s] INFO:colcon.colcon_ros.task.ament_cmake.build:Building ROS package in '/home/arvid/Documents/ros2/ws/src/cpp_srvcli' with build type 'ament_cmake'
[0.198s] INFO:colcon.colcon_cmake.task.cmake.build:Building CMake package in '/home/arvid/Documents/ros2/ws/src/cpp_srvcli'
[0.201s] INFO:colcon.colcon_core.plugin_system:Skipping extension 'colcon_core.shell.bat': Not used on non-Windows systems
[0.202s] INFO:colcon.colcon_core.shell:Skip shell extension 'powershell' for command environment: Not usable outside of PowerShell
[0.202s] DEBUG:colcon.colcon_core.shell:Skip shell extension 'dsv' for command environment
[0.207s] INFO:colcon.colcon_ros.task.ament_cmake.build:Building ROS package in '/home/arvid/Documents/ros2/ws/src/lidar_cpp' with build type 'ament_cmake'
[0.207s] INFO:colcon.colcon_cmake.task.cmake.build:Building CMake package in '/home/arvid/Documents/ros2/ws/src/lidar_cpp'
[0.208s] INFO:colcon.colcon_core.shell:Skip shell extension 'powershell' for command environment: Not usable outside of PowerShell
[0.208s] DEBUG:colcon.colcon_core.shell:Skip shell extension 'dsv' for command environment
[0.222s] DEBUG:colcon.colcon_core.event_handler.log_command:Invoking command in '/home/arvid/Documents/ros2/ws/build/cpp_srvcli': CMAKE_PREFIX_PATH=/opt/ros/galactic /usr/bin/cmake --build /home/arvid/Documents/ros2/ws/build/cpp_srvcli -- -j12 -l12
[0.234s] DEBUG:colcon.colcon_core.event_handler.log_command:Invoking command in '/home/arvid/Documents/ros2/ws/build/lidar_cpp': CMAKE_PREFIX_PATH=/opt/ros/galactic /usr/bin/cmake /home/arvid/Documents/ros2/ws/src/lidar_cpp -DCMAKE_INSTALL_PREFIX=/home/arvid/Documents/ros2/ws/install/lidar_cpp
[0.305s] DEBUG:colcon.colcon_core.event_handler.log_command:Invoked command in '/home/arvid/Documents/ros2/ws/build/cpp_srvcli' returned '0': CMAKE_PREFIX_PATH=/opt/ros/galactic /usr/bin/cmake --build /home/arvid/Documents/ros2/ws/build/cpp_srvcli -- -j12 -l12
[0.351s] DEBUG:colcon.colcon_core.event_handler.log_command:Invoking command in '/home/arvid/Documents/ros2/ws/build/cpp_srvcli': CMAKE_PREFIX_PATH=/opt/ros/galactic /usr/bin/cmake --install /home/arvid/Documents/ros2/ws/build/cpp_srvcli
[0.363s] Level 1:colcon.colcon_core.environment:create_environment_scripts_only(cpp_srvcli)
[0.369s] DEBUG:colcon.colcon_core.event_handler.log_command:Invoked command in '/home/arvid/Documents/ros2/ws/build/cpp_srvcli' returned '0': CMAKE_PREFIX_PATH=/opt/ros/galactic /usr/bin/cmake --install /home/arvid/Documents/ros2/ws/build/cpp_srvcli
[0.371s] Level 1:colcon.colcon_core.environment:checking '/home/arvid/Documents/ros2/ws/install/cpp_srvcli' for CMake module files
[0.372s] Level 1:colcon.colcon_core.environment:checking '/home/arvid/Documents/ros2/ws/install/cpp_srvcli' for CMake config files
[0.372s] Level 1:colcon.colcon_core.shell:create_environment_hook('cpp_srvcli', 'cmake_prefix_path')
[0.373s] INFO:colcon.colcon_core.shell:Creating environment hook '/home/arvid/Documents/ros2/ws/install/cpp_srvcli/share/cpp_srvcli/hook/cmake_prefix_path.ps1'
[0.374s] INFO:colcon.colcon_core.shell:Creating environment descriptor '/home/arvid/Documents/ros2/ws/install/cpp_srvcli/share/cpp_srvcli/hook/cmake_prefix_path.dsv'
[0.374s] INFO:colcon.colcon_core.shell:Creating environment hook '/home/arvid/Documents/ros2/ws/install/cpp_srvcli/share/cpp_srvcli/hook/cmake_prefix_path.sh'
[0.375s] Level 1:colcon.colcon_core.environment:checking '/home/arvid/Documents/ros2/ws/install/cpp_srvcli/lib'
[0.375s] Level 1:colcon.colcon_core.environment:checking '/home/arvid/Documents/ros2/ws/install/cpp_srvcli/bin'
[0.376s] Level 1:colcon.colcon_core.environment:checking '/home/arvid/Documents/ros2/ws/install/cpp_srvcli/lib/pkgconfig/cpp_srvcli.pc'
[0.376s] Level 1:colcon.colcon_core.environment:checking '/home/arvid/Documents/ros2/ws/install/cpp_srvcli/lib/python3.8/site-packages'
[0.376s] INFO:colcon.colcon_core.shell:Creating package script '/home/arvid/Documents/ros2/ws/install/cpp_srvcli/share/cpp_srvcli/package.ps1'
[0.377s] INFO:colcon.colcon_core.shell:Creating package descriptor '/home/arvid/Documents/ros2/ws/install/cpp_srvcli/share/cpp_srvcli/package.dsv'
[0.378s] INFO:colcon.colcon_core.shell:Creating package script '/home/arvid/Documents/ros2/ws/install/cpp_srvcli/share/cpp_srvcli/package.sh'
[0.379s] INFO:colcon.colcon_core.shell:Creating package script '/home/arvid/Documents/ros2/ws/install/cpp_srvcli/share/cpp_srvcli/package.bash'
[0.380s] INFO:colcon.colcon_core.shell:Creating package script '/home/arvid/Documents/ros2/ws/install/cpp_srvcli/share/cpp_srvcli/package.zsh'
[0.381s] Level 1:colcon.colcon_core.environment:create_file_with_runtime_dependencies(/home/arvid/Documents/ros2/ws/install/cpp_srvcli/share/colcon-core/packages/cpp_srvcli)
[0.415s] Level 1:colcon.colcon_core.environment:create_environment_scripts_only(cpp_srvcli)
[0.417s] Level 1:colcon.colcon_core.environment:checking '/home/arvid/Documents/ros2/ws/install/cpp_srvcli' for CMake module files
[0.418s] Level 1:colcon.colcon_core.environment:checking '/home/arvid/Documents/ros2/ws/install/cpp_srvcli' for CMake config files
[0.418s] Level 1:colcon.colcon_core.shell:create_environment_hook('cpp_srvcli', 'cmake_prefix_path')
[0.419s] INFO:colcon.colcon_core.shell:Creating environment hook '/home/arvid/Documents/ros2/ws/install/cpp_srvcli/share/cpp_srvcli/hook/cmake_prefix_path.ps1'
[0.419s] INFO:colcon.colcon_core.shell:Creating environment descriptor '/home/arvid/Documents/ros2/ws/install/cpp_srvcli/share/cpp_srvcli/hook/cmake_prefix_path.dsv'
[0.420s] INFO:colcon.colcon_core.shell:Creating environment hook '/home/arvid/Documents/ros2/ws/install/cpp_srvcli/share/cpp_srvcli/hook/cmake_prefix_path.sh'
[0.420s] Level 1:colcon.colcon_core.environment:checking '/home/arvid/Documents/ros2/ws/install/cpp_srvcli/lib'
[0.420s] Level 1:colcon.colcon_core.environment:checking '/home/arvid/Documents/ros2/ws/install/cpp_srvcli/bin'
[0.421s] Level 1:colcon.colcon_core.environment:checking '/home/arvid/Documents/ros2/ws/install/cpp_srvcli/lib/pkgconfig/cpp_srvcli.pc'
[0.421s] Level 1:colcon.colcon_core.environment:checking '/home/arvid/Documents/ros2/ws/install/cpp_srvcli/lib/python3.8/site-packages'
[0.421s] INFO:colcon.colcon_core.shell:Creating package script '/home/arvid/Documents/ros2/ws/install/cpp_srvcli/share/cpp_srvcli/package.ps1'
[0.422s] INFO:colcon.colcon_core.shell:Creating package descriptor '/home/arvid/Documents/ros2/ws/install/cpp_srvcli/share/cpp_srvcli/package.dsv'
[0.422s] INFO:colcon.colcon_core.shell:Creating package script '/home/arvid/Documents/ros2/ws/install/cpp_srvcli/share/cpp_srvcli/package.sh'
[0.423s] INFO:colcon.colcon_core.shell:Creating package script '/home/arvid/Documents/ros2/ws/install/cpp_srvcli/share/cpp_srvcli/package.bash'
[0.423s] INFO:colcon.colcon_core.shell:Creating package script '/home/arvid/Documents/ros2/ws/install/cpp_srvcli/share/cpp_srvcli/package.zsh'
[0.424s] Level 1:colcon.colcon_core.environment:create_file_with_runtime_dependencies(/home/arvid/Documents/ros2/ws/install/cpp_srvcli/share/colcon-core/packages/cpp_srvcli)
[1.067s] DEBUG:colcon.colcon_core.event_handler.log_command:Invoked command in '/home/arvid/Documents/ros2/ws/build/lidar_cpp' returned '0': CMAKE_PREFIX_PATH=/opt/ros/galactic /usr/bin/cmake /home/arvid/Documents/ros2/ws/src/lidar_cpp -DCMAKE_INSTALL_PREFIX=/home/arvid/Documents/ros2/ws/install/lidar_cpp
[1.073s] DEBUG:colcon.colcon_core.event_handler.log_command:Invoking command in '/home/arvid/Documents/ros2/ws/build/lidar_cpp': CMAKE_PREFIX_PATH=/opt/ros/galactic /usr/bin/cmake --build /home/arvid/Documents/ros2/ws/build/lidar_cpp -- -j12 -l12
[1.125s] DEBUG:colcon.colcon_core.event_handler.log_command:Invoked command in '/home/arvid/Documents/ros2/ws/build/lidar_cpp' returned '0': CMAKE_PREFIX_PATH=/opt/ros/galactic /usr/bin/cmake --build /home/arvid/Documents/ros2/ws/build/lidar_cpp -- -j12 -l12
[1.156s] DEBUG:colcon.colcon_core.event_handler.log_command:Invoking command in '/home/arvid/Documents/ros2/ws/build/lidar_cpp': CMAKE_PREFIX_PATH=/opt/ros/galactic /usr/bin/cmake --install /home/arvid/Documents/ros2/ws/build/lidar_cpp
[1.173s] Level 1:colcon.colcon_core.environment:create_environment_scripts_only(lidar_cpp)
[1.174s] Level 1:colcon.colcon_core.environment:checking '/home/arvid/Documents/ros2/ws/install/lidar_cpp' for CMake module files
[1.175s] DEBUG:colcon.colcon_core.event_handler.log_command:Invoked command in '/home/arvid/Documents/ros2/ws/build/lidar_cpp' returned '0': CMAKE_PREFIX_PATH=/opt/ros/galactic /usr/bin/cmake --install /home/arvid/Documents/ros2/ws/build/lidar_cpp
[1.176s] Level 1:colcon.colcon_core.environment:checking '/home/arvid/Documents/ros2/ws/install/lidar_cpp' for CMake config files
[1.176s] Level 1:colcon.colcon_core.shell:create_environment_hook('lidar_cpp', 'cmake_prefix_path')
[1.177s] INFO:colcon.colcon_core.shell:Creating environment hook '/home/arvid/Documents/ros2/ws/install/lidar_cpp/share/lidar_cpp/hook/cmake_prefix_path.ps1'
[1.178s] INFO:colcon.colcon_core.shell:Creating environment descriptor '/home/arvid/Documents/ros2/ws/install/lidar_cpp/share/lidar_cpp/hook/cmake_prefix_path.dsv'
[1.178s] INFO:colcon.colcon_core.shell:Creating environment hook '/home/arvid/Documents/ros2/ws/install/lidar_cpp/share/lidar_cpp/hook/cmake_prefix_path.sh'
[1.179s] Level 1:colcon.colcon_core.environment:checking '/home/arvid/Documents/ros2/ws/install/lidar_cpp/bin'
[1.179s] Level 1:colcon.colcon_core.environment:checking '/home/arvid/Documents/ros2/ws/install/lidar_cpp/lib/pkgconfig/lidar_cpp.pc'
[1.179s] Level 1:colcon.colcon_core.environment:checking '/home/arvid/Documents/ros2/ws/install/lidar_cpp/lib/python3.8/site-packages'
[1.180s] INFO:colcon.colcon_core.shell:Creating package script '/home/arvid/Documents/ros2/ws/install/lidar_cpp/share/lidar_cpp/package.ps1'
[1.180s] INFO:colcon.colcon_core.shell:Creating package descriptor '/home/arvid/Documents/ros2/ws/install/lidar_cpp/share/lidar_cpp/package.dsv'
[1.181s] INFO:colcon.colcon_core.shell:Creating package script '/home/arvid/Documents/ros2/ws/install/lidar_cpp/share/lidar_cpp/package.sh'
[1.181s] INFO:colcon.colcon_core.shell:Creating package script '/home/arvid/Documents/ros2/ws/install/lidar_cpp/share/lidar_cpp/package.bash'
[1.182s] INFO:colcon.colcon_core.shell:Creating package script '/home/arvid/Documents/ros2/ws/install/lidar_cpp/share/lidar_cpp/package.zsh'
[1.182s] Level 1:colcon.colcon_core.environment:create_file_with_runtime_dependencies(/home/arvid/Documents/ros2/ws/install/lidar_cpp/share/colcon-core/packages/lidar_cpp)
[1.211s] Level 1:colcon.colcon_core.environment:create_environment_scripts_only(lidar_cpp)
[1.213s] Level 1:colcon.colcon_core.environment:checking '/home/arvid/Documents/ros2/ws/install/lidar_cpp' for CMake module files
[1.214s] Level 1:colcon.colcon_core.environment:checking '/home/arvid/Documents/ros2/ws/install/lidar_cpp' for CMake config files
[1.214s] Level 1:colcon.colcon_core.shell:create_environment_hook('lidar_cpp', 'cmake_prefix_path')
[1.215s] INFO:colcon.colcon_core.shell:Creating environment hook '/home/arvid/Documents/ros2/ws/install/lidar_cpp/share/lidar_cpp/hook/cmake_prefix_path.ps1'
[1.216s] INFO:colcon.colcon_core.shell:Creating environment descriptor '/home/arvid/Documents/ros2/ws/install/lidar_cpp/share/lidar_cpp/hook/cmake_prefix_path.dsv'
[1.216s] INFO:colcon.colcon_core.shell:Creating environment hook '/home/arvid/Documents/ros2/ws/install/lidar_cpp/share/lidar_cpp/hook/cmake_prefix_path.sh'
[1.217s] Level 1:colcon.colcon_core.environment:checking '/home/arvid/Documents/ros2/ws/install/lidar_cpp/bin'
[1.217s] Level 1:colcon.colcon_core.environment:checking '/home/arvid/Documents/ros2/ws/install/lidar_cpp/lib/pkgconfig/lidar_cpp.pc'
[1.217s] Level 1:colcon.colcon_core.environment:checking '/home/arvid/Documents/ros2/ws/install/lidar_cpp/lib/python3.8/site-packages'
[1.218s] INFO:colcon.colcon_core.shell:Creating package script '/home/arvid/Documents/ros2/ws/install/lidar_cpp/share/lidar_cpp/package.ps1'
[1.219s] INFO:colcon.colcon_core.shell:Creating package descriptor '/home/arvid/Documents/ros2/ws/install/lidar_cpp/share/lidar_cpp/package.dsv'
[1.219s] INFO:colcon.colcon_core.shell:Creating package script '/home/arvid/Documents/ros2/ws/install/lidar_cpp/share/lidar_cpp/package.sh'
[1.220s] INFO:colcon.colcon_core.shell:Creating package script '/home/arvid/Documents/ros2/ws/install/lidar_cpp/share/lidar_cpp/package.bash'
[1.221s] INFO:colcon.colcon_core.shell:Creating package script '/home/arvid/Documents/ros2/ws/install/lidar_cpp/share/lidar_cpp/package.zsh'
[1.221s] Level 1:colcon.colcon_core.environment:create_file_with_runtime_dependencies(/home/arvid/Documents/ros2/ws/install/lidar_cpp/share/colcon-core/packages/lidar_cpp)
[1.221s] DEBUG:colcon.colcon_parallel_executor.executor.parallel:closing loop
[1.222s] DEBUG:colcon.colcon_parallel_executor.executor.parallel:loop closed
[1.222s] DEBUG:colcon.colcon_parallel_executor.executor.parallel:run_until_complete finished with '0'
[1.222s] DEBUG:colcon.colcon_core.event_reactor:joining thread
[1.229s] INFO:colcon.colcon_core.plugin_system:Skipping extension 'colcon_notification.desktop_notification.terminal_notifier': Not used on non-Darwin systems
[1.229s] INFO:colcon.colcon_core.plugin_system:Skipping extension 'colcon_notification.desktop_notification.win32': Not used on non-Windows systems
[1.229s] INFO:colcon.colcon_notification.desktop_notification:Sending desktop notification using 'notify2'
[1.251s] DEBUG:colcon.colcon_core.event_reactor:joined thread
[1.254s] INFO:colcon.colcon_core.shell:Creating prefix script '/home/arvid/Documents/ros2/ws/install/local_setup.ps1'
[1.256s] INFO:colcon.colcon_core.shell:Creating prefix util module '/home/arvid/Documents/ros2/ws/install/_local_setup_util_ps1.py'
[1.259s] INFO:colcon.colcon_core.shell:Creating prefix chain script '/home/arvid/Documents/ros2/ws/install/setup.ps1'
[1.260s] INFO:colcon.colcon_core.shell:Creating prefix script '/home/arvid/Documents/ros2/ws/install/local_setup.sh'
[1.261s] INFO:colcon.colcon_core.shell:Creating prefix util module '/home/arvid/Documents/ros2/ws/install/_local_setup_util_sh.py'
[1.261s] INFO:colcon.colcon_core.shell:Creating prefix chain script '/home/arvid/Documents/ros2/ws/install/setup.sh'
[1.263s] INFO:colcon.colcon_core.shell:Creating prefix script '/home/arvid/Documents/ros2/ws/install/local_setup.bash'
[1.264s] INFO:colcon.colcon_core.shell:Creating prefix chain script '/home/arvid/Documents/ros2/ws/install/setup.bash'
[1.265s] INFO:colcon.colcon_core.shell:Creating prefix script '/home/arvid/Documents/ros2/ws/install/local_setup.zsh'
[1.266s] INFO:colcon.colcon_core.shell:Creating prefix chain script '/home/arvid/Documents/ros2/ws/install/setup.zsh'
