[0.024s] Invoking command in '/home/arvid/Documents/ros2/ws/build/lidar_cpp': CMAKE_PREFIX_PATH=/opt/ros/galactic /usr/bin/cmake --build /home/arvid/Documents/ros2/ws/build/lidar_cpp -- -j12 -l12
[0.077s] Invoked command in '/home/arvid/Documents/ros2/ws/build/lidar_cpp' returned '0': CMAKE_PREFIX_PATH=/opt/ros/galactic /usr/bin/cmake --build /home/arvid/Documents/ros2/ws/build/lidar_cpp -- -j12 -l12
[0.118s] Invoking command in '/home/arvid/Documents/ros2/ws/build/lidar_cpp': CMAKE_PREFIX_PATH=/opt/ros/galactic /usr/bin/cmake --install /home/arvid/Documents/ros2/ws/build/lidar_cpp
[0.130s] -- Install configuration: ""
[0.131s] -- Up-to-date: /home/arvid/Documents/ros2/ws/install/lidar_cpp/share/ament_index/resource_index/package_run_dependencies/lidar_cpp
[0.131s] -- Up-to-date: /home/arvid/Documents/ros2/ws/install/lidar_cpp/share/ament_index/resource_index/parent_prefix_path/lidar_cpp
[0.132s] -- Up-to-date: /home/arvid/Documents/ros2/ws/install/lidar_cpp/share/lidar_cpp/environment/ament_prefix_path.sh
[0.133s] -- Up-to-date: /home/arvid/Documents/ros2/ws/install/lidar_cpp/share/lidar_cpp/environment/ament_prefix_path.dsv
[0.134s] -- Up-to-date: /home/arvid/Documents/ros2/ws/install/lidar_cpp/share/lidar_cpp/environment/path.sh
[0.135s] -- Up-to-date: /home/arvid/Documents/ros2/ws/install/lidar_cpp/share/lidar_cpp/environment/path.dsv
[0.135s] -- Up-to-date: /home/arvid/Documents/ros2/ws/install/lidar_cpp/share/lidar_cpp/local_setup.bash
[0.135s] -- Up-to-date: /home/arvid/Documents/ros2/ws/install/lidar_cpp/share/lidar_cpp/local_setup.sh
[0.136s] -- Up-to-date: /home/arvid/Documents/ros2/ws/install/lidar_cpp/share/lidar_cpp/local_setup.zsh
[0.136s] -- Up-to-date: /home/arvid/Documents/ros2/ws/install/lidar_cpp/share/lidar_cpp/local_setup.dsv
[0.136s] -- Up-to-date: /home/arvid/Documents/ros2/ws/install/lidar_cpp/share/lidar_cpp/package.dsv
[0.137s] -- Up-to-date: /home/arvid/Documents/ros2/ws/install/lidar_cpp/share/ament_index/resource_index/packages/lidar_cpp
[0.137s] -- Up-to-date: /home/arvid/Documents/ros2/ws/install/lidar_cpp/share/lidar_cpp/cmake/lidar_cppConfig.cmake
[0.137s] -- Up-to-date: /home/arvid/Documents/ros2/ws/install/lidar_cpp/share/lidar_cpp/cmake/lidar_cppConfig-version.cmake
[0.137s] -- Up-to-date: /home/arvid/Documents/ros2/ws/install/lidar_cpp/share/lidar_cpp/package.xml
[0.138s] Invoked command in '/home/arvid/Documents/ros2/ws/build/lidar_cpp' returned '0': CMAKE_PREFIX_PATH=/opt/ros/galactic /usr/bin/cmake --install /home/arvid/Documents/ros2/ws/build/lidar_cpp
