[0.142s] DEBUG:colcon:Command line arguments: ['/usr/bin/colcon', 'build', '--packages-select', 'cpp_srvcli']
[0.142s] DEBUG:colcon:Parsed command line arguments: Namespace(allow_overriding=[], ament_cmake_args=None, base_paths=['.'], build_base='build', catkin_cmake_args=None, catkin_skip_building_tests=False, cmake_args=None, cmake_clean_cache=False, cmake_clean_first=False, cmake_force_configure=False, cmake_target=None, cmake_target_skip_unavailable=False, continue_on_error=False, event_handlers=None, executor='parallel', ignore_user_meta=False, install_base='install', log_base=None, log_level=None, main=<bound method BuildVerb.main of <colcon_core.verb.build.BuildVerb object at 0x7f47dd4bc100>>, merge_install=False, metas=['./colcon.meta'], packages_above=None, packages_above_and_dependencies=None, packages_above_depth=None, packages_end=None, packages_ignore=None, packages_ignore_regex=None, packages_select=['cpp_srvcli'], packages_select_build_failed=False, packages_select_by_dep=None, packages_select_regex=None, packages_select_test_failures=False, packages_skip=None, packages_skip_build_finished=False, packages_skip_by_dep=None, packages_skip_regex=None, packages_skip_test_passed=False, packages_skip_up_to=None, packages_start=None, packages_up_to=None, packages_up_to_regex=None, parallel_workers=12, paths=None, symlink_install=False, test_result_base=None, verb_extension=<colcon_core.verb.build.BuildVerb object at 0x7f47dd4bc100>, verb_name='build', verb_parser=<colcon_defaults.argument_parser.defaults.DefaultArgumentsDecorator object at 0x7f47dd4bc580>)
[0.146s] Level 1:colcon.colcon_core.package_discovery:discover_packages(colcon_meta) check parameters
[0.147s] Level 1:colcon.colcon_core.package_discovery:discover_packages(recursive) check parameters
[0.147s] Level 1:colcon.colcon_core.package_discovery:discover_packages(ignore) check parameters
[0.147s] Level 1:colcon.colcon_core.package_discovery:discover_packages(path) check parameters
[0.147s] Level 1:colcon.colcon_core.package_discovery:discover_packages(colcon_meta) discover
[0.147s] Level 1:colcon.colcon_core.package_discovery:discover_packages(recursive) discover
[0.147s] INFO:colcon.colcon_core.package_discovery:Crawling recursively for packages in '/home/arvid/Documents/ros2/ws'
[0.147s] Level 1:colcon.colcon_core.package_identification:_identify(.) by extensions ['ignore', 'ignore_ament_install']
[0.148s] Level 1:colcon.colcon_core.package_identification:_identify(.) by extension 'ignore'
[0.148s] Level 1:colcon.colcon_core.package_identification:_identify(.) by extension 'ignore_ament_install'
[0.148s] Level 1:colcon.colcon_core.package_identification:_identify(.) by extensions ['colcon_pkg']
[0.148s] Level 1:colcon.colcon_core.package_identification:_identify(.) by extension 'colcon_pkg'
[0.148s] Level 1:colcon.colcon_core.package_identification:_identify(.) by extensions ['colcon_meta']
[0.148s] Level 1:colcon.colcon_core.package_identification:_identify(.) by extension 'colcon_meta'
[0.148s] Level 1:colcon.colcon_core.package_identification:_identify(.) by extensions ['ros']
[0.148s] Level 1:colcon.colcon_core.package_identification:_identify(.) by extension 'ros'
[0.160s] Level 1:colcon.colcon_core.package_identification:_identify(.) by extensions ['cmake', 'python']
[0.160s] Level 1:colcon.colcon_core.package_identification:_identify(.) by extension 'cmake'
[0.160s] Level 1:colcon.colcon_core.package_identification:_identify(.) by extension 'python'
[0.160s] Level 1:colcon.colcon_core.package_identification:_identify(.) by extensions ['python_setup_py']
[0.160s] Level 1:colcon.colcon_core.package_identification:_identify(.) by extension 'python_setup_py'
[0.160s] Level 1:colcon.colcon_core.package_identification:_identify(build) by extensions ['ignore', 'ignore_ament_install']
[0.160s] Level 1:colcon.colcon_core.package_identification:_identify(build) by extension 'ignore'
[0.160s] Level 1:colcon.colcon_core.package_identification:_identify(build) ignored
[0.160s] Level 1:colcon.colcon_core.package_identification:_identify(install) by extensions ['ignore', 'ignore_ament_install']
[0.160s] Level 1:colcon.colcon_core.package_identification:_identify(install) by extension 'ignore'
[0.160s] Level 1:colcon.colcon_core.package_identification:_identify(install) ignored
[0.161s] Level 1:colcon.colcon_core.package_identification:_identify(log) by extensions ['ignore', 'ignore_ament_install']
[0.161s] Level 1:colcon.colcon_core.package_identification:_identify(log) by extension 'ignore'
[0.161s] Level 1:colcon.colcon_core.package_identification:_identify(log) ignored
[0.161s] Level 1:colcon.colcon_core.package_identification:_identify(src) by extensions ['ignore', 'ignore_ament_install']
[0.161s] Level 1:colcon.colcon_core.package_identification:_identify(src) by extension 'ignore'
[0.161s] Level 1:colcon.colcon_core.package_identification:_identify(src) by extension 'ignore_ament_install'
[0.161s] Level 1:colcon.colcon_core.package_identification:_identify(src) by extensions ['colcon_pkg']
[0.161s] Level 1:colcon.colcon_core.package_identification:_identify(src) by extension 'colcon_pkg'
[0.161s] Level 1:colcon.colcon_core.package_identification:_identify(src) by extensions ['colcon_meta']
[0.161s] Level 1:colcon.colcon_core.package_identification:_identify(src) by extension 'colcon_meta'
[0.161s] Level 1:colcon.colcon_core.package_identification:_identify(src) by extensions ['ros']
[0.161s] Level 1:colcon.colcon_core.package_identification:_identify(src) by extension 'ros'
[0.161s] Level 1:colcon.colcon_core.package_identification:_identify(src) by extensions ['cmake', 'python']
[0.161s] Level 1:colcon.colcon_core.package_identification:_identify(src) by extension 'cmake'
[0.161s] Level 1:colcon.colcon_core.package_identification:_identify(src) by extension 'python'
[0.162s] Level 1:colcon.colcon_core.package_identification:_identify(src) by extensions ['python_setup_py']
[0.162s] Level 1:colcon.colcon_core.package_identification:_identify(src) by extension 'python_setup_py'
[0.162s] Level 1:colcon.colcon_core.package_identification:_identify(src/cpp_srvcli) by extensions ['ignore', 'ignore_ament_install']
[0.162s] Level 1:colcon.colcon_core.package_identification:_identify(src/cpp_srvcli) by extension 'ignore'
[0.162s] Level 1:colcon.colcon_core.package_identification:_identify(src/cpp_srvcli) by extension 'ignore_ament_install'
[0.162s] Level 1:colcon.colcon_core.package_identification:_identify(src/cpp_srvcli) by extensions ['colcon_pkg']
[0.162s] Level 1:colcon.colcon_core.package_identification:_identify(src/cpp_srvcli) by extension 'colcon_pkg'
[0.162s] Level 1:colcon.colcon_core.package_identification:_identify(src/cpp_srvcli) by extensions ['colcon_meta']
[0.162s] Level 1:colcon.colcon_core.package_identification:_identify(src/cpp_srvcli) by extension 'colcon_meta'
[0.162s] Level 1:colcon.colcon_core.package_identification:_identify(src/cpp_srvcli) by extensions ['ros']
[0.162s] Level 1:colcon.colcon_core.package_identification:_identify(src/cpp_srvcli) by extension 'ros'
[0.165s] DEBUG:colcon.colcon_core.package_identification:Package 'src/cpp_srvcli' with type 'ros.ament_cmake' and name 'cpp_srvcli'
[0.165s] Level 1:colcon.colcon_core.package_discovery:discover_packages(recursive) using defaults
[0.165s] Level 1:colcon.colcon_core.package_discovery:discover_packages(ignore) discover
[0.165s] Level 1:colcon.colcon_core.package_discovery:discover_packages(ignore) using defaults
[0.165s] Level 1:colcon.colcon_core.package_discovery:discover_packages(path) discover
[0.165s] Level 1:colcon.colcon_core.package_discovery:discover_packages(path) using defaults
[0.184s] Level 5:colcon.colcon_core.verb:set package 'cpp_srvcli' build argument 'cmake_args' from command line to 'None'
[0.184s] Level 5:colcon.colcon_core.verb:set package 'cpp_srvcli' build argument 'cmake_target' from command line to 'None'
[0.184s] Level 5:colcon.colcon_core.verb:set package 'cpp_srvcli' build argument 'cmake_target_skip_unavailable' from command line to 'False'
[0.184s] Level 5:colcon.colcon_core.verb:set package 'cpp_srvcli' build argument 'cmake_clean_cache' from command line to 'False'
[0.184s] Level 5:colcon.colcon_core.verb:set package 'cpp_srvcli' build argument 'cmake_clean_first' from command line to 'False'
[0.184s] Level 5:colcon.colcon_core.verb:set package 'cpp_srvcli' build argument 'cmake_force_configure' from command line to 'False'
[0.184s] Level 5:colcon.colcon_core.verb:set package 'cpp_srvcli' build argument 'ament_cmake_args' from command line to 'None'
[0.184s] Level 5:colcon.colcon_core.verb:set package 'cpp_srvcli' build argument 'catkin_cmake_args' from command line to 'None'
[0.184s] Level 5:colcon.colcon_core.verb:set package 'cpp_srvcli' build argument 'catkin_skip_building_tests' from command line to 'False'
[0.184s] DEBUG:colcon.colcon_core.verb:Building package 'cpp_srvcli' with the following arguments: {'ament_cmake_args': None, 'build_base': '/home/arvid/Documents/ros2/ws/build/cpp_srvcli', 'catkin_cmake_args': None, 'catkin_skip_building_tests': False, 'cmake_args': None, 'cmake_clean_cache': False, 'cmake_clean_first': False, 'cmake_force_configure': False, 'cmake_target': None, 'cmake_target_skip_unavailable': False, 'install_base': '/home/arvid/Documents/ros2/ws/install/cpp_srvcli', 'merge_install': False, 'path': '/home/arvid/Documents/ros2/ws/src/cpp_srvcli', 'symlink_install': False, 'test_result_base': None}
[0.187s] INFO:colcon.colcon_core.executor:Executing jobs using 'parallel' executor
[0.190s] DEBUG:colcon.colcon_parallel_executor.executor.parallel:run_until_complete
[0.190s] INFO:colcon.colcon_ros.task.ament_cmake.build:Building ROS package in '/home/arvid/Documents/ros2/ws/src/cpp_srvcli' with build type 'ament_cmake'
[0.190s] INFO:colcon.colcon_cmake.task.cmake.build:Building CMake package in '/home/arvid/Documents/ros2/ws/src/cpp_srvcli'
[0.194s] INFO:colcon.colcon_core.plugin_system:Skipping extension 'colcon_core.shell.bat': Not used on non-Windows systems
[0.194s] INFO:colcon.colcon_core.shell:Skip shell extension 'powershell' for command environment: Not usable outside of PowerShell
[0.194s] DEBUG:colcon.colcon_core.shell:Skip shell extension 'dsv' for command environment
[0.207s] DEBUG:colcon.colcon_core.event_handler.log_command:Invoking command in '/home/arvid/Documents/ros2/ws/build/cpp_srvcli': CMAKE_PREFIX_PATH=/opt/ros/galactic /usr/bin/cmake --build /home/arvid/Documents/ros2/ws/build/cpp_srvcli -- -j12 -l12
[4.493s] DEBUG:colcon.colcon_core.event_handler.log_command:Invoked command in '/home/arvid/Documents/ros2/ws/build/cpp_srvcli' returned '0': CMAKE_PREFIX_PATH=/opt/ros/galactic /usr/bin/cmake --build /home/arvid/Documents/ros2/ws/build/cpp_srvcli -- -j12 -l12
[4.544s] DEBUG:colcon.colcon_core.event_handler.log_command:Invoking command in '/home/arvid/Documents/ros2/ws/build/cpp_srvcli': CMAKE_PREFIX_PATH=/opt/ros/galactic /usr/bin/cmake --install /home/arvid/Documents/ros2/ws/build/cpp_srvcli
[4.566s] Level 1:colcon.colcon_core.environment:create_environment_scripts_only(cpp_srvcli)
[4.571s] DEBUG:colcon.colcon_core.event_handler.log_command:Invoked command in '/home/arvid/Documents/ros2/ws/build/cpp_srvcli' returned '0': CMAKE_PREFIX_PATH=/opt/ros/galactic /usr/bin/cmake --install /home/arvid/Documents/ros2/ws/build/cpp_srvcli
[4.577s] Level 1:colcon.colcon_core.environment:checking '/home/arvid/Documents/ros2/ws/install/cpp_srvcli' for CMake module files
[4.578s] Level 1:colcon.colcon_core.environment:checking '/home/arvid/Documents/ros2/ws/install/cpp_srvcli' for CMake config files
[4.579s] Level 1:colcon.colcon_core.shell:create_environment_hook('cpp_srvcli', 'cmake_prefix_path')
[4.579s] INFO:colcon.colcon_core.shell:Creating environment hook '/home/arvid/Documents/ros2/ws/install/cpp_srvcli/share/cpp_srvcli/hook/cmake_prefix_path.ps1'
[4.580s] INFO:colcon.colcon_core.shell:Creating environment descriptor '/home/arvid/Documents/ros2/ws/install/cpp_srvcli/share/cpp_srvcli/hook/cmake_prefix_path.dsv'
[4.581s] INFO:colcon.colcon_core.shell:Creating environment hook '/home/arvid/Documents/ros2/ws/install/cpp_srvcli/share/cpp_srvcli/hook/cmake_prefix_path.sh'
[4.582s] Level 1:colcon.colcon_core.environment:checking '/home/arvid/Documents/ros2/ws/install/cpp_srvcli/lib'
[4.582s] Level 1:colcon.colcon_core.environment:checking '/home/arvid/Documents/ros2/ws/install/cpp_srvcli/bin'
[4.582s] Level 1:colcon.colcon_core.environment:checking '/home/arvid/Documents/ros2/ws/install/cpp_srvcli/lib/pkgconfig/cpp_srvcli.pc'
[4.582s] Level 1:colcon.colcon_core.environment:checking '/home/arvid/Documents/ros2/ws/install/cpp_srvcli/lib/python3.8/site-packages'
[4.583s] INFO:colcon.colcon_core.shell:Creating package script '/home/arvid/Documents/ros2/ws/install/cpp_srvcli/share/cpp_srvcli/package.ps1'
[4.584s] INFO:colcon.colcon_core.shell:Creating package descriptor '/home/arvid/Documents/ros2/ws/install/cpp_srvcli/share/cpp_srvcli/package.dsv'
[4.584s] INFO:colcon.colcon_core.shell:Creating package script '/home/arvid/Documents/ros2/ws/install/cpp_srvcli/share/cpp_srvcli/package.sh'
[4.585s] INFO:colcon.colcon_core.shell:Creating package script '/home/arvid/Documents/ros2/ws/install/cpp_srvcli/share/cpp_srvcli/package.bash'
[4.586s] INFO:colcon.colcon_core.shell:Creating package script '/home/arvid/Documents/ros2/ws/install/cpp_srvcli/share/cpp_srvcli/package.zsh'
[4.586s] Level 1:colcon.colcon_core.environment:create_file_with_runtime_dependencies(/home/arvid/Documents/ros2/ws/install/cpp_srvcli/share/colcon-core/packages/cpp_srvcli)
[4.628s] Level 1:colcon.colcon_core.environment:create_environment_scripts_only(cpp_srvcli)
[4.630s] Level 1:colcon.colcon_core.environment:checking '/home/arvid/Documents/ros2/ws/install/cpp_srvcli' for CMake module files
[4.632s] Level 1:colcon.colcon_core.environment:checking '/home/arvid/Documents/ros2/ws/install/cpp_srvcli' for CMake config files
[4.633s] Level 1:colcon.colcon_core.shell:create_environment_hook('cpp_srvcli', 'cmake_prefix_path')
[4.634s] INFO:colcon.colcon_core.shell:Creating environment hook '/home/arvid/Documents/ros2/ws/install/cpp_srvcli/share/cpp_srvcli/hook/cmake_prefix_path.ps1'
[4.634s] INFO:colcon.colcon_core.shell:Creating environment descriptor '/home/arvid/Documents/ros2/ws/install/cpp_srvcli/share/cpp_srvcli/hook/cmake_prefix_path.dsv'
[4.634s] INFO:colcon.colcon_core.shell:Creating environment hook '/home/arvid/Documents/ros2/ws/install/cpp_srvcli/share/cpp_srvcli/hook/cmake_prefix_path.sh'
[4.635s] Level 1:colcon.colcon_core.environment:checking '/home/arvid/Documents/ros2/ws/install/cpp_srvcli/lib'
[4.635s] Level 1:colcon.colcon_core.environment:checking '/home/arvid/Documents/ros2/ws/install/cpp_srvcli/bin'
[4.635s] Level 1:colcon.colcon_core.environment:checking '/home/arvid/Documents/ros2/ws/install/cpp_srvcli/lib/pkgconfig/cpp_srvcli.pc'
[4.635s] Level 1:colcon.colcon_core.environment:checking '/home/arvid/Documents/ros2/ws/install/cpp_srvcli/lib/python3.8/site-packages'
[4.636s] INFO:colcon.colcon_core.shell:Creating package script '/home/arvid/Documents/ros2/ws/install/cpp_srvcli/share/cpp_srvcli/package.ps1'
[4.637s] INFO:colcon.colcon_core.shell:Creating package descriptor '/home/arvid/Documents/ros2/ws/install/cpp_srvcli/share/cpp_srvcli/package.dsv'
[4.637s] INFO:colcon.colcon_core.shell:Creating package script '/home/arvid/Documents/ros2/ws/install/cpp_srvcli/share/cpp_srvcli/package.sh'
[4.638s] INFO:colcon.colcon_core.shell:Creating package script '/home/arvid/Documents/ros2/ws/install/cpp_srvcli/share/cpp_srvcli/package.bash'
[4.638s] INFO:colcon.colcon_core.shell:Creating package script '/home/arvid/Documents/ros2/ws/install/cpp_srvcli/share/cpp_srvcli/package.zsh'
[4.638s] Level 1:colcon.colcon_core.environment:create_file_with_runtime_dependencies(/home/arvid/Documents/ros2/ws/install/cpp_srvcli/share/colcon-core/packages/cpp_srvcli)
[4.639s] DEBUG:colcon.colcon_parallel_executor.executor.parallel:closing loop
[4.639s] DEBUG:colcon.colcon_parallel_executor.executor.parallel:loop closed
[4.639s] DEBUG:colcon.colcon_parallel_executor.executor.parallel:run_until_complete finished with '0'
[4.639s] DEBUG:colcon.colcon_core.event_reactor:joining thread
[4.651s] INFO:colcon.colcon_core.plugin_system:Skipping extension 'colcon_notification.desktop_notification.terminal_notifier': Not used on non-Darwin systems
[4.652s] INFO:colcon.colcon_core.plugin_system:Skipping extension 'colcon_notification.desktop_notification.win32': Not used on non-Windows systems
[4.652s] INFO:colcon.colcon_notification.desktop_notification:Sending desktop notification using 'notify2'
[4.680s] DEBUG:colcon.colcon_core.event_reactor:joined thread
[4.682s] INFO:colcon.colcon_core.shell:Creating prefix script '/home/arvid/Documents/ros2/ws/install/local_setup.ps1'
[4.683s] INFO:colcon.colcon_core.shell:Creating prefix util module '/home/arvid/Documents/ros2/ws/install/_local_setup_util_ps1.py'
[4.686s] INFO:colcon.colcon_core.shell:Creating prefix chain script '/home/arvid/Documents/ros2/ws/install/setup.ps1'
[4.687s] INFO:colcon.colcon_core.shell:Creating prefix script '/home/arvid/Documents/ros2/ws/install/local_setup.sh'
[4.687s] INFO:colcon.colcon_core.shell:Creating prefix util module '/home/arvid/Documents/ros2/ws/install/_local_setup_util_sh.py'
[4.688s] INFO:colcon.colcon_core.shell:Creating prefix chain script '/home/arvid/Documents/ros2/ws/install/setup.sh'
[4.688s] INFO:colcon.colcon_core.shell:Creating prefix script '/home/arvid/Documents/ros2/ws/install/local_setup.bash'
[4.689s] INFO:colcon.colcon_core.shell:Creating prefix chain script '/home/arvid/Documents/ros2/ws/install/setup.bash'
[4.690s] INFO:colcon.colcon_core.shell:Creating prefix script '/home/arvid/Documents/ros2/ws/install/local_setup.zsh'
[4.690s] INFO:colcon.colcon_core.shell:Creating prefix chain script '/home/arvid/Documents/ros2/ws/install/setup.zsh'
