[0.019s] Invoking command in '/home/arvid/Documents/ros2/ws/build/lidar_cpp': CMAKE_PREFIX_PATH=/opt/ros/galactic /usr/bin/cmake /home/arvid/Documents/ros2/ws/src/lidar_cpp -DCMAKE_INSTALL_PREFIX=/home/arvid/Documents/ros2/ws/install/lidar_cpp
[0.091s] -- The C compiler identification is GNU 9.3.0
[0.157s] -- The CXX compiler identification is GNU 9.3.0
[0.164s] -- Check for working C compiler: /usr/bin/cc
[0.249s] -- Check for working C compiler: /usr/bin/cc -- works
[0.252s] -- Detecting C compiler ABI info
[0.358s] -- Detecting C compiler ABI info - done
[0.376s] -- Detecting C compile features
[0.376s] -- Detecting C compile features - done
[0.379s] -- Check for working CXX compiler: /usr/bin/c++
[0.490s] -- Check for working CXX compiler: /usr/bin/c++ -- works
[0.493s] -- Detecting CXX compiler ABI info
[0.613s] -- Detecting CXX compiler ABI info - done
[0.632s] -- Detecting CXX compile features
[0.632s] -- Detecting CXX compile features - done
[0.634s] -- Performing Test COMPILER_SUPPORTS_CXX11
[0.741s] -- Performing Test COMPILER_SUPPORTS_CXX11 - Success
[0.742s] -- Performing Test COMPILER_SUPPORTS_CXX0X
[0.838s] -- Performing Test COMPILER_SUPPORTS_CXX0X - Success
[0.841s] -- Found ament_cmake: 1.1.5 (/opt/ros/galactic/share/ament_cmake/cmake)
[0.875s] -- Found PythonInterp: /usr/bin/python3 (found suitable version "3.8.10", minimum required is "3") 
[0.875s] -- Using PYTHON_EXECUTABLE: /usr/bin/python3
[0.964s] -- Found rclcpp: 9.2.0 (/opt/ros/galactic/share/rclcpp/cmake)
[1.014s] -- Using all available rosidl_typesupport_c: rosidl_typesupport_fastrtps_c;rosidl_typesupport_introspection_c
[1.020s] -- Found rosidl_adapter: 2.2.1 (/opt/ros/galactic/share/rosidl_adapter/cmake)
[1.129s] -- Found OpenSSL: /usr/lib/x86_64-linux-gnu/libcrypto.so (found version "1.1.1f")  
[1.162s] -- Found FastRTPS: /opt/ros/galactic/include  
[1.256s] -- Using all available rosidl_typesupport_cpp: rosidl_typesupport_fastrtps_cpp;rosidl_typesupport_introspection_cpp
[1.324s] -- Found rmw_implementation_cmake: 3.3.1 (/opt/ros/galactic/share/rmw_implementation_cmake/cmake)
[1.326s] -- Found rmw_cyclonedds_cpp: 0.22.4 (/opt/ros/galactic/share/rmw_cyclonedds_cpp/cmake)
[1.348s] -- Using RMW implementation 'rmw_cyclonedds_cpp' as default
[1.349s] -- Looking for pthread.h
[1.439s] -- Looking for pthread.h - found
[1.440s] -- Performing Test CMAKE_HAVE_LIBC_PTHREAD
[1.539s] -- Performing Test CMAKE_HAVE_LIBC_PTHREAD - Failed
[1.539s] -- Looking for pthread_create in pthreads
[1.630s] -- Looking for pthread_create in pthreads - not found
[1.630s] -- Looking for pthread_create in pthread
[1.727s] -- Looking for pthread_create in pthread - found
[1.730s] -- Found Threads: TRUE  
[1.903s] -- Found sensor_msgs: 2.2.4 (/opt/ros/galactic/share/sensor_msgs/cmake)
[2.055s] -- Checking for module 'eigen3'
[2.078s] --   Found eigen3, version 3.3.7
[2.133s] -- Found Eigen: /usr/include/eigen3 (Required is at least version "3.1") 
[2.133s] -- Eigen found (include: /usr/include/eigen3, version: 3.3.7)
[2.185s] -- Found Boost: /usr/include (found suitable version "1.71.0", minimum required is "1.55.0") found components: system filesystem date_time iostreams regex 
[2.202s] -- Checking for module 'flann'
[2.224s] --   Found flann, version 1.9.1
[2.293s] -- Found FLANN: /usr/lib/x86_64-linux-gnu/libflann_cpp.so  
[2.364s] -- The imported target "vtkParseOGLExt" references the file
[2.364s]    "/usr/bin/vtkParseOGLExt-7.1"
[2.364s] but this file does not exist.  Possible reasons include:
[2.365s] * The file was deleted, renamed, or moved to another location.
[2.365s] * An install or uninstall procedure did not complete successfully.
[2.365s] * The installation package was faulty and contained
[2.366s]    "/usr/lib/cmake/vtk-7.1/VTKTargets.cmake"
[2.366s] but not all the files it references.
[2.366s] 
[2.366s] -- The imported target "vtkRenderingPythonTkWidgets" references the file
[2.367s]    "/usr/lib/x86_64-linux-gnu/libvtkRenderingPythonTkWidgets.so"
[2.367s] but this file does not exist.  Possible reasons include:
[2.367s] * The file was deleted, renamed, or moved to another location.
[2.367s] * An install or uninstall procedure did not complete successfully.
[2.368s] * The installation package was faulty and contained
[2.368s]    "/usr/lib/cmake/vtk-7.1/VTKTargets.cmake"
[2.368s] but not all the files it references.
[2.368s] 
[2.368s] -- The imported target "vtk" references the file
[2.369s]    "/usr/bin/vtk"
[2.369s] but this file does not exist.  Possible reasons include:
[2.369s] * The file was deleted, renamed, or moved to another location.
[2.369s] * An install or uninstall procedure did not complete successfully.
[2.370s] * The installation package was faulty and contained
[2.370s]    "/usr/lib/cmake/vtk-7.1/VTKTargets.cmake"
[2.370s] but not all the files it references.
[2.370s] 
[2.370s] -- The imported target "pvtk" references the file
[2.371s]    "/usr/bin/pvtk"
[2.371s] but this file does not exist.  Possible reasons include:
[2.371s] * The file was deleted, renamed, or moved to another location.
[2.371s] * An install or uninstall procedure did not complete successfully.
[2.371s] * The installation package was faulty and contained
[2.371s]    "/usr/lib/cmake/vtk-7.1/VTKTargets.cmake"
[2.371s] but not all the files it references.
[2.371s] 
[2.394s] -- Checking for module 'libusb-1.0'
[2.398s] --   No package 'libusb-1.0' found
[2.404s] -- Could NOT find USB_10 (missing: USB_10_LIBRARY USB_10_INCLUDE_DIR) 
[2.405s] -- OpenNI disabled because libusb-1.0 not found.
[2.405s] ** WARNING ** io features related to openni will be disabled
[2.412s] -- Checking for module 'libusb-1.0'
[2.417s] --   No package 'libusb-1.0' found
[2.422s] -- Could NOT find USB_10 (missing: USB_10_LIBRARY USB_10_INCLUDE_DIR) 
[2.422s] -- OpenNI 2 disabled because libusb-1.0 not found.
[2.423s] ** WARNING ** io features related to openni2 will be disabled
[2.423s] ** WARNING ** io features related to pcap will be disabled
[2.423s] ** WARNING ** io features related to png will be disabled
[2.443s] -- LIBUSB_1_LIBRARY (missing: LIBUSB_1_INCLUDE_DIR) 
[2.443s] ** WARNING ** io features related to libusb-1.0 will be disabled
[2.452s] -- Checking for module 'libusb-1.0'
[2.458s] --   No package 'libusb-1.0' found
[2.462s] -- Could NOT find USB_10 (missing: USB_10_LIBRARY USB_10_INCLUDE_DIR) 
[2.463s] -- OpenNI disabled because libusb-1.0 not found.
[2.463s] ** WARNING ** visualization features related to openni will be disabled
[2.468s] -- Checking for module 'libusb-1.0'
[2.472s] --   No package 'libusb-1.0' found
[2.475s] -- Could NOT find USB_10 (missing: USB_10_LIBRARY USB_10_INCLUDE_DIR) 
[2.476s] -- OpenNI 2 disabled because libusb-1.0 not found.
[2.476s] ** WARNING ** visualization features related to openni2 will be disabled
[2.508s] -- Found Qhull: optimized;/usr/lib/x86_64-linux-gnu/libqhull.so;debug;/usr/lib/x86_64-linux-gnu/libqhull.so  
[2.508s] -- QHULL found (include: /usr/include, lib: optimized;/usr/lib/x86_64-linux-gnu/libqhull.so;debug;/usr/lib/x86_64-linux-gnu/libqhull.so)
[2.514s] -- Checking for module 'libusb-1.0'
[2.519s] --   No package 'libusb-1.0' found
[2.523s] -- Could NOT find USB_10 (missing: USB_10_LIBRARY USB_10_INCLUDE_DIR) 
[2.523s] -- OpenNI disabled because libusb-1.0 not found.
[2.524s] ** WARNING ** apps features related to openni will be disabled
[2.542s] -- looking for PCL_COMMON
[2.543s] -- Found PCL_COMMON: /usr/lib/x86_64-linux-gnu/libpcl_common.so  
[2.543s] -- looking for PCL_KDTREE
[2.544s] -- Found PCL_KDTREE: /usr/lib/x86_64-linux-gnu/libpcl_kdtree.so  
[2.545s] -- looking for PCL_OCTREE
[2.546s] -- Found PCL_OCTREE: /usr/lib/x86_64-linux-gnu/libpcl_octree.so  
[2.546s] -- looking for PCL_SEARCH
[2.547s] -- Found PCL_SEARCH: /usr/lib/x86_64-linux-gnu/libpcl_search.so  
[2.547s] -- looking for PCL_SAMPLE_CONSENSUS
[2.548s] -- Found PCL_SAMPLE_CONSENSUS: /usr/lib/x86_64-linux-gnu/libpcl_sample_consensus.so  
[2.548s] -- looking for PCL_FILTERS
[2.549s] -- Found PCL_FILTERS: /usr/lib/x86_64-linux-gnu/libpcl_filters.so  
[2.550s] -- looking for PCL_2D
[2.550s] -- Found PCL_2D: /usr/include/pcl-1.10  
[2.550s] -- looking for PCL_GEOMETRY
[2.551s] -- Found PCL_GEOMETRY: /usr/include/pcl-1.10  
[2.551s] -- looking for PCL_IO
[2.552s] -- Found PCL_IO: /usr/lib/x86_64-linux-gnu/libpcl_io.so  
[2.552s] -- looking for PCL_FEATURES
[2.553s] -- Found PCL_FEATURES: /usr/lib/x86_64-linux-gnu/libpcl_features.so  
[2.553s] -- looking for PCL_ML
[2.555s] -- Found PCL_ML: /usr/lib/x86_64-linux-gnu/libpcl_ml.so  
[2.555s] -- looking for PCL_SEGMENTATION
[2.556s] -- Found PCL_SEGMENTATION: /usr/lib/x86_64-linux-gnu/libpcl_segmentation.so  
[2.556s] -- looking for PCL_VISUALIZATION
[2.558s] -- Found PCL_VISUALIZATION: /usr/lib/x86_64-linux-gnu/libpcl_visualization.so  
[2.560s] -- looking for PCL_SURFACE
[2.562s] -- Found PCL_SURFACE: /usr/lib/x86_64-linux-gnu/libpcl_surface.so  
[2.562s] -- looking for PCL_REGISTRATION
[2.564s] -- Found PCL_REGISTRATION: /usr/lib/x86_64-linux-gnu/libpcl_registration.so  
[2.564s] -- looking for PCL_KEYPOINTS
[2.566s] -- Found PCL_KEYPOINTS: /usr/lib/x86_64-linux-gnu/libpcl_keypoints.so  
[2.566s] -- looking for PCL_TRACKING
[2.568s] -- Found PCL_TRACKING: /usr/lib/x86_64-linux-gnu/libpcl_tracking.so  
[2.568s] -- looking for PCL_RECOGNITION
[2.569s] -- Found PCL_RECOGNITION: /usr/lib/x86_64-linux-gnu/libpcl_recognition.so  
[2.570s] -- looking for PCL_STEREO
[2.571s] -- Found PCL_STEREO: /usr/lib/x86_64-linux-gnu/libpcl_stereo.so  
[2.572s] -- looking for PCL_APPS
[2.573s] -- Found PCL_APPS: /usr/lib/x86_64-linux-gnu/libpcl_apps.so  
[2.574s] -- looking for PCL_IN_HAND_SCANNER
[2.574s] -- Found PCL_IN_HAND_SCANNER: /usr/include/pcl-1.10  
[2.575s] -- looking for PCL_POINT_CLOUD_EDITOR
[2.575s] -- Found PCL_POINT_CLOUD_EDITOR: /usr/include/pcl-1.10  
[2.575s] -- looking for PCL_OUTOFCORE
[2.576s] -- Found PCL_OUTOFCORE: /usr/lib/x86_64-linux-gnu/libpcl_outofcore.so  
[2.577s] -- looking for PCL_PEOPLE
[2.578s] -- Found PCL_PEOPLE: /usr/lib/x86_64-linux-gnu/libpcl_people.so  
[2.579s] -- Found PCL: pcl_common;pcl_kdtree;pcl_octree;pcl_search;pcl_sample_consensus;pcl_filters;pcl_io;pcl_features;pcl_ml;pcl_segmentation;pcl_visualization;pcl_surface;pcl_registration;pcl_keypoints;pcl_tracking;pcl_recognition;pcl_stereo;pcl_apps;pcl_outofcore;pcl_people;/usr/lib/x86_64-linux-gnu/libboost_system.so;/usr/lib/x86_64-linux-gnu/libboost_filesystem.so;/usr/lib/x86_64-linux-gnu/libboost_date_time.so;/usr/lib/x86_64-linux-gnu/libboost_iostreams.so;/usr/lib/x86_64-linux-gnu/libboost_regex.so;optimized;/usr/lib/x86_64-linux-gnu/libqhull.so;debug;/usr/lib/x86_64-linux-gnu/libqhull.so;vtkChartsCore;vtkCommonColor;vtkCommonCore;vtksys;vtkCommonDataModel;vtkCommonMath;vtkCommonMisc;vtkCommonSystem;vtkCommonTransforms;vtkCommonExecutionModel;vtkFiltersGeneral;vtkCommonComputationalGeometry;vtkFiltersCore;vtkInfovisCore;vtkFiltersExtraction;vtkFiltersStatistics;vtkImagingFourier;vtkImagingCore;vtkalglib;vtkRenderingContext2D;vtkRenderingCore;vtkFiltersGeometry;vtkFiltersSources;vtkRenderingFreeType;/usr/lib/x86_64-linux-gnu/libfreetype.so;/usr/lib/x86_64-linux-gnu/libz.so;vtkFiltersModeling;vtkImagingSources;vtkInteractionStyle;vtkInteractionWidgets;vtkFiltersHybrid;vtkImagingColor;vtkImagingGeneral;vtkImagingHybrid;vtkIOImage;vtkDICOMParser;vtkmetaio;/usr/lib/x86_64-linux-gnu/libjpeg.so;/usr/lib/x86_64-linux-gnu/libpng.so;/usr/lib/x86_64-linux-gnu/libtiff.so;vtkRenderingAnnotation;vtkRenderingVolume;vtkIOXML;vtkIOCore;vtkIOXMLParser;/usr/lib/x86_64-linux-gnu/libexpat.so;vtkIOGeometry;vtkIOLegacy;vtkIOPLY;vtkRenderingLOD;vtkViewsContext2D;vtkViewsCore;vtkRenderingContextOpenGL2;vtkRenderingOpenGL2;FLANN::FLANN  
[2.587s] CMake Error at CMakeLists.txt:37 (target_link_libraries):
[2.588s]   The plain signature for target_link_libraries has already been used with
[2.588s]   the target "lidar".  All uses of target_link_libraries with a target must
[2.588s]   be either all-keyword or all-plain.
[2.589s] 
[2.589s]   The uses of the plain signature are here:
[2.589s] 
[2.589s]    * /opt/ros/galactic/share/ament_cmake_target_dependencies/cmake/ament_target_dependencies.cmake:145 (target_link_libraries)
[2.590s]    * /opt/ros/galactic/share/ament_cmake_target_dependencies/cmake/ament_target_dependencies.cmake:151 (target_link_libraries)
[2.590s] 
[2.590s] 
[2.591s] 
[2.591s] -- Found ament_lint_auto: 0.10.6 (/opt/ros/galactic/share/ament_lint_auto/cmake)
[2.670s] -- Added test 'copyright' to check source files copyright and LICENSE
[2.671s] -- Added test 'cppcheck' to perform static code analysis on C / C++ code
[2.671s] -- Configured cppcheck include dirs: 
[2.671s] -- Configured cppcheck exclude dirs and/or files: 
[2.672s] -- Added test 'cpplint' to check C / C++ code against the Google style
[2.672s] -- Configured cpplint exclude dirs and/or files: 
[2.673s] -- Added test 'lint_cmake' to check CMake code style
[2.673s] -- Added test 'uncrustify' to check C / C++ code style
[2.674s] -- Configured uncrustify additional arguments: 
[2.674s] -- Added test 'xmllint' to check XML markup files
[2.677s] -- Configuring incomplete, errors occurred!
[2.677s] See also "/home/arvid/Documents/ros2/ws/build/lidar_cpp/CMakeFiles/CMakeOutput.log".
[2.678s] See also "/home/arvid/Documents/ros2/ws/build/lidar_cpp/CMakeFiles/CMakeError.log".
[2.687s] Invoked command in '/home/arvid/Documents/ros2/ws/build/lidar_cpp' returned '1': CMAKE_PREFIX_PATH=/opt/ros/galactic /usr/bin/cmake /home/arvid/Documents/ros2/ws/src/lidar_cpp -DCMAKE_INSTALL_PREFIX=/home/arvid/Documents/ros2/ws/install/lidar_cpp
