[0.024s] Invoking command in '/home/arvid/Documents/ros2/ws/build/lidar_cpp': CMAKE_PREFIX_PATH=/opt/ros/galactic /usr/bin/cmake /home/arvid/Documents/ros2/ws/src/lidar_cpp -DCMAKE_INSTALL_PREFIX=/home/arvid/Documents/ros2/ws/install/lidar_cpp
[0.092s] -- The C compiler identification is GNU 9.3.0
[0.158s] -- The CXX compiler identification is GNU 9.3.0
[0.166s] -- Check for working C compiler: /usr/bin/cc
[0.259s] -- Check for working C compiler: /usr/bin/cc -- works
[0.262s] -- Detecting C compiler ABI info
[0.357s] -- Detecting C compiler ABI info - done
[0.376s] -- Detecting C compile features
[0.376s] -- Detecting C compile features - done
[0.378s] -- Check for working CXX compiler: /usr/bin/c++
[0.484s] -- Check for working CXX compiler: /usr/bin/c++ -- works
[0.487s] -- Detecting CXX compiler ABI info
[0.601s] -- Detecting CXX compiler ABI info - done
[0.618s] -- Detecting CXX compile features
[0.619s] -- Detecting CXX compile features - done
[0.621s] -- Found ament_cmake: 1.1.5 (/opt/ros/galactic/share/ament_cmake/cmake)
[0.652s] -- Found PythonInterp: /usr/bin/python3 (found suitable version "3.8.10", minimum required is "3") 
[0.652s] -- Using PYTHON_EXECUTABLE: /usr/bin/python3
[0.742s] -- Found rclcpp: 9.2.0 (/opt/ros/galactic/share/rclcpp/cmake)
[0.805s] -- Using all available rosidl_typesupport_c: rosidl_typesupport_fastrtps_c;rosidl_typesupport_introspection_c
[0.815s] -- Found rosidl_adapter: 2.2.1 (/opt/ros/galactic/share/rosidl_adapter/cmake)
[0.920s] -- Found OpenSSL: /usr/lib/x86_64-linux-gnu/libcrypto.so (found version "1.1.1f")  
[0.958s] -- Found FastRTPS: /opt/ros/galactic/include  
[1.075s] -- Using all available rosidl_typesupport_cpp: rosidl_typesupport_fastrtps_cpp;rosidl_typesupport_introspection_cpp
[1.172s] -- Found rmw_implementation_cmake: 3.3.1 (/opt/ros/galactic/share/rmw_implementation_cmake/cmake)
[1.174s] -- Found rmw_cyclonedds_cpp: 0.22.4 (/opt/ros/galactic/share/rmw_cyclonedds_cpp/cmake)
[1.196s] -- Using RMW implementation 'rmw_cyclonedds_cpp' as default
[1.197s] -- Looking for pthread.h
[1.294s] -- Looking for pthread.h - found
[1.294s] -- Performing Test CMAKE_HAVE_LIBC_PTHREAD
[1.391s] -- Performing Test CMAKE_HAVE_LIBC_PTHREAD - Failed
[1.391s] -- Looking for pthread_create in pthreads
[1.466s] -- Looking for pthread_create in pthreads - not found
[1.466s] -- Looking for pthread_create in pthread
[1.567s] -- Looking for pthread_create in pthread - found
[1.569s] -- Found Threads: TRUE  
[1.771s] CMake Error at CMakeLists.txt:11 (find_package):
[1.771s]   By not providing "Findlibrealsense2.cmake" in CMAKE_MODULE_PATH this
[1.771s]   project has asked CMake to find a package configuration file provided by
[1.772s]   "librealsense2", but CMake did not find one.
[1.772s] 
[1.772s]   Could not find a package configuration file provided by "librealsense2"
[1.772s]   with any of the following names:
[1.773s] 
[1.773s]     librealsense2Config.cmake
[1.773s]     librealsense2-config.cmake
[1.773s] 
[1.774s]   Add the installation prefix of "librealsense2" to CMAKE_PREFIX_PATH or set
[1.774s]   "librealsense2_DIR" to a directory containing one of the above files.  If
[1.774s]   "librealsense2" provides a separate development package or SDK, be sure it
[1.774s]   has been installed.
[1.775s] 
[1.775s] 
[1.775s] -- Configuring incomplete, errors occurred!
[1.775s] See also "/home/arvid/Documents/ros2/ws/build/lidar_cpp/CMakeFiles/CMakeOutput.log".
[1.776s] See also "/home/arvid/Documents/ros2/ws/build/lidar_cpp/CMakeFiles/CMakeError.log".
[1.781s] Invoked command in '/home/arvid/Documents/ros2/ws/build/lidar_cpp' returned '1': CMAKE_PREFIX_PATH=/opt/ros/galactic /usr/bin/cmake /home/arvid/Documents/ros2/ws/src/lidar_cpp -DCMAKE_INSTALL_PREFIX=/home/arvid/Documents/ros2/ws/install/lidar_cpp
